[35myogi[39m [37m[37m[[39m[37minfo[39m[37m][39m[39m  using yogi@0.0.47 on node@0.8.15
[35myogi[39m [37m[37m[[39m[37minfo[39m[37m][39m[39m  using module: gallery-primrose
[35myogi[39m [37m[37m[[39m[37minfo[39m[37m][39m[39m  prepping grover tests
[35myogi[39m [37m[37m[[39m[37minfo[39m[37m][39m[39m  adding tests route
[35myogi[39m [37m[37m[[39m[37minfo[39m[37m][39m[39m  listening on: http://127.0.0.1:5000
[35myogi[39m [37m[37m[[39m[37minfo[39m[37m][39m[39m  turning on coverage support in grover
Starting Grover on 1 files with PhantomJS@1.7.0
  Running 15 concurrent tests at a time.
  Using a 120 second timeout per test.
âœ” [Primrose Test Suite]: Passed: 11 Failed: 0 Total: 11 (ignored 0) (0.16 seconds)
Writing files in JSON format to: /src/gallery-primrose/logs/tests.json
â”â”â”â”â”â”â”â”â”â”â”³â”â”â”â”â”â”â”â”â”â”³â”â”â”â”â”â”â”â”â”³â”â”â”â”â”â”â”â”â”â”â”â”â”â”³â”â”â”â”â”â”â”â”â”“
â”ƒ[34m  path   [39mâ”ƒ[34m  lines  [39mâ”ƒ[34m     %  [39mâ”ƒ[34m  functions  [39mâ”ƒ[34m     %  [39mâ”ƒ
â”£â”â”â”â”â”â”â”â”â”â•‹â”â”â”â”â”â”â”â”â”â•‹â”â”â”â”â”â”â”â”â•‹â”â”â”â”â”â”â”â”â”â”â”â”â”â•‹â”â”â”â”â”â”â”â”â”«
â”ƒ  total  â”ƒ    0/0  â”ƒ  NaN%  â”ƒ        0/0  â”ƒ  NaN%  â”ƒ
â”—â”â”â”â”â”â”â”â”â”â”»â”â”â”â”â”â”â”â”â”â”»â”â”â”â”â”â”â”â”â”»â”â”â”â”â”â”â”â”â”â”â”â”â”â”»â”â”â”â”â”â”â”â”â”›
----------------------------------------------------------------
âœ” [Total]: Passed: 11 Failed: 0 Total: 11 (ignored 0) (0.16 seconds)
  [Grover Execution Timer] 2.116 seconds
[35myogi[39m [37m[37m[[39m[37minfo[39m[37m][39m[39m  [32mgrover tests complete[39m
