[35myogi[0m [37m[[0m[37minfo[0m[37m][0m  using yogi@0.1.11 on node@0.10.15
[35myogi[0m [37m[[0m[37minfo[0m[37m][0m  using module: gallery-rocket
[35myogi[0m [37m[[0m[37minfo[0m[37m][0m  running with shifter
shifter [info] racing to find the closest .shifter.json file
shifter [info] woohoo, found a config here: /src/gallery-rocket/.shifter.json
shifter [info] override config found for lint
shifter [info] override config found for regex
shifter [info] revving up
shifter [info] looking for build.json file
shifter [info] found build.json file, shifting
shifter [info] putting the hammer down, let's build this thing!
shifter [info] munging in loader meta data into build.json
shifter [info] putting the hammer down
shifter [info] shifting into gear for gallery-rocket
shifter [warn] skipping jshint, you better be linting your stuff with something!
shifter [info] shifting into gear for gallery-rocket-controller
shifter [warn] skipping jshint, you better be linting your stuff with something!
shifter [info] shifting into gear for gallery-rocket-model
shifter [warn] skipping jshint, you better be linting your stuff with something!
shifter [info] shifting into gear for gallery-rocket-view
shifter [warn] skipping jshint, you better be linting your stuff with something!
shifter [info] shifting into gear for gallery-rocket-layout
shifter [warn] skipping jshint, you better be linting your stuff with something!
shifter [info] shifting into gear for gallery-rocket-list-view
shifter [warn] skipping jshint, you better be linting your stuff with something!
shifter [info] shifting into gear for gallery-rocket-child-view-container
shifter [warn] skipping jshint, you better be linting your stuff with something!
shifter [info] shifting into gear for gallery-rocket-region
shifter [warn] skipping jshint, you better be linting your stuff with something!
shifter [info] shifting into gear for gallery-rocket-region-manager
shifter [warn] skipping jshint, you better be linting your stuff with something!
shifter [info] shifting into gear for gallery-rocket-event-broker
shifter [warn] skipping jshint, you better be linting your stuff with something!
shifter [info] shifting into gear for gallery-rocket-util
shifter [warn] skipping jshint, you better be linting your stuff with something!
shifter [queu] file has changed, continuing build
shifter [queu] file has changed, continuing build
shifter [queu] file has changed, continuing build
shifter [queu] file has changed, continuing build
shifter [queu] file has changed, continuing build
shifter [queu] file has changed, continuing build
shifter [queu] file has changed, continuing build
shifter [queu] file has changed, continuing build
shifter [queu] file has changed, continuing build
shifter [queu] file has changed, continuing build
shifter [queu] file has changed, continuing build
shifter [queu] writing RAW file
shifter [queu] writing RAW file
shifter [queu] writing RAW file
shifter [queu] writing RAW file
shifter [queu] writing RAW file
shifter [queu] writing RAW file
shifter [queu] writing RAW file
shifter [queu] writing RAW file
shifter [queu] writing RAW file
shifter [queu] writing RAW file
shifter [queu] writing RAW file
shifter [queu] compressing gallery-rocket/gallery-rocket.js with UglifyJS
shifter [queu] writing -min file
shifter [queu] compressing gallery-rocket-model/gallery-rocket-model.js with UglifyJS
shifter [queu] writing -min file
shifter [queu] compressing gallery-rocket-layout/gallery-rocket-layout.js with UglifyJS
shifter [queu] writing -min file
shifter [queu] compressing gallery-rocket-controller/gallery-rocket-controller.js with UglifyJS
shifter [queu] writing -min file
shifter [queu] compressing gallery-rocket-view/gallery-rocket-view.js with UglifyJS
shifter [queu] writing -min file
shifter [queu] compressing gallery-rocket-list-view/gallery-rocket-list-view.js with UglifyJS
shifter [queu] writing -min file
shifter [queu] compressing gallery-rocket-region/gallery-rocket-region.js with UglifyJS
shifter [queu] writing -min file
shifter [queu] compressing gallery-rocket-child-view-container/gallery-rocket-child-view-container.js with UglifyJS
shifter [queu] writing -min file
shifter [queu] compressing gallery-rocket-region-manager/gallery-rocket-region-manager.js with UglifyJS
shifter [queu] writing -min file
shifter [queu] compressing gallery-rocket-event-broker/gallery-rocket-event-broker.js with UglifyJS
shifter [queu] writing -min file
shifter [queu] compressing gallery-rocket-util/gallery-rocket-util.js with UglifyJS
shifter [queu] writing -min file
shifter [info] shifting for coverage
shifter [info] shifting for coverage
shifter [info] shifting for coverage
shifter [info] shifting for coverage
shifter [info] shifting for coverage
shifter [info] shifting for coverage
shifter [info] shifting for coverage
shifter [info] shifting for coverage
shifter [info] shifting for coverage
shifter [info] shifting for coverage
shifter [info] shifting for coverage
shifter [queu] coverage file read, starting coverage for: gallery-rocket-model/gallery-rocket-model.js
shifter [info] istanbul providing coverage
shifter [queu] instrumenting with istanbul
shifter [queu] writing coverage file to gallery-rocket-model/gallery-rocket-model-coverage.js
shifter [queu] coverage file read, starting coverage for: gallery-rocket-view/gallery-rocket-view.js
shifter [info] istanbul providing coverage
shifter [queu] instrumenting with istanbul
shifter [queu] writing coverage file to gallery-rocket-view/gallery-rocket-view-coverage.js
shifter [queu] coverage file read, starting coverage for: gallery-rocket-controller/gallery-rocket-controller.js
shifter [info] istanbul providing coverage
shifter [queu] instrumenting with istanbul
shifter [queu] writing coverage file to gallery-rocket-controller/gallery-rocket-controller-coverage.js
shifter [queu] coverage file read, starting coverage for: gallery-rocket/gallery-rocket.js
shifter [info] istanbul providing coverage
shifter [queu] instrumenting with istanbul
shifter [queu] writing coverage file to gallery-rocket/gallery-rocket-coverage.js
shifter [queu] coverage file read, starting coverage for: gallery-rocket-layout/gallery-rocket-layout.js
shifter [info] istanbul providing coverage
shifter [queu] instrumenting with istanbul
shifter [queu] writing coverage file to gallery-rocket-layout/gallery-rocket-layout-coverage.js
shifter [queu] coverage file read, starting coverage for: gallery-rocket-list-view/gallery-rocket-list-view.js
shifter [info] istanbul providing coverage
shifter [queu] instrumenting with istanbul
shifter [queu] writing coverage file to gallery-rocket-list-view/gallery-rocket-list-view-coverage.js
shifter [queu] coverage file read, starting coverage for: gallery-rocket-region/gallery-rocket-region.js
shifter [info] istanbul providing coverage
shifter [queu] instrumenting with istanbul
shifter [queu] writing coverage file to gallery-rocket-region/gallery-rocket-region-coverage.js
shifter [queu] coverage file read, starting coverage for: gallery-rocket-child-view-container/gallery-rocket-child-view-container.js
shifter [info] istanbul providing coverage
shifter [queu] instrumenting with istanbul
shifter [queu] writing coverage file to gallery-rocket-child-view-container/gallery-rocket-child-view-container-coverage.js
shifter [queu] coverage file read, starting coverage for: gallery-rocket-region-manager/gallery-rocket-region-manager.js
shifter [info] istanbul providing coverage
shifter [queu] instrumenting with istanbul
shifter [queu] writing coverage file to gallery-rocket-region-manager/gallery-rocket-region-manager-coverage.js
shifter [queu] coverage file read, starting coverage for: gallery-rocket-event-broker/gallery-rocket-event-broker.js
shifter [info] istanbul providing coverage
shifter [queu] instrumenting with istanbul
shifter [queu] writing coverage file to gallery-rocket-event-broker/gallery-rocket-event-broker-coverage.js
shifter [queu] coverage file read, starting coverage for: gallery-rocket-util/gallery-rocket-util.js
shifter [info] istanbul providing coverage
shifter [queu] instrumenting with istanbul
shifter [queu] writing coverage file to gallery-rocket-util/gallery-rocket-util-coverage.js
shifter [info] done racing, the gears are toast
shifter [info] finished in 0.492 seconds, pretty fast huh?
[35myogi[0m [37m[[0m[37minfo[0m[37m][0m  build complete
[35myogi[0m [37m[[0m[37minfo[0m[37m][0m  testing module now
[35myogi[0m [37m[[0m[37minfo[0m[37m][0m  prepping grover tests
[35myogi[0m [37m[[0m[37minfo[0m[37m][0m  adding tests route
[35myogi[0m [37m[[0m[37minfo[0m[37m][0m  launching xdr server on port 5003
[35myogi[0m [37m[[0m[37minfo[0m[37m][0m  listening on: http://127.0.0.1:5002
[35myogi[0m [37m[[0m[37minfo[0m[37m][0m  turning on coverage support in grover
Starting Grover on 1 files with PhantomJS@1.9.0
  Running 15 concurrent tests at a time.
  Using a 120 second timeout per test.
✖ [gallery-rocket]: Passed: 0 Failed: 5 Total: 5 (ignored 0) (0.448 seconds)
    all the modules exist
       Value should not be undefined.
       Unexpected: undefined (undefined) 
    if no container, render template under body
       Unexpected error: 'undefined' is not a constructor (evaluating 'new Y.RView({
               template: 'Hello rocket'
             })')
    if container exist, render template under container, also render with attribute
       Unexpected error: 'undefined' is not a constructor (evaluating 'new Y.RView({
               template: 'Hello {{city}}',
               city: 'shanghai',
               container: '#container'
             })')
    render view with model
       Unexpected error: 'undefined' is not a constructor (evaluating 'new Y.RModel({
               action: 'Hello',
               target: 'rocket'
             })')
    render view with modelList
       Unexpected error: 'undefined' is not a constructor (evaluating 'new Y.ModelList')
Writing files in JSON format to: /src/gallery-rocket/logs/tests.json
[35myogi[0m [37m[[0m[31mbail[0m[37m][0m grover returned a failure
