[35mshifter[0m [31m[err][0m /src/gallery-treeble/js/Treeble.js contains 187 lint errors
   #1: [33mTrailing whitespace.[0m
       *[37m // line 16, pos 3[0m
   #2: [33mTrailing whitespace.[0m
       *[37m // line 21, pos 3[0m
   #3: [33mTrailing whitespace.[0m
       *[37m // line 40, pos 7[0m
   #4: [33mTrailing whitespace.[0m
       *[37m // line 45, pos 7[0m
   #5: [33mTrailing whitespace.[0m
       *[37m // line 86, pos 7[0m
   #6: [33mTrailing whitespace.[0m
       *[37m // line 100, pos 7[0m
   #7: [33mTrailing whitespace.[0m
       *[37m // line 117, pos 7[0m
   #8: [33mToo many var statements.[0m
       var startIndex    = req.start;[37m // line 158, pos 9[0m
   #9: [33mToo many var statements.[0m
       var childNodesKey = req.ds.treeble_config.childNodesKey;[37m // line 159, pos 9[0m
   #10: [33mToo many var statements.[0m
       var nodeOpenKey   = req.ds.treeble_config.nodeOpenKey;[37m // line 160, pos 9[0m
   #11: [33mToo many var statements.[0m
       for (var j=0; j<open.length; j++)[37m // line 162, pos 14[0m
   #12: [33mToo many var statements.[0m
       var uniqueIdKey = this.get('uniqueIdKey');[37m // line 170, pos 9[0m
   #13: [33mPossible strict violation.[0m
       var uniqueIdKey = this.get('uniqueIdKey');[37m // line 170, pos 23[0m
   #14: [33mToo many var statements.[0m
       var result = true;[37m // line 172, pos 9[0m
   #15: [33mToo many var statements.[0m
       for (var k=0; k<data.length; k++)[37m // line 173, pos 14[0m
   #16: [33mToo many var statements.[0m
       var i = startIndex + k;[37m // line 175, pos 13[0m
   #17: [33mToo many var statements.[0m
       var ds = data[k][ childNodesKey ];[37m // line 176, pos 13[0m
   #18: [33mPossible strict violation.[0m
       delete this._open_cache[ data[k][ uniqueIdKey ] ];[37m // line 189, pos 24[0m
   #19: [33mToo many var statements.[0m
       var item =[37m // line 195, pos 17[0m
   #20: [33mToo many var statements.[0m
       var cached_item = null;[37m // line 205, pos 17[0m
   #21: [33mPossible strict violation.[0m
       cached_item = this._open_cache[ data[k][ uniqueIdKey ] ];[37m // line 208, pos 31[0m
   #22: [33mPossible strict violation.[0m
       this._redo      = this._redo || item.open;[37m // line 213, pos 21[0m
   #23: [33mPossible strict violation.[0m
       this._redo      = this._redo || item.open;[37m // line 213, pos 39[0m
   #24: [33mPossible strict violation.[0m
       this._open_cache[ data[k][ uniqueIdKey ] ] = item;[37m // line 216, pos 17[0m
   #25: [33mPossible strict violation.[0m
       this._toggle.push(req.path.concat(i));[37m // line 221, pos 17[0m
   #26: [33mExpected '===' and instead saw '=='.[0m
       if (list[i].index == nodeIndex)[37m // line 240, pos 27[0m
   #27: [33mPossible strict violation.[0m
       var open = this._open;[37m // line 252, pos 16[0m
   #28: [33mToo many var statements.[0m
       var last = path.length-1;[37m // line 253, pos 9[0m
   #29: [33mToo many var statements.[0m
       for (var i=0; i<last; i++)[37m // line 254, pos 14[0m
   #30: [33mToo many var statements.[0m
       var node = searchOpen(open, path[i]);[37m // line 256, pos 13[0m
   #31: [33mPossible strict violation.[0m
       open  = this._open;[37m // line 272, pos 17[0m
   #32: [33mPossible strict violation.[0m
       total = this._topNodeTotal;[37m // line 273, pos 17[0m
   #33: [33mPossible strict violation.[0m
       if (this.get('paginateChildren'))[37m // line 276, pos 9[0m
   #34: [33mToo many var statements.[0m
       for (var i=0; i<open.length; i++)[37m // line 278, pos 18[0m
   #35: [33mToo many var statements.[0m
       var node = open[i];[37m // line 280, pos 17[0m
   #36: [33mPossible strict violation.[0m
       total += countVisibleNodes.call(this, node.children);[37m // line 284, pos 49[0m
   #37: [33mPossible strict violation.[0m
       var save_toggle = this._toggle.slice(0);[37m // line 296, pos 27[0m
   #38: [33mPossible strict violation.[0m
       this._cancelAllRequests();[37m // line 299, pos 5[0m
   #39: [33mPossible strict violation.[0m
       this._toggle = save_toggle;[37m // line 303, pos 9[0m
   #40: [33m'save_toggle' used out of scope.[0m
       this._toggle = save_toggle;[37m // line 303, pos 24[0m
   #41: [33mPossible strict violation.[0m
       this._redo                = false;[37m // line 306, pos 5[0m
   #42: [33mPossible strict violation.[0m
       this._generating_requests = true;[37m // line 307, pos 5[0m
   #43: [33mToo many var statements.[0m
       var req = this._callback.request;[37m // line 309, pos 9[0m
   #44: [33mPossible strict violation.[0m
       var req = this._callback.request;[37m // line 309, pos 15[0m
   #45: [33mPossible strict violation.[0m
       if (this.get('paginateChildren'))[37m // line 310, pos 9[0m
   #46: [33mPossible strict violation.[0m
       this._slices = getVisibleSlicesPgAll(req.startIndex, req.resultCount,[37m // line 312, pos 9[0m
   #47: [33mMixed spaces and tabs.[0m
       this.get('root'), this._open);[37m // line 313, pos 11[0m
   #48: [33mPossible strict violation.[0m
       this.get('root'), this._open);[37m // line 313, pos 46[0m
   #49: [33mPossible strict violation.[0m
       this.get('root'), this._open);[37m // line 313, pos 64[0m
   #50: [33mPossible strict violation.[0m
       this._slices = getVisibleSlicesPgTop(req.startIndex, req.resultCount,[37m // line 317, pos 9[0m
   #51: [33mMixed spaces and tabs.[0m
       this.get('root'), this._open);[37m // line 318, pos 11[0m
   #52: [33mPossible strict violation.[0m
       this.get('root'), this._open);[37m // line 318, pos 46[0m
   #53: [33mPossible strict violation.[0m
       this.get('root'), this._open);[37m // line 318, pos 64[0m
   #54: [33mPossible strict violation.[0m
       requestSlices.call(this, req);[37m // line 321, pos 24[0m
   #55: [33mPossible strict violation.[0m
       this._generating_requests = false;[37m // line 323, pos 5[0m
   #56: [33mPossible strict violation.[0m
       checkFinished.call(this);[37m // line 324, pos 24[0m
   #57: [33mToo many var statements.[0m
       var m = 0, prev = -1, presend = false;[37m // line 353, pos 9[0m
   #58: [33mToo many var statements.[0m
       for (var i=0; i<open.length; i++)[37m // line 354, pos 14[0m
   #59: [33mToo many var statements.[0m
       var node = open[i];[37m // line 356, pos 13[0m
   #60: [33mToo many var statements.[0m
       var delta = node.index - prev;[37m // line 362, pos 13[0m
   #61: [33mExpected '===' and instead saw '=='.[0m
       node.index == -1)[37m // line 365, pos 24[0m
   #62: [33mExpected '===' and instead saw '=='.[0m
       if (m + delta == skip + show && node.childTotal > 0)[37m // line 375, pos 27[0m
   #63: [33mMixed spaces and tabs.[0m
       node.children, path.concat(node.index)));[37m // line 379, pos 10[0m
   #64: [33mExpected '===' and instead saw '=='.[0m
       else if (!send && m + delta == skip)[37m // line 384, pos 37[0m
   #65: [33mMixed spaces and tabs.[0m
       node.children, path.concat(node.index)));[37m // line 406, pos 9[0m
   #66: [33mToo many var statements.[0m
       var n = 0, m = 0, prev = -1;[37m // line 447, pos 9[0m
   #67: [33mToo many var statements.[0m
       for (var i=0; i<open.length; i++)[37m // line 448, pos 14[0m
   #68: [33mToo many var statements.[0m
       var node = open[i];[37m // line 450, pos 13[0m
   #69: [33mToo many var statements.[0m
       var delta = node.index - prev;[37m // line 456, pos 13[0m
   #70: [33mExpected '===' and instead saw '=='.[0m
       node.index == -1)[37m // line 463, pos 24[0m
   #71: [33mExpected '===' and instead saw '=='.[0m
       else if (!send && pre + n + delta == skip)[37m // line 475, pos 43[0m
   #72: [33mToo many var statements.[0m
       var info = getVisibleSlicesPgAll(skip, show, rootDS, node.children,[37m // line 496, pos 17[0m
   #73: [33mMixed spaces and tabs.[0m
       path.concat(node.index),[37m // line 497, pos 11[0m
   #74: [33mMixed spaces and tabs.[0m
       node, pre+n, send, slices);[37m // line 498, pos 11[0m
   #75: [33mToo many var statements.[0m
       var info =[37m // line 515, pos 9[0m
   #76: [33m'info' is already defined.[0m
       var info =[37m // line 515, pos 14[0m
   #77: [33mPossible strict violation.[0m
       for (var i=0; i<this._slices.length; i++)[37m // line 526, pos 21[0m
   #78: [33mToo many var statements.[0m
       var slice = this._slices[i];[37m // line 528, pos 13[0m
   #79: [33mPossible strict violation.[0m
       var slice = this._slices[i];[37m // line 528, pos 21[0m
   #80: [33mToo many var statements.[0m
       var ds    = slice.ds;[37m // line 529, pos 13[0m
   #81: [33mToo many var statements.[0m
       var req   = findRequest.call(this, ds);[37m // line 530, pos 13[0m
   #82: [33mPossible strict violation.[0m
       var req   = findRequest.call(this, ds);[37m // line 530, pos 38[0m
   #83: [33mExpected '!==' and instead saw '!='.[0m
       if (req.path.length != slice.path.length)[37m // line 540, pos 37[0m
   #84: [33mToo many var statements.[0m
       for (var j=0; j<slice.path.length; j++)[37m // line 546, pos 30[0m
   #85: [33mExpected '!==' and instead saw '!='.[0m
       if (req.path[j] != slice.path[j])[37m // line 548, pos 41[0m
   #86: [33mPossible strict violation.[0m
       this._req.push([37m // line 561, pos 13[0m
   #87: [33mToo many var statements.[0m
       for (var i=0; i<this._req.length; i++)[37m // line 572, pos 14[0m
   #88: [33m'i' is already defined.[0m
       for (var i=0; i<this._req.length; i++)[37m // line 572, pos 15[0m
   #89: [33mPossible strict violation.[0m
       for (var i=0; i<this._req.length; i++)[37m // line 572, pos 21[0m
   #90: [33mToo many var statements.[0m
       var req             = this._req[i];[37m // line 574, pos 13[0m
   #91: [33m'req' is already defined.[0m
       var req             = this._req[i];[37m // line 574, pos 29[0m
   #92: [33mPossible strict violation.[0m
       var req             = this._req[i];[37m // line 574, pos 31[0m
   #93: [33mPossible strict violation.[0m
       success: Y.rbind(treeSuccess, this, i),[37m // line 584, pos 47[0m
   #94: [33mPossible strict violation.[0m
       failure: Y.rbind(treeFailure, this, i)[37m // line 585, pos 47[0m
   #95: [33mPossible strict violation.[0m
       for (var i=0; i<this._req.length; i++)[37m // line 594, pos 21[0m
   #96: [33mToo many var statements.[0m
       var req = this._req[i];[37m // line 596, pos 13[0m
   #97: [33mPossible strict violation.[0m
       var req = this._req[i];[37m // line 596, pos 19[0m
   #98: [33mExpected '===' and instead saw '=='.[0m
       if (ds == req.ds)[37m // line 597, pos 16[0m
   #99: [33mPossible strict violation.[0m
       treeFailure.apply(this, arguments);[37m // line 611, pos 27[0m
   #100: [33mPossible strict violation.[0m
       var req = searchTxId(this._req, e.tId, reqIndex);[37m // line 615, pos 26[0m
   #101: [33mPossible strict violation.[0m
       if (!this._topResponse && req.ds == this.get('root'))[37m // line 621, pos 10[0m
   #102: [33mPossible strict violation.[0m
       if (!this._topResponse && req.ds == this.get('root'))[37m // line 621, pos 41[0m
   #103: [33mExpected '===' and instead saw '=='.[0m
       if (!this._topResponse && req.ds == this.get('root'))[37m // line 621, pos 38[0m
   #104: [33mPossible strict violation.[0m
       this._topResponse = e.response;[37m // line 623, pos 9[0m
   #105: [33mToo many var statements.[0m
       var dataStartIndex = 0;[37m // line 630, pos 9[0m
   #106: [33meval is evil.[0m
       eval('dataStartIndex=req.resp'+req.ds.treeble_config.startIndexExpr);[37m // line 633, pos 9[0m
   #107: [33mToo many var statements.[0m
       var sliceStartIndex = req.start - dataStartIndex;[37m // line 636, pos 9[0m
   #108: [33mToo many var statements.[0m
       var parent = (req.path.length > 0 ? getNode.call(this, req.path) : null);[37m // line 640, pos 9[0m
   #109: [33mPossible strict violation.[0m
       var parent = (req.path.length > 0 ? getNode.call(this, req.path) : null);[37m // line 640, pos 54[0m
   #110: [33mToo many var statements.[0m
       var open   = (parent !== null ? parent.children : this._open);[37m // line 641, pos 9[0m
   #111: [33mPossible strict violation.[0m
       var open   = (parent !== null ? parent.children : this._open);[37m // line 641, pos 55[0m
   #112: [33mPossible strict violation.[0m
       if (!populateOpen.call(this, parent, open, req))[37m // line 642, pos 28[0m
   #113: [33mPossible strict violation.[0m
       treeFailure.apply(this, arguments);[37m // line 644, pos 27[0m
   #114: [33meval is evil.[0m
       eval('this._topNodeTotal=e.response'+req.ds.treeble_config.totalRecordsExpr);[37m // line 650, pos 9[0m
   #115: [33mPossible strict violation.[0m
       this._topNodeTotal = e.response.results.length;[37m // line 654, pos 9[0m
   #116: [33mPossible strict violation.[0m
       checkFinished.call(this);[37m // line 657, pos 24[0m
   #117: [33mPossible strict violation.[0m
       var req = searchTxId(this._req, e.tId, reqIndex);[37m // line 662, pos 26[0m
   #118: [33mPossible strict violation.[0m
       this._cancelAllRequests();[37m // line 668, pos 5[0m
   #119: [33mPossible strict violation.[0m
       this._callback.error    = e.error;[37m // line 670, pos 5[0m
   #120: [33mPossible strict violation.[0m
       this._callback.response = e.response;[37m // line 671, pos 5[0m
   #121: [33mPossible strict violation.[0m
       this.fire('response', this._callback);[37m // line 672, pos 5[0m
   #122: [33mPossible strict violation.[0m
       this.fire('response', this._callback);[37m // line 672, pos 27[0m
   #123: [33mToo many var statements.[0m
       for (var i=0; i<list.length; i++)[37m // line 682, pos 14[0m
   #124: [33mPossible strict violation.[0m
       if (this._generating_requests)[37m // line 716, pos 9[0m
   #125: [33mPossible strict violation.[0m
       var count = this._req.length;[37m // line 721, pos 17[0m
   #126: [33mToo many var statements.[0m
       for (var i=0; i<count; i++)[37m // line 722, pos 14[0m
   #127: [33mPossible strict violation.[0m
       if (!this._req[i].resp)[37m // line 724, pos 14[0m
   #128: [33mPossible strict violation.[0m
       if (this._redo)[37m // line 730, pos 9[0m
   #129: [33mPossible strict violation.[0m
       Y.Lang.later(0, this, requestTree);[37m // line 732, pos 25[0m
   #130: [33mPossible strict violation.[0m
       else if (this._toggle.length > 0)[37m // line 735, pos 14[0m
   #131: [33mToo many var statements.[0m
       var t = this._toggle.shift();[37m // line 737, pos 13[0m
   #132: [33mPossible strict violation.[0m
       var t = this._toggle.shift();[37m // line 737, pos 17[0m
   #133: [33mPossible strict violation.[0m
       this.toggle(t, Y.clone(this._callback.request, true),[37m // line 738, pos 9[0m
   #134: [33mPossible strict violation.[0m
       this.toggle(t, Y.clone(this._callback.request, true),[37m // line 738, pos 32[0m
   #135: [33mPossible strict violation.[0m
       scope: this[37m // line 744, pos 20[0m
   #136: [33mToo many var statements.[0m
       var response = { meta:{} };[37m // line 749, pos 9[0m
   #137: [33mPossible strict violation.[0m
       Y.mix(response, this._topResponse, true);[37m // line 750, pos 21[0m
   #138: [33mPossible strict violation.[0m
       count = this._slices.length;[37m // line 754, pos 13[0m
   #139: [33mToo many var statements.[0m
       var slice = this._slices[i];[37m // line 757, pos 13[0m
   #140: [33mPossible strict violation.[0m
       var slice = this._slices[i];[37m // line 757, pos 21[0m
   #141: [33mToo many var statements.[0m
       var req   = findRequest.call(this, slice.ds);[37m // line 758, pos 13[0m
   #142: [33mPossible strict violation.[0m
       var req   = findRequest.call(this, slice.ds);[37m // line 758, pos 38[0m
   #143: [33mToo many var statements.[0m
       var j    = slice.start - req.start;[37m // line 765, pos 13[0m
   #144: [33mToo many var statements.[0m
       var data = req.data.slice(j, j + slice.end - slice.start + 1);[37m // line 766, pos 13[0m
   #145: [33mToo many var statements.[0m
       var rootDS = this.get('root');[37m // line 771, pos 9[0m
   #146: [33mPossible strict violation.[0m
       var rootDS = this.get('root');[37m // line 771, pos 18[0m
   #147: [33mPossible strict violation.[0m
       eval('response'+rootDS.treeble_config.totalRecordsExpr+'='+countVisibleNodes.call(this));[37m // line 774, pos 91[0m
   #148: [33meval is evil.[0m
       eval('response'+rootDS.treeble_config.totalRecordsExpr+'='+countVisibleNodes.call(this));[37m // line 774, pos 9[0m
   #149: [33mPossible strict violation.[0m
       eval('response'+rootDS.treeble_config.totalRecordsReturnExpr+'='+countVisibleNodes.call(this));[37m // line 778, pos 97[0m
   #150: [33meval is evil.[0m
       eval('response'+rootDS.treeble_config.totalRecordsReturnExpr+'='+countVisibleNodes.call(this));[37m // line 778, pos 9[0m
   #151: [33mPossible strict violation.[0m
       this._callback.response = response;[37m // line 781, pos 5[0m
   #152: [33mPossible strict violation.[0m
       this.fire('response', this._callback);[37m // line 782, pos 5[0m
   #153: [33mPossible strict violation.[0m
       this.fire('response', this._callback);[37m // line 782, pos 27[0m
   #154: [33meval is evil.[0m
       eval('node.childTotal=e.response'+node.ds.treeble_config.totalRecordsExpr);[37m // line 789, pos 9[0m
   #155: [33mPossible strict violation.[0m
       this.fire('toggled',[37m // line 800, pos 5[0m
   #156: [33mPossible strict violation.[0m
       this.fire('toggled',[37m // line 815, pos 5[0m
   #157: [33mExpected '!==' and instead saw '!='.[0m
       if (k1.length != k2.length)[37m // line 839, pos 19[0m
   #158: [33mToo many var statements.[0m
       for (var i=0; i<k1.length; i++)[37m // line 844, pos 14[0m
   #159: [33mToo many var statements.[0m
       var k = k1[i];[37m // line 846, pos 13[0m
   #160: [33mExpected '!==' and instead saw '!='.[0m
       if (k != 'startIndex' && k != 'resultCount' && r1[k] !== r2[k])[37m // line 847, pos 15[0m
   #161: [33mExpected '!==' and instead saw '!='.[0m
       if (k != 'startIndex' && k != 'resultCount' && r1[k] !== r2[k])[37m // line 847, pos 36[0m
   #162: [33mToo many var statements.[0m
       for (var i=0; i<fields.length; i++)[37m // line 873, pos 22[0m
   #163: [33mExpected '===' and instead saw '=='.[0m
       if (Y.Lang.isObject(fields[i]) && fields[i].parser == 'treebledatasource')[37m // line 875, pos 68[0m
   #164: [33mLine too long.[0m
       Y.error('TreebleDataSource requires either treeble_config.totalRecordsExpr or treeble_config.totalRecordsReturnExpr configuration to be set on root DataSource');[37m // line 895, pos 173[0m
   #165: [33mToo many var statements.[0m
       for (var i=0; i<path.length; i++)[37m // line 912, pos 18[0m
   #166: [33mToo many var statements.[0m
       var node = searchOpen.call(this, list, path[i]);[37m // line 914, pos 17[0m
   #167: [33mTrailing whitespace.[0m
       *[37m // line 930, pos 7[0m
   #168: [33mToo many var statements.[0m
       for (var i=0; i<path.length; i++)[37m // line 940, pos 18[0m
   #169: [33mToo many var statements.[0m
       var node = searchOpen.call(this, list, path[i]);[37m // line 942, pos 17[0m
   #170: [33m'node' used out of scope.[0m
       if (node.open === null)[37m // line 950, pos 13[0m
   #171: [33m'node' used out of scope.[0m
       node.ds.sendRequest([37m // line 954, pos 13[0m
   #172: [33m'node' used out of scope.[0m
       request: node.ds.treeble_config.generateRequest(request, path),[37m // line 956, pos 26[0m
   #173: [33m'node' used out of scope.[0m
       cfg:     node.ds.treeble_config.requestCfg,[37m // line 957, pos 26[0m
   #174: [33m'node' used out of scope.[0m
       success: Y.rbind(toggleSuccess, this, node, completion, path),[37m // line 960, pos 59[0m
   #175: [33m'node' used out of scope.[0m
       failure: Y.rbind(toggleFailure, this, node, completion, path)[37m // line 961, pos 59[0m
   #176: [33m'node' used out of scope.[0m
       node.open = !node.open;[37m // line 967, pos 13[0m
   #177: [33m'node' used out of scope.[0m
       node.open = !node.open;[37m // line 967, pos 26[0m
   #178: [33m'node' used out of scope.[0m
       open: node.open[37m // line 973, pos 23[0m
   #179: [33mEmpty block.[0m
       else if (Y.Lang.isString(oData))[37m // line 1032, pos 5[0m
   #180: [33mToo many var statements.[0m
       var src            = oData.dataType ? oData.liveData : oData;[37m // line 1045, pos 9[0m
   #181: [33mToo many var statements.[0m
       var treeble_config = this.get('host').treeble_config;[37m // line 1046, pos 9[0m
   #182: [33mExpected '===' and instead saw '=='.[0m
       if (type == 'Local')[37m // line 1047, pos 14[0m
   #183: [33mExpected '===' and instead saw '=='.[0m
       else if (type == 'Function')[37m // line 1053, pos 19[0m
   #184: [33mToo many var statements.[0m
       var ds            = new Y.DataSource[ type ]({ source: src });[37m // line 1058, pos 9[0m
   #185: [33mToo many var statements.[0m
       var key = ds.get('root').treeble_config.childNodesKey;[37m // line 1109, pos 13[0m
   #186: [33mToo many var statements.[0m
       var path = o.data._yui_node_path;[37m // line 1113, pos 17[0m
   #187: [33m'save_toggle' is defined but never used.[0m
       var save_toggle = this._toggle.slice(0);[37m // line 296, pos 24[0m
[35mshifter[0m [31m[err][0m /assets/skins/sam/gallery-treeble-skin.css contains 3 lint errors
   #1: [31m[warning][0m [33mElement (td.treeble-nub) is overqualified, just use .treeble-nub without element name.[0m
       /* nothing to see here */.yui3-skin-sam .yui3-datatable td.treeble-nub[37m // line 1, pos 57[0m
   #2: [31m[warning][0m [33mElement (td.treeble-value) is overqualified, just use .treeble-value without element name.[0m
       .yui3-skin-sam .yui3-datatable td.treeble-value[37m // line 6, pos 32[0m
   #3: [31m[warning][0m [33mProperty with star prefix found.[0m
       *display:inline-block;[37m // line 16, pos 2[0m
