shifter [info] revving up
shifter [info] looking for build.json file
shifter [info] found build.json file, shifting
shifter [info] putting the hammer down, let's build this thing!
shifter [info] munging in loader meta data into build.json
shifter [info] putting the hammer down
shifter [info] shifting into gear for gallery-itsaviewmodel
shifter [info] deleting build dir: /build/gallery-itsaviewmodel
shifter [queu] writing RAW file
shifter [queu] compressing gallery-itsaviewmodel/gallery-itsaviewmodel.js with UglifyJS
shifter [queu] writing -min file
shifter [info] shifting for coverage
shifter [info] shifting skin for gallery-itsaviewmodel
shifter [info] found a subskin, shifting for gallery-itsaviewmodel
shifter [info] shifting 28 langs for gallery-itsaviewmodel
shifter [queu] coverage file read, starting coverage for: gallery-itsaviewmodel/gallery-itsaviewmodel.js
shifter [info] istanbul providing coverage
shifter [queu] instrumenting with istanbul
shifter [queu] copying assets to skin for sam
shifter [queu] writing coverage file to gallery-itsaviewmodel/gallery-itsaviewmodel-coverage.js
shifter [info] shifted lang for gallery-itsaviewmodel
shifter [info] shifted lang for gallery-itsaviewmodel
shifter [info] shifted lang for gallery-itsaviewmodel
shifter [info] shifted lang for gallery-itsaviewmodel
shifter [info] shifted lang for gallery-itsaviewmodel
shifter [info] shifted lang for gallery-itsaviewmodel
shifter [info] shifted lang for gallery-itsaviewmodel
shifter [info] shifted lang for gallery-itsaviewmodel
shifter [info] shifted lang for gallery-itsaviewmodel
shifter [info] shifted lang for gallery-itsaviewmodel
shifter [info] shifted lang for gallery-itsaviewmodel
shifter [info] shifted lang for gallery-itsaviewmodel
shifter [info] shifted lang for gallery-itsaviewmodel
shifter [info] shifted lang for gallery-itsaviewmodel
shifter [info] shifted lang for gallery-itsaviewmodel
shifter [info] shifted lang for gallery-itsaviewmodel
shifter [info] shifted lang for gallery-itsaviewmodel
shifter [info] shifted lang for gallery-itsaviewmodel
shifter [info] shifted lang for gallery-itsaviewmodel
shifter [info] shifted lang for gallery-itsaviewmodel
shifter [info] shifted lang for gallery-itsaviewmodel
shifter [info] shifted lang for gallery-itsaviewmodel
shifter [info] shifted lang for gallery-itsaviewmodel
shifter [info] shifted lang for gallery-itsaviewmodel
shifter [info] shifted lang for gallery-itsaviewmodel
shifter [info] shifted lang for gallery-itsaviewmodel
shifter [info] shifted lang for gallery-itsaviewmodel
shifter [info] shifted lang for gallery-itsaviewmodel
shifter [queu] writing skin file with core wrapper
shifter [queu] writing skin file without core wrapper
shifter [info] done racing, the gears are toast
shifter [info] finished in 0.874 seconds, pretty fast huh?
