[35myogi[0m [37m[[0m[37minfo[0m[37m][0m  using yogi@0.1.11 on node@0.10.15
[35myogi[0m [37m[[0m[37minfo[0m[37m][0m  using module: gallery-itsaviewmodel
[35myogi[0m [37m[[0m[37minfo[0m[37m][0m  running with shifter
shifter [info] racing to find the closest .shifter.json file
shifter [info] revving up
shifter [info] looking for build.json file
shifter [info] found build.json file, shifting
shifter [info] putting the hammer down, let's build this thing!
shifter [info] munging in loader meta data into build.json
shifter [info] putting the hammer down
shifter [info] shifting into gear for gallery-itsaviewmodel
shifter [queu] file has changed, continuing build
shifter [queu] writing RAW file
shifter [queu] compressing gallery-itsaviewmodel/gallery-itsaviewmodel.js with UglifyJS
shifter [queu] writing -min file
shifter [info] shifting for coverage
shifter [info] shifting skin for gallery-itsaviewmodel
shifter [info] found a subskin, shifting for gallery-itsaviewmodel
shifter [info] shifting 28 langs for gallery-itsaviewmodel
shifter [queu] coverage file read, starting coverage for: gallery-itsaviewmodel/gallery-itsaviewmodel.js
shifter [info] istanbul providing coverage
shifter [queu] instrumenting with istanbul
shifter [queu] writing coverage file to gallery-itsaviewmodel/gallery-itsaviewmodel-coverage.js
shifter [info] shifted lang for gallery-itsaviewmodel
shifter [info] shifted lang for gallery-itsaviewmodel
shifter [info] shifted lang for gallery-itsaviewmodel
shifter [info] shifted lang for gallery-itsaviewmodel
shifter [info] shifted lang for gallery-itsaviewmodel
shifter [info] shifted lang for gallery-itsaviewmodel
shifter [info] shifted lang for gallery-itsaviewmodel
shifter [info] shifted lang for gallery-itsaviewmodel
shifter [info] shifted lang for gallery-itsaviewmodel
shifter [info] shifted lang for gallery-itsaviewmodel
shifter [info] shifted lang for gallery-itsaviewmodel
shifter [info] shifted lang for gallery-itsaviewmodel
shifter [info] shifted lang for gallery-itsaviewmodel
shifter [info] shifted lang for gallery-itsaviewmodel
shifter [info] shifted lang for gallery-itsaviewmodel
shifter [info] shifted lang for gallery-itsaviewmodel
shifter [info] shifted lang for gallery-itsaviewmodel
shifter [info] shifted lang for gallery-itsaviewmodel
shifter [info] shifted lang for gallery-itsaviewmodel
shifter [info] shifted lang for gallery-itsaviewmodel
shifter [info] shifted lang for gallery-itsaviewmodel
shifter [info] shifted lang for gallery-itsaviewmodel
shifter [info] shifted lang for gallery-itsaviewmodel
shifter [info] shifted lang for gallery-itsaviewmodel
shifter [info] shifted lang for gallery-itsaviewmodel
shifter [info] shifted lang for gallery-itsaviewmodel
shifter [info] shifted lang for gallery-itsaviewmodel
shifter [info] shifted lang for gallery-itsaviewmodel
shifter [queu] copying assets to skin for sam
shifter [info] css lint passed for /assets/gallery-itsaviewmodel/skins/sam/gallery-itsaviewmodel-skin.css
shifter [queu] writing skin file with core wrapper
shifter [queu] writing skin file without core wrapper
shifter [info] done racing, the gears are toast
shifter [info] finished in 0.907 seconds, pretty fast huh?
[35myogi[0m [37m[[0m[37minfo[0m[37m][0m  build complete
[35myogi[0m [37m[[0m[37minfo[0m[37m][0m  testing module now
[35myogi[0m [37m[[0m[37minfo[0m[37m][0m  prepping grover tests
[35myogi[0m [37m[[0m[37minfo[0m[37m][0m  adding tests route
[35myogi[0m [37m[[0m[37minfo[0m[37m][0m  launching xdr server on port 5001
[35myogi[0m [37m[[0m[37minfo[0m[37m][0m  listening on: http://127.0.0.1:5000
[35myogi[0m [37m[[0m[37minfo[0m[37m][0m  turning on coverage support in grover
Starting Grover on 1 files with PhantomJS@1.9.1
  Running 15 concurrent tests at a time.
  Using a 120 second timeout per test.
✖ [gallery-itsaviewmodel]: Passed: 0 Failed: 1 Total: 1 (ignored 0) (0.006 seconds)
    test is empty
       No Tests Provided For This Module
Writing files in JSON format to: /src/gallery-itsaviewmodel/logs/tests.json
[35myogi[0m [37m[[0m[31mbail[0m[37m][0m grover returned a failure
