[35myogi[0m [37m[[0m[37minfo[0m[37m][0m  using yogi@0.1.9 on node@0.8.22
[35myogi[0m [37m[[0m[37minfo[0m[37m][0m  using module: gallery-itsacalendarmarkeddates
[35myogi[0m [37m[[0m[37minfo[0m[37m][0m  running with shifter
shifter [info] racing to find the closest .shifter.json file
shifter [info] revving up
shifter [info] looking for build.json file
shifter [info] found build.json file, shifting
shifter [info] putting the hammer down, let's build this thing!
shifter [info] munging in loader meta data into build.json
shifter [info] putting the hammer down
shifter [info] shifting into gear for gallery-itsacalendarmarkeddates
shifter [queu] file has changed, continuing build
shifter [queu] writing RAW file
shifter [queu] compressing gallery-itsacalendarmarkeddates/gallery-itsacalendarmarkeddates.js with UglifyJS
shifter [queu] writing -min file
shifter [info] shifting for coverage
shifter [info] shifting skin for gallery-itsacalendarmarkeddates
shifter [info] found a subskin, shifting for gallery-itsacalendarmarkeddates
shifter [queu] coverage file read, starting coverage for: gallery-itsacalendarmarkeddates/gallery-itsacalendarmarkeddates.js
shifter [info] istanbul providing coverage
shifter [queu] instrumenting with istanbul
shifter [queu] writing coverage file to gallery-itsacalendarmarkeddates/gallery-itsacalendarmarkeddates-coverage.js
shifter [queu] copying assets to skin for sam
   #1: [warning] Property with star prefix found.
       *background-image: url('calendar-dotmark.png'); /* IE7 and below */ // line 3, pos 5
   #2: [warning] Don't use adjoining classes.
       .yui3-skin-sam .yui3-calendar-itsa-markeddates .yui3-calendar-prevmonth-day.yui3-itsa-markeddate, // line 7, pos 48
   #3: [warning] Don't use adjoining classes.
       .yui3-skin-sam .yui3-calendar-itsa-markeddates .yui3-calendar-nextmonth-day.yui3-itsa-markeddate, // line 8, pos 48
   #4: [warning] Don't use adjoining classes.
       .yui3-skin-sam .yui3-calendar-itsa-markeddates .yui3-calendar-prevmonth-day.yui3-itsa-markeddate:hover, // line 9, pos 48
   #5: [warning] Don't use adjoining classes.
       .yui3-skin-sam .yui3-calendar-itsa-markeddates .yui3-calendar-prevmonth-day.yui3-itsa-markeddate:hover, // line 9, pos 48
   #6: [warning] Don't use adjoining classes.
       .yui3-skin-sam .yui3-calendar-itsa-markeddates .yui3-calendar-nextmonth-day.yui3-itsa-markeddate:hover { // line 10, pos 48
   #7: [warning] Don't use adjoining classes.
       .yui3-skin-sam .yui3-calendar-itsa-markeddates .yui3-calendar-nextmonth-day.yui3-itsa-markeddate:hover { // line 10, pos 48
   #8: [warning] Property with star prefix found.
       *background-image: url('calendar-dotmark-nextmonth.png'); /* IE7 and below */ // line 12, pos 5
   #9: [warning] Property with star prefix found.
       *background-image: url('calendar-dotmark-hover.png'); /* IE7 and below */ // line 18, pos 5
shifter [queu] writing skin file with core wrapper
shifter [queu] writing skin file without core wrapper
shifter [info] done racing, the gears are toast
shifter [info] finished in 0.468 seconds, pretty fast huh?
[35myogi[0m [37m[[0m[37minfo[0m[37m][0m  build complete
[35myogi[0m [37m[[0m[37minfo[0m[37m][0m  testing module now
[35myogi[0m [37m[[0m[37minfo[0m[37m][0m  prepping grover tests
[35myogi[0m [37m[[0m[37minfo[0m[37m][0m  adding tests route
