[35myogi[0m [37m[[0m[37minfo[0m[37m][0m  using yogi@0.1.6 on node@0.8.22
[35myogi[0m [37m[[0m[37minfo[0m[37m][0m  using module: gallery-message-format
[35myogi[0m [37m[[0m[37minfo[0m[37m][0m  running with shifter
shifter [info] racing to find the closest .shifter.json file
shifter [info] revving up
shifter [info] looking for build.json file
shifter [info] found build.json file, shifting
shifter [info] putting the hammer down, let's build this thing!
shifter [info] munging in loader meta data into build.json
shifter [info] putting the hammer down
shifter [info] shifting into gear for gallery-message-format
   #1: The body of a for in should be wrapped in an if statement to filter unwanted properties from the prototype.
       for ( var key in options ) { // line 490, pos 9
shifter [queu] writing RAW file
shifter [queu] compressing gallery-message-format/gallery-message-format.js with UglifyJS
shifter [queu] writing -min file
shifter [info] shifting for coverage
shifter [info] shifting 29 langs for gallery-message-format
shifter [queu] coverage file read, starting coverage for: gallery-message-format/gallery-message-format.js
shifter [info] istanbul providing coverage
shifter [queu] instrumenting with istanbul
shifter [queu] writing coverage file to gallery-message-format/gallery-message-format-coverage.js
shifter [info] shifted lang for gallery-message-format
shifter [info] shifted lang for gallery-message-format
shifter [info] shifted lang for gallery-message-format
shifter [info] shifted lang for gallery-message-format
shifter [info] shifted lang for gallery-message-format
shifter [info] shifted lang for gallery-message-format
shifter [info] shifted lang for gallery-message-format
shifter [info] shifted lang for gallery-message-format
shifter [info] shifted lang for gallery-message-format
shifter [info] shifted lang for gallery-message-format
shifter [info] shifted lang for gallery-message-format
shifter [info] shifted lang for gallery-message-format
shifter [info] shifted lang for gallery-message-format
shifter [info] shifted lang for gallery-message-format
shifter [info] shifted lang for gallery-message-format
shifter [info] shifted lang for gallery-message-format
shifter [info] shifted lang for gallery-message-format
shifter [info] shifted lang for gallery-message-format
shifter [info] shifted lang for gallery-message-format
shifter [info] shifted lang for gallery-message-format
shifter [info] shifted lang for gallery-message-format
shifter [info] shifted lang for gallery-message-format
shifter [info] shifted lang for gallery-message-format
shifter [info] shifted lang for gallery-message-format
shifter [info] shifted lang for gallery-message-format
shifter [info] shifted lang for gallery-message-format
shifter [info] shifted lang for gallery-message-format
shifter [info] shifted lang for gallery-message-format
shifter [info] shifted lang for gallery-message-format
shifter [info] done racing, the gears are toast
shifter [info] finished in 0.985 seconds, pretty fast huh?
[35myogi[0m [37m[[0m[37minfo[0m[37m][0m  build complete
[35myogi[0m [37m[[0m[37minfo[0m[37m][0m  testing module now
[35myogi[0m [37m[[0m[37minfo[0m[37m][0m  prepping grover tests
[35myogi[0m [37m[[0m[37minfo[0m[37m][0m  adding tests route
[35myogi[0m [37m[[0m[37minfo[0m[37m][0m  turning on coverage support in grover
[35myogi[0m [37m[[0m[37minfo[0m[37m][0m  launching xdr server on port 5001
[35myogi[0m [37m[[0m[37minfo[0m[37m][0m  listening on: http://127.0.0.1:5000
Starting Grover on 1 files with PhantomJS@1.8.1
  Running 15 concurrent tests at a time.
  Using a 120 second timeout per test.
✔ [gallery-message-format]: Passed: 9 Failed: 0 Total: 9 (ignored 0) (0.126 seconds) 80%
Writing files in JSON format to: /src/gallery-message-format/logs/tests.json

--------------------------------+-----------+-----------+-----------+-----------+
File                            |   % Stmts |% Branches |   % Funcs |   % Lines |
--------------------------------+-----------+-----------+-----------+-----------+
   gallery-message-format/      |      79.4 |     47.27 |     55.26 |     80.68 |
      gallery-message-format.js |      79.4 |     47.27 |     55.26 |     80.68 |
--------------------------------+-----------+-----------+-----------+-----------+
All files                       |      79.4 |     47.27 |     55.26 |     80.68 |
--------------------------------+-----------+-----------+-----------+-----------+


=============================== Coverage summary ===============================
Statements   : 79.4% ( 239/301 )
Branches     : 47.27% ( 104/220 )
Functions    : 55.26% ( 42/76 )
Lines        : 80.68% ( 238/295 )
================================================================================
----------------------------------------------------------------
✔ [Total]: Passed: 9 Failed: 0 Total: 9 (ignored 0) (0.126 seconds)
  [Grover Execution Timer] 2.323 seconds
[35myogi[0m [37m[[0m[37minfo[0m[37m][0m  [32mgrover tests complete[0m
