[35myogi[0m [37m[[0m[37minfo[0m[37m][0m  using yogi@0.1.11 on node@0.11.10
[35myogi[0m [37m[[0m[37minfo[0m[37m][0m  using module: gallery-itsamessagecontroller
[35myogi[0m [37m[[0m[37minfo[0m[37m][0m  running with shifter
shifter [info] racing to find the closest .shifter.json file
shifter [info] revving up
shifter [info] looking for build.json file
shifter [info] found build.json file, shifting
shifter [info] putting the hammer down, let's build this thing!
shifter [info] munging in loader meta data into build.json
shifter [info] putting the hammer down
shifter [info] shifting into gear for gallery-itsamessagecontroller
shifter [queu] writing RAW file
shifter [queu] compressing gallery-itsamessagecontroller/gallery-itsamessagecontroller.js with UglifyJS
shifter [queu] writing -min file
shifter [info] shifting for coverage
shifter [queu] coverage file read, starting coverage for: gallery-itsamessagecontroller/gallery-itsamessagecontroller.js
shifter [info] istanbul providing coverage
shifter [queu] instrumenting with istanbul
shifter [queu] writing coverage file to gallery-itsamessagecontroller/gallery-itsamessagecontroller-coverage.js
shifter [info] done racing, the gears are toast
shifter [info] finished in 0.364 seconds, pretty fast huh?
[35myogi[0m [37m[[0m[37minfo[0m[37m][0m  build complete
[35myogi[0m [37m[[0m[37minfo[0m[37m][0m  testing module now
[35myogi[0m [37m[[0m[37minfo[0m[37m][0m  prepping grover tests
[35myogi[0m [37m[[0m[37minfo[0m[37m][0m  adding tests route
[35myogi[0m [37m[[0m[37minfo[0m[37m][0m  launching xdr server on port 5001
[35myogi[0m [37m[[0m[37minfo[0m[37m][0m  listening on: http://127.0.0.1:5000
[35myogi[0m [37m[[0m[37minfo[0m[37m][0m  turning on coverage support in grover
Starting Grover on 1 files with PhantomJS@1.9.1
  Running 15 concurrent tests at a time.
  Using a 120 second timeout per test.
✖ [gallery-itsamessagecontroller]: Passed: 0 Failed: 1 Total: 1 (ignored 0) (0.006 seconds)
    test is empty
       No Tests Provided For This Module
Writing files in JSON format to: /src/gallery-itsamessagecontroller/logs/tests.json
[35myogi[0m [37m[[0m[31mbail[0m[37m][0m grover returned a failure
