[35mshifter[0m [31m[err][0m /src/gallery-itsaselectlist/js/itsaselectlist.js contains 40 lint errors
   #1: [33mLine too long.[0m
       ITSA_SHIM_TEMPLATE = '<iframe frameborder="0" tabindex="-1" class="itsa-shim" title="' + ITSA_SHIM_TEMPLATE_TITLE + '" src="javascript:false;"></iframe>',[37m // line 29, pos 158[0m
   #2: [33mLine too long.[0m
       ITSA_SELECTBOX_TEMPLATE = "<div class='itsa-selectlist-basediv " + ITSA_CLASSHIDDEN + "'><div class='itsa-selectlist-scrolldiv'><ul class='itsa-selectlist-ullist'></ul></div></div>";[37m // line 33, pos 186[0m
   #3: [33mTrailing whitespace.[0m
       * @method renderUI[37m // line 115, pos 28[0m
   #4: [33mExpected an assignment or function call and instead saw an expression.[0m
       instance.get('listAlignLeft') ? boundingBox.addClass('itsa-leftalign') : boundingBox.addClass('itsa-rightalign');[37m // line 134, pos 124[0m
   #5: [33mTrailing whitespace.[0m
       * @method bindUI[37m // line 151, pos 26[0m
   #6: [33mTrailing whitespace.[0m
       i,[37m // line 182, pos 19[0m
   #7: [33mLine too long.[0m
       newNode = Y.Node.create('<li' + ((isDefaultItem) ? ' class="' + instance._selectedItemClass + '"' : '') + '>' + itemText +'</li>');[37m // line 195, pos 151[0m
   #8: [33mLine too long.[0m
       instance._selectedMainItemNode.setHTML((instance.get('selectionOnButton') && defaultItemFound) ? defaultItem : instance.get('defaultButtonText'));[37m // line 199, pos 162[0m
   #9: [33mTrailing whitespace.[0m
       *[37m // line 214, pos 11[0m
   #10: [33mLine too long.[0m
       * @param {String} [softButtonText] Optional. Text to be appeared on the button in case softMatch is true and there is no match. When not specified, the attribute <i>defaultButtonText</i> will be used[37m // line 229, pos 208[0m
   #11: [33mTrailing whitespace.[0m
       *[37m // line 234, pos 11[0m
   #12: [33mLine too long.[0m
       if (instance.get('selectionOnButton')) {instance._selectedMainItemNode.setHTML(softButtonText || instance.get('defaultButtonText'));}[37m // line 246, pos 157[0m
   #13: [33mLine too long.[0m
       * @param {Boolean} [defaultButtonText] Optional. Whether to use the attribute <i>defaultButtonText</i> in case softMatch is true and there is no match. When set to false, <i>itemText</i> will be used when there is no match.[37m // line 260, pos 232[0m
   #14: [33mTrailing whitespace.[0m
       // by returnvalue[37m // line 268, pos 30[0m
   #15: [33mTrailing whitespace.[0m
       * Will fire a <b>selectChange event</b> only when <i>userInteraction</i> is set to true.[37m // line 278, pos 98[0m
   #16: [33mTrailing whitespace.[0m
       * In case of a valuechange, valueChange will be fired.[37m // line 302, pos 72[0m
   #17: [33mTrailing whitespace.[0m
       */[37m // line 309, pos 19[0m
   #18: [33mTrailing whitespace.[0m
       * In case of a valuechange <u>triggered by userinteraction</u>, selectChange will be fired.[37m // line 312, pos 109[0m
   #19: [33mLine too long.[0m
       * This way you can use functioncalls like selectItem() and prevent double programmaction (which might occur when you listen to the valueChange event)[37m // line 313, pos 166[0m
   #20: [33mTrailing whitespace.[0m
       */[37m // line 319, pos 19[0m
   #21: [33mLine too long.[0m
       if (userInteraction) {instance.fire('selectChange', {element: node, value: node.getData('returnValue') || nodeHTML, index: instance._indexOf(node)});}[37m // line 320, pos 166[0m
   #22: [33mTrailing whitespace.[0m
       * In case the listbox is opened, hide-event will be fired.[37m // line 335, pos 76[0m
   #23: [33mTrailing whitespace.[0m
       */[37m // line 338, pos 19[0m
   #24: [33mTrailing whitespace.[0m
       * In case the listbox is opened, show-event will be fired.[37m // line 355, pos 76[0m
   #25: [33mTrailing whitespace.[0m
       */[37m // line 358, pos 19[0m
   #26: [33mTrailing whitespace.[0m
       }[37m // line 445, pos 18[0m
   #27: [33mLine too long.[0m
       // Make sure to fill the array with Strings. User might supply other types like numbers: you don't want to miss the hit when you search the array by value.[37m // line 572, pos 179[0m
   #28: [33mLine too long.[0m
       * This is normal behaviour. Although in some cases you might not want this. For example when simulating a menubutton with static text and a dropdown with subbuttons<br>[37m // line 596, pos 181[0m
   #29: [33mLine too long.[0m
       * @description Determines whether to show the selected item in the selectlist, or if it should disappear from the selectlist when selected.<br>[37m // line 610, pos 156[0m
   #30: [33mTrailing whitespace.[0m
       return selected;[37m // line 640, pos 33[0m
   #31: [33m'Node' is defined but never used.[0m
       Node = Y.Node,[37m // line 25, pos 9[0m
   #32: [33m'ITSA_SHIM_TEMPLATE' is defined but never used.[0m
       ITSA_SHIM_TEMPLATE = '<iframe frameborder="0" tabindex="-1" class="itsa-shim" title="' + ITSA_SHIM_TEMPLATE_TITLE + '" src="javascript:false;"></iframe>',[37m // line 29, pos 23[0m
   #33: [33m'config' is defined but never used.[0m
       initializer : function(config) {[37m // line 105, pos 38[0m
   #34: [33m'items' is defined but never used.[0m
       items;[37m // line 126, pos 22[0m
   #35: [33m'array' is defined but never used.[0m
       function(item, index, array){[37m // line 443, pos 44[0m
   #36: [33m'index' is defined but never used.[0m
       function(item, index, array){[37m // line 443, pos 37[0m
   #37: [33m'nodelist' is defined but never used.[0m
       function(node, index, nodelist) {[37m // line 634, pos 51[0m
   #38: [33m'index' is defined but never used.[0m
       function(node, index, nodelist) {[37m // line 634, pos 41[0m
   #39: [33m'nodelist' is defined but never used.[0m
       function(node, index, nodelist) {[37m // line 647, pos 51[0m
   #40: [33m'index' is defined but never used.[0m
       function(node, index, nodelist) {[37m // line 647, pos 41[0m
[35mshifter[0m [31m[err][0m /assets/skins/sam/gallery-itsaselectlist-skin.css contains 24 lint errors
   #1: [31m[warning][0m [33mDon't use adjoining classes.[0m
       .yui3-itsaselectlist.itsa-buttonsize-small .yui3-button {[37m // line 20, pos 1[0m
   #2: [31m[warning][0m [33mDon't use adjoining classes.[0m
       .yui3-itsaselectlist.itsa-buttonsize-medium .yui3-button {[37m // line 24, pos 1[0m
   #3: [31m[warning][0m [33mDon't use adjoining classes.[0m
       .yui3-itsaselectlist.itsa-buttonsize-small .itsa-selectlist-selectedmain {[37m // line 28, pos 1[0m
   #4: [31m[warning][0m [33mDon't use adjoining classes.[0m
       .yui3-itsaselectlist.itsa-buttonsize-medium .itsa-selectlist-selectedmain {[37m // line 32, pos 1[0m
   #5: [31m[warning][0m [33mDon't use adjoining classes.[0m
       .yui3-itsaselectlist.itsa-buttonsize-small .itsa-icon-selectdown {[37m // line 36, pos 1[0m
   #6: [31m[warning][0m [33mDon't use adjoining classes.[0m
       .yui3-itsaselectlist.itsa-buttonsize-medium .itsa-icon-selectdown {[37m // line 40, pos 1[0m
   #7: [31m[warning][0m [33mValues of 0 shouldn't have units specified.[0m
       padding: 4px 3px 0px;[37m // line 45, pos 22[0m
   #8: [31m[warning][0m [33mUsing height with padding can sometimes make elements larger than you expect.[0m
       padding: 4px 3px 0px;[37m // line 45, pos 5[0m
   #9: [31m[warning][0m [33mUsing height with border can sometimes make elements larger than you expect.[0m
       border: 0 none;[37m // line 51, pos 5[0m
   #10: [31m[warning][0m [33mUsing width with border can sometimes make elements larger than you expect.[0m
       border: 0 none;[37m // line 51, pos 5[0m
   #11: [31m[warning][0m [33mdisplay:inline has no effect on floated elements (but may be used to fix the IE6 double-margin bug).[0m
       float:left;[37m // line 67, pos 5[0m
   #12: [31m[warning][0m [33mDon't use adjoining classes.[0m
       .yui3-itsaselectlist.itsa-rightalign .itsa-selectlist-basediv {[37m // line 79, pos 1[0m
   #13: [31m[warning][0m [33mValues of 0 shouldn't have units specified.[0m
       right: 0px;[37m // line 80, pos 12[0m
   #14: [31m[warning][0m [33mDon't use adjoining classes.[0m
       .yui3-itsaselectlist.itsa-leftalign .itsa-selectlist-basediv {[37m // line 84, pos 1[0m
   #15: [31m[warning][0m [33mValues of 0 shouldn't have units specified.[0m
       left: 0px;[37m // line 85, pos 11[0m
   #16: [31m[warning][0m [33mValues of 0 shouldn't have units specified.[0m
       -webkit-border-radius: 0px 0px 4px 4px;[37m // line 98, pos 28[0m
   #17: [31m[warning][0m [33mValues of 0 shouldn't have units specified.[0m
       -webkit-border-radius: 0px 0px 4px 4px;[37m // line 98, pos 32[0m
   #18: [31m[warning][0m [33mValues of 0 shouldn't have units specified.[0m
       -moz-border-radius: 0px 0px 4px 4px;[37m // line 99, pos 25[0m
   #19: [31m[warning][0m [33mValues of 0 shouldn't have units specified.[0m
       -moz-border-radius: 0px 0px 4px 4px;[37m // line 99, pos 29[0m
   #20: [31m[warning][0m [33mValues of 0 shouldn't have units specified.[0m
       border-radius: 0px 0px 4px 4px;[37m // line 100, pos 20[0m
   #21: [31m[warning][0m [33mValues of 0 shouldn't have units specified.[0m
       border-radius: 0px 0px 4px 4px;[37m // line 100, pos 24[0m
   #22: [31m[warning][0m [33mDon't use adjoining classes.[0m
       .yui3-itsaselectlist.itsa-rightalign li {[37m // line 119, pos 1[0m
   #23: [31m[warning][0m [33mDon't use adjoining classes.[0m
       .yui3-itsaselectlist.itsa-leftalign li {[37m // line 125, pos 1[0m
   #24: [31m[warning][0m [33mDon't use adjoining classes.[0m
       .yui3-itsaselectlist.itsa-rightalign .itsa-selectlist-selectedmain {[37m // line 131, pos 1[0m
