[35myogi[0m [37m[[0m[37minfo[0m[37m][0m  using yogi@0.1.9 on node@0.8.22
[35myogi[0m [37m[[0m[37minfo[0m[37m][0m  using module: gallery-itsaselectlist
[35myogi[0m [37m[[0m[37minfo[0m[37m][0m  running with shifter
shifter [info] racing to find the closest .shifter.json file
shifter [info] revving up
shifter [info] looking for build.json file
shifter [info] found build.json file, shifting
shifter [info] putting the hammer down, let's build this thing!
shifter [info] munging in loader meta data into build.json
shifter [info] putting the hammer down
shifter [info] shifting into gear for gallery-itsaselectlist
shifter [queu] file has changed, continuing build
shifter [queu] writing RAW file
shifter [queu] compressing gallery-itsaselectlist/gallery-itsaselectlist.js with UglifyJS
shifter [queu] writing -min file
shifter [info] shifting for coverage
shifter [info] shifting skin for gallery-itsaselectlist
shifter [info] found a subskin, shifting for gallery-itsaselectlist
shifter [queu] coverage file read, starting coverage for: gallery-itsaselectlist/gallery-itsaselectlist.js
shifter [info] istanbul providing coverage
shifter [queu] instrumenting with istanbul
shifter [queu] writing coverage file to gallery-itsaselectlist/gallery-itsaselectlist-coverage.js
shifter [queu] copying assets to skin for sam
   #1: [warning] Don't use adjoining classes.
       .yui3-itsaselectlist.itsa-buttonsize-small .yui3-button { // line 20, pos 1
   #2: [warning] Don't use adjoining classes.
       .yui3-itsaselectlist.itsa-buttonsize-medium .yui3-button { // line 24, pos 1
   #3: [warning] Don't use adjoining classes.
       .yui3-itsaselectlist.itsa-buttonsize-small .itsa-selectlist-selectedmain { // line 28, pos 1
   #4: [warning] Don't use adjoining classes.
       .yui3-itsaselectlist.itsa-buttonsize-medium .itsa-selectlist-selectedmain { // line 32, pos 1
   #5: [warning] Don't use adjoining classes.
       .yui3-itsaselectlist.itsa-buttonsize-small .itsa-icon-selectdown { // line 36, pos 1
   #6: [warning] Don't use adjoining classes.
       .yui3-itsaselectlist.itsa-buttonsize-medium .itsa-icon-selectdown { // line 40, pos 1
   #7: [warning] Using height with padding can sometimes make elements larger than you expect.
       padding: 4px 3px 0; // line 45, pos 5
   #8: [warning] Using height with border can sometimes make elements larger than you expect.
       border: 0 none; // line 51, pos 5
   #9: [warning] Using width with border can sometimes make elements larger than you expect.
       border: 0 none; // line 51, pos 5
   #10: [warning] display:inline has no effect on floated elements (but may be used to fix the IE6 double-margin bug).
       float:left; // line 67, pos 5
   #11: [warning] Don't use adjoining classes.
       .yui3-itsaselectlist.itsa-rightalign .itsa-selectlist-basediv { // line 79, pos 1
   #12: [warning] Don't use adjoining classes.
       .yui3-itsaselectlist.itsa-leftalign .itsa-selectlist-basediv { // line 84, pos 1
   #13: [warning] Don't use adjoining classes.
       .yui3-itsaselectlist.itsa-rightalign li { // line 119, pos 1
   #14: [warning] Don't use adjoining classes.
       .yui3-itsaselectlist.itsa-leftalign li { // line 125, pos 1
   #15: [warning] Don't use adjoining classes.
       .yui3-itsaselectlist.itsa-rightalign .itsa-selectlist-selectedmain { // line 131, pos 1
   #16: [warning] Property with star prefix found.
       *display: inline; // line 152, pos 5
   #17: [warning] height can't be used with display: inline.
       height: 20px; // line 154, pos 5
   #18: [warning] width can't be used with display: inline.
       width: 20px; // line 156, pos 5
shifter [queu] writing skin file with core wrapper
shifter [info] done racing, the gears are toast
shifter [info] finished in 0.318 seconds, pretty fast huh?
[35myogi[0m [37m[[0m[37minfo[0m[37m][0m  build complete
[35myogi[0m [37m[[0m[37minfo[0m[37m][0m  testing module now
[35myogi[0m [37m[[0m[37minfo[0m[37m][0m  prepping grover tests
[35myogi[0m [37m[[0m[37minfo[0m[37m][0m  adding tests route
[35myogi[0m [37m[[0m[37minfo[0m[37m][0m  turning on coverage support in grover
[35myogi[0m [37m[[0m[37minfo[0m[37m][0m  launching xdr server on port 5003
[35myogi[0m [37m[[0m[37minfo[0m[37m][0m  listening on: http://127.0.0.1:5002
Starting Grover on 1 files with PhantomJS@1.7.0
  Running 15 concurrent tests at a time.
  Using a 120 second timeout per test.
✖ [gallery-itsaselectlist]: Passed: 0 Failed: 1 Total: 1 (ignored 0) (0.006 seconds)
    test is empty
       No Tests Provided For This Module
Writing files in JSON format to: /src/gallery-itsaselectlist/logs/tests.json
[35myogi[0m [37m[[0m[31mbail[0m[37m][0m grover returned a failure
