[35myogi[0m [37m[[0m[37minfo[0m[37m][0m  using yogi@0.0.52 on node@0.8.15
[35myogi[0m [37m[[0m[37minfo[0m[37m][0m  using module: gallery-weighted-list
[35myogi[0m [37m[[0m[37minfo[0m[37m][0m  prepping grover tests
[35myogi[0m [37m[[0m[37minfo[0m[37m][0m  adding tests route
[35myogi[0m [37m[[0m[37minfo[0m[37m][0m  listening on: http://127.0.0.1:5003
[35myogi[0m [37m[[0m[37minfo[0m[37m][0m  turning on coverage support in grover
Starting Grover on 1 files with PhantomJS@1.7.0
  Running 15 concurrent tests at a time.
  Using a 120 second timeout per test.
✔ [gallery-weighted-list]: Passed: 20 Failed: 0 Total: 20 (ignored 0) (0.291 seconds) 99%
Writing files in JSON format to: /src/gallery-weighted-list/logs/tests.json

----------------+-----------+-----------+-----------+-----------+
File            |   % Stmts |% Branches |   % Funcs |   % Lines |
----------------+-----------+-----------+-----------+-----------+
   build/       |     99.47 |     98.06 |       100 |     99.47 |
      All files |     99.47 |     98.06 |       100 |     99.47 |
----------------+-----------+-----------+-----------+-----------+
All files       |     99.47 |     98.06 |       100 |     99.47 |
----------------+-----------+-----------+-----------+-----------+


=============================== Coverage summary ===============================
Statements   : 99.47% ( 186/187 )
Branches     : 98.06% ( 101/103 )
Functions    : 100% ( 52/52 )
Lines        : 99.47% ( 186/187 )
================================================================================
----------------------------------------------------------------
✔ [Total]: Passed: 20 Failed: 0 Total: 20 (ignored 0) (0.291 seconds)
  [Grover Execution Timer] 0.993 seconds
[35myogi[0m [37m[[0m[37minfo[0m[37m][0m  [32mgrover tests complete[0m
