[35myogi[0m [37m[[0m[37minfo[0m[37m][0m  using yogi@0.0.76 on node@0.8.22
[35myogi[0m [37m[[0m[37minfo[0m[37m][0m  using module: gallery-i18n-formats
[35myogi[0m [37m[[0m[37minfo[0m[37m][0m  running with shifter
shifter [info] racing to find the closest .shifter.json file
shifter [info] revving up
shifter [info] looking for build.json file
shifter [info] found build.json file, shifting
shifter [info] putting the hammer down, let's build this thing!
shifter [info] munging in loader meta data into build.json
shifter [info] putting the hammer down
shifter [info] shifting into gear for gallery-i18n-formats
shifter [queu] file has changed, continuing build
shifter [queu] writing RAW file
shifter [queu] compressing gallery-i18n-formats/gallery-i18n-formats.js with UglifyJS
shifter [queu] writing -min file
shifter [info] shifting for coverage
shifter [info] shifting 328 langs for gallery-i18n-formats
shifter [queu] coverage file read, starting coverage for: gallery-i18n-formats/gallery-i18n-formats.js
shifter [info] istanbul providing coverage
shifter [queu] instrumenting with istanbul
shifter [queu] writing coverage file to gallery-i18n-formats/gallery-i18n-formats-coverage.js
shifter [info] shifted lang for gallery-i18n-formats
shifter [info] shifted lang for gallery-i18n-formats
shifter [info] shifted lang for gallery-i18n-formats
shifter [info] shifted lang for gallery-i18n-formats
shifter [info] shifted lang for gallery-i18n-formats
shifter [info] shifted lang for gallery-i18n-formats
shifter [info] shifted lang for gallery-i18n-formats
shifter [info] shifted lang for gallery-i18n-formats
shifter [info] shifted lang for gallery-i18n-formats
shifter [info] shifted lang for gallery-i18n-formats
shifter [info] shifted lang for gallery-i18n-formats
shifter [info] shifted lang for gallery-i18n-formats
shifter [info] shifted lang for gallery-i18n-formats
shifter [info] shifted lang for gallery-i18n-formats
shifter [info] shifted lang for gallery-i18n-formats
shifter [info] shifted lang for gallery-i18n-formats
shifter [info] shifted lang for gallery-i18n-formats
shifter [info] shifted lang for gallery-i18n-formats
shifter [info] shifted lang for gallery-i18n-formats
shifter [info] shifted lang for gallery-i18n-formats
shifter [info] shifted lang for gallery-i18n-formats
shifter [info] shifted lang for gallery-i18n-formats
shifter [info] shifted lang for gallery-i18n-formats
shifter [info] shifted lang for gallery-i18n-formats
shifter [info] shifted lang for gallery-i18n-formats
shifter [info] shifted lang for gallery-i18n-formats
shifter [info] shifted lang for gallery-i18n-formats
shifter [info] shifted lang for gallery-i18n-formats
shifter [info] shifted lang for gallery-i18n-formats
shifter [info] shifted lang for gallery-i18n-formats
shifter [info] shifted lang for gallery-i18n-formats
shifter [info] shifted lang for gallery-i18n-formats
shifter [info] shifted lang for gallery-i18n-formats
shifter [info] shifted lang for gallery-i18n-formats
shifter [info] shifted lang for gallery-i18n-formats
shifter [info] shifted lang for gallery-i18n-formats
shifter [info] shifted lang for gallery-i18n-formats
shifter [info] shifted lang for gallery-i18n-formats
shifter [info] shifted lang for gallery-i18n-formats
shifter [info] shifted lang for gallery-i18n-formats
shifter [info] shifted lang for gallery-i18n-formats
shifter [info] shifted lang for gallery-i18n-formats
shifter [info] shifted lang for gallery-i18n-formats
shifter [info] shifted lang for gallery-i18n-formats
shifter [info] shifted lang for gallery-i18n-formats
shifter [info] shifted lang for gallery-i18n-formats
shifter [info] shifted lang for gallery-i18n-formats
shifter [info] shifted lang for gallery-i18n-formats
shifter [info] shifted lang for gallery-i18n-formats
shifter [info] shifted lang for gallery-i18n-formats
shifter [info] shifted lang for gallery-i18n-formats
shifter [info] shifted lang for gallery-i18n-formats
shifter [info] shifted lang for gallery-i18n-formats
shifter [info] shifted lang for gallery-i18n-formats
shifter [info] shifted lang for gallery-i18n-formats
shifter [info] shifted lang for gallery-i18n-formats
shifter [info] shifted lang for gallery-i18n-formats
shifter [info] shifted lang for gallery-i18n-formats
shifter [info] shifted lang for gallery-i18n-formats
shifter [info] shifted lang for gallery-i18n-formats
shifter [info] shifted lang for gallery-i18n-formats
shifter [info] shifted lang for gallery-i18n-formats
shifter [info] shifted lang for gallery-i18n-formats
shifter [info] shifted lang for gallery-i18n-formats
shifter [info] shifted lang for gallery-i18n-formats
shifter [info] shifted lang for gallery-i18n-formats
shifter [info] shifted lang for gallery-i18n-formats
shifter [info] shifted lang for gallery-i18n-formats
shifter [info] shifted lang for gallery-i18n-formats
shifter [info] shifted lang for gallery-i18n-formats
shifter [info] shifted lang for gallery-i18n-formats
shifter [info] shifted lang for gallery-i18n-formats
shifter [info] shifted lang for gallery-i18n-formats
shifter [info] shifted lang for gallery-i18n-formats
shifter [info] shifted lang for gallery-i18n-formats
shifter [info] shifted lang for gallery-i18n-formats
shifter [info] shifted lang for gallery-i18n-formats
shifter [info] shifted lang for gallery-i18n-formats
shifter [info] shifted lang for gallery-i18n-formats
shifter [info] shifted lang for gallery-i18n-formats
shifter [info] shifted lang for gallery-i18n-formats
shifter [info] shifted lang for gallery-i18n-formats
shifter [info] shifted lang for gallery-i18n-formats
shifter [info] shifted lang for gallery-i18n-formats
shifter [info] shifted lang for gallery-i18n-formats
shifter [info] shifted lang for gallery-i18n-formats
shifter [info] shifted lang for gallery-i18n-formats
shifter [info] shifted lang for gallery-i18n-formats
shifter [info] shifted lang for gallery-i18n-formats
shifter [info] shifted lang for gallery-i18n-formats
shifter [info] shifted lang for gallery-i18n-formats
shifter [info] shifted lang for gallery-i18n-formats
shifter [info] shifted lang for gallery-i18n-formats
shifter [info] shifted lang for gallery-i18n-formats
shifter [info] shifted lang for gallery-i18n-formats
shifter [info] shifted lang for gallery-i18n-formats
shifter [info] shifted lang for gallery-i18n-formats
shifter [info] shifted lang for gallery-i18n-formats
shifter [info] shifted lang for gallery-i18n-formats
shifter [info] shifted lang for gallery-i18n-formats
shifter [info] shifted lang for gallery-i18n-formats
shifter [info] shifted lang for gallery-i18n-formats
shifter [info] shifted lang for gallery-i18n-formats
shifter [info] shifted lang for gallery-i18n-formats
shifter [info] shifted lang for gallery-i18n-formats
shifter [info] shifted lang for gallery-i18n-formats
shifter [info] shifted lang for gallery-i18n-formats
shifter [info] shifted lang for gallery-i18n-formats
shifter [info] shifted lang for gallery-i18n-formats
shifter [info] shifted lang for gallery-i18n-formats
shifter [info] shifted lang for gallery-i18n-formats
shifter [info] shifted lang for gallery-i18n-formats
shifter [info] shifted lang for gallery-i18n-formats
shifter [info] shifted lang for gallery-i18n-formats
shifter [info] shifted lang for gallery-i18n-formats
shifter [info] shifted lang for gallery-i18n-formats
shifter [info] shifted lang for gallery-i18n-formats
shifter [info] shifted lang for gallery-i18n-formats
shifter [info] shifted lang for gallery-i18n-formats
shifter [info] shifted lang for gallery-i18n-formats
shifter [info] shifted lang for gallery-i18n-formats
shifter [info] shifted lang for gallery-i18n-formats
shifter [info] shifted lang for gallery-i18n-formats
shifter [info] shifted lang for gallery-i18n-formats
shifter [info] shifted lang for gallery-i18n-formats
shifter [info] shifted lang for gallery-i18n-formats
shifter [info] shifted lang for gallery-i18n-formats
shifter [info] shifted lang for gallery-i18n-formats
shifter [info] shifted lang for gallery-i18n-formats
shifter [info] shifted lang for gallery-i18n-formats
shifter [info] shifted lang for gallery-i18n-formats
shifter [info] shifted lang for gallery-i18n-formats
shifter [info] shifted lang for gallery-i18n-formats
shifter [info] shifted lang for gallery-i18n-formats
shifter [info] shifted lang for gallery-i18n-formats
shifter [info] shifted lang for gallery-i18n-formats
shifter [info] shifted lang for gallery-i18n-formats
shifter [info] shifted lang for gallery-i18n-formats
shifter [info] shifted lang for gallery-i18n-formats
shifter [info] shifted lang for gallery-i18n-formats
shifter [info] shifted lang for gallery-i18n-formats
shifter [info] shifted lang for gallery-i18n-formats
shifter [info] shifted lang for gallery-i18n-formats
shifter [info] shifted lang for gallery-i18n-formats
shifter [info] shifted lang for gallery-i18n-formats
shifter [info] shifted lang for gallery-i18n-formats
shifter [info] shifted lang for gallery-i18n-formats
shifter [info] shifted lang for gallery-i18n-formats
shifter [info] shifted lang for gallery-i18n-formats
shifter [info] shifted lang for gallery-i18n-formats
shifter [info] shifted lang for gallery-i18n-formats
shifter [info] shifted lang for gallery-i18n-formats
shifter [info] shifted lang for gallery-i18n-formats
shifter [info] shifted lang for gallery-i18n-formats
shifter [info] shifted lang for gallery-i18n-formats
shifter [info] shifted lang for gallery-i18n-formats
shifter [info] shifted lang for gallery-i18n-formats
shifter [info] shifted lang for gallery-i18n-formats
shifter [info] shifted lang for gallery-i18n-formats
shifter [info] shifted lang for gallery-i18n-formats
shifter [info] shifted lang for gallery-i18n-formats
shifter [info] shifted lang for gallery-i18n-formats
shifter [info] shifted lang for gallery-i18n-formats
shifter [info] shifted lang for gallery-i18n-formats
shifter [info] shifted lang for gallery-i18n-formats
shifter [info] shifted lang for gallery-i18n-formats
shifter [info] shifted lang for gallery-i18n-formats
shifter [info] shifted lang for gallery-i18n-formats
shifter [info] shifted lang for gallery-i18n-formats
shifter [info] shifted lang for gallery-i18n-formats
shifter [info] shifted lang for gallery-i18n-formats
shifter [info] shifted lang for gallery-i18n-formats
shifter [info] shifted lang for gallery-i18n-formats
shifter [info] shifted lang for gallery-i18n-formats
shifter [info] shifted lang for gallery-i18n-formats
shifter [info] shifted lang for gallery-i18n-formats
shifter [info] shifted lang for gallery-i18n-formats
shifter [info] shifted lang for gallery-i18n-formats
shifter [info] shifted lang for gallery-i18n-formats
shifter [info] shifted lang for gallery-i18n-formats
shifter [info] shifted lang for gallery-i18n-formats
shifter [info] shifted lang for gallery-i18n-formats
shifter [info] shifted lang for gallery-i18n-formats
shifter [info] shifted lang for gallery-i18n-formats
shifter [info] shifted lang for gallery-i18n-formats
shifter [info] shifted lang for gallery-i18n-formats
shifter [info] shifted lang for gallery-i18n-formats
shifter [info] shifted lang for gallery-i18n-formats
shifter [info] shifted lang for gallery-i18n-formats
shifter [info] shifted lang for gallery-i18n-formats
shifter [info] shifted lang for gallery-i18n-formats
shifter [info] shifted lang for gallery-i18n-formats
shifter [info] shifted lang for gallery-i18n-formats
shifter [info] shifted lang for gallery-i18n-formats
shifter [info] shifted lang for gallery-i18n-formats
shifter [info] shifted lang for gallery-i18n-formats
shifter [info] shifted lang for gallery-i18n-formats
shifter [info] shifted lang for gallery-i18n-formats
shifter [info] shifted lang for gallery-i18n-formats
shifter [info] shifted lang for gallery-i18n-formats
shifter [info] shifted lang for gallery-i18n-formats
shifter [info] shifted lang for gallery-i18n-formats
shifter [info] shifted lang for gallery-i18n-formats
shifter [info] shifted lang for gallery-i18n-formats
shifter [info] shifted lang for gallery-i18n-formats
shifter [info] shifted lang for gallery-i18n-formats
shifter [info] shifted lang for gallery-i18n-formats
shifter [info] shifted lang for gallery-i18n-formats
shifter [info] shifted lang for gallery-i18n-formats
shifter [info] shifted lang for gallery-i18n-formats
shifter [info] shifted lang for gallery-i18n-formats
shifter [info] shifted lang for gallery-i18n-formats
shifter [info] shifted lang for gallery-i18n-formats
shifter [info] shifted lang for gallery-i18n-formats
shifter [info] shifted lang for gallery-i18n-formats
shifter [info] shifted lang for gallery-i18n-formats
shifter [info] shifted lang for gallery-i18n-formats
shifter [info] shifted lang for gallery-i18n-formats
shifter [info] shifted lang for gallery-i18n-formats
shifter [info] shifted lang for gallery-i18n-formats
shifter [info] shifted lang for gallery-i18n-formats
shifter [info] shifted lang for gallery-i18n-formats
shifter [info] shifted lang for gallery-i18n-formats
shifter [info] shifted lang for gallery-i18n-formats
shifter [info] shifted lang for gallery-i18n-formats
shifter [info] shifted lang for gallery-i18n-formats
shifter [info] shifted lang for gallery-i18n-formats
shifter [info] shifted lang for gallery-i18n-formats
shifter [info] shifted lang for gallery-i18n-formats
shifter [info] shifted lang for gallery-i18n-formats
shifter [info] shifted lang for gallery-i18n-formats
shifter [info] shifted lang for gallery-i18n-formats
shifter [info] shifted lang for gallery-i18n-formats
shifter [info] shifted lang for gallery-i18n-formats
shifter [info] shifted lang for gallery-i18n-formats
shifter [info] shifted lang for gallery-i18n-formats
shifter [info] shifted lang for gallery-i18n-formats
shifter [info] shifted lang for gallery-i18n-formats
shifter [info] shifted lang for gallery-i18n-formats
shifter [info] shifted lang for gallery-i18n-formats
shifter [info] shifted lang for gallery-i18n-formats
shifter [info] shifted lang for gallery-i18n-formats
shifter [info] shifted lang for gallery-i18n-formats
shifter [info] shifted lang for gallery-i18n-formats
shifter [info] shifted lang for gallery-i18n-formats
shifter [info] shifted lang for gallery-i18n-formats
shifter [info] shifted lang for gallery-i18n-formats
shifter [info] shifted lang for gallery-i18n-formats
shifter [info] shifted lang for gallery-i18n-formats
shifter [info] shifted lang for gallery-i18n-formats
shifter [info] shifted lang for gallery-i18n-formats
shifter [info] shifted lang for gallery-i18n-formats
shifter [info] shifted lang for gallery-i18n-formats
shifter [info] shifted lang for gallery-i18n-formats
shifter [info] shifted lang for gallery-i18n-formats
shifter [info] shifted lang for gallery-i18n-formats
shifter [info] shifted lang for gallery-i18n-formats
shifter [info] shifted lang for gallery-i18n-formats
shifter [info] shifted lang for gallery-i18n-formats
shifter [info] shifted lang for gallery-i18n-formats
shifter [info] shifted lang for gallery-i18n-formats
shifter [info] shifted lang for gallery-i18n-formats
shifter [info] shifted lang for gallery-i18n-formats
shifter [info] shifted lang for gallery-i18n-formats
shifter [info] shifted lang for gallery-i18n-formats
shifter [info] shifted lang for gallery-i18n-formats
shifter [info] shifted lang for gallery-i18n-formats
shifter [info] shifted lang for gallery-i18n-formats
shifter [info] shifted lang for gallery-i18n-formats
shifter [info] shifted lang for gallery-i18n-formats
shifter [info] shifted lang for gallery-i18n-formats
shifter [info] shifted lang for gallery-i18n-formats
shifter [info] shifted lang for gallery-i18n-formats
shifter [info] shifted lang for gallery-i18n-formats
shifter [info] shifted lang for gallery-i18n-formats
shifter [info] shifted lang for gallery-i18n-formats
shifter [info] shifted lang for gallery-i18n-formats
shifter [info] shifted lang for gallery-i18n-formats
shifter [info] shifted lang for gallery-i18n-formats
shifter [info] shifted lang for gallery-i18n-formats
shifter [info] shifted lang for gallery-i18n-formats
shifter [info] shifted lang for gallery-i18n-formats
shifter [info] shifted lang for gallery-i18n-formats
shifter [info] shifted lang for gallery-i18n-formats
shifter [info] shifted lang for gallery-i18n-formats
shifter [info] shifted lang for gallery-i18n-formats
shifter [info] shifted lang for gallery-i18n-formats
shifter [info] shifted lang for gallery-i18n-formats
shifter [info] shifted lang for gallery-i18n-formats
shifter [info] shifted lang for gallery-i18n-formats
shifter [info] shifted lang for gallery-i18n-formats
shifter [info] shifted lang for gallery-i18n-formats
shifter [info] shifted lang for gallery-i18n-formats
shifter [info] shifted lang for gallery-i18n-formats
shifter [info] shifted lang for gallery-i18n-formats
shifter [info] shifted lang for gallery-i18n-formats
shifter [info] shifted lang for gallery-i18n-formats
shifter [info] shifted lang for gallery-i18n-formats
shifter [info] shifted lang for gallery-i18n-formats
shifter [info] shifted lang for gallery-i18n-formats
shifter [info] shifted lang for gallery-i18n-formats
shifter [info] shifted lang for gallery-i18n-formats
shifter [info] shifted lang for gallery-i18n-formats
shifter [info] shifted lang for gallery-i18n-formats
shifter [info] shifted lang for gallery-i18n-formats
shifter [info] shifted lang for gallery-i18n-formats
shifter [info] shifted lang for gallery-i18n-formats
shifter [info] shifted lang for gallery-i18n-formats
shifter [info] shifted lang for gallery-i18n-formats
shifter [info] shifted lang for gallery-i18n-formats
shifter [info] shifted lang for gallery-i18n-formats
shifter [info] shifted lang for gallery-i18n-formats
shifter [info] shifted lang for gallery-i18n-formats
shifter [info] shifted lang for gallery-i18n-formats
shifter [info] shifted lang for gallery-i18n-formats
shifter [info] shifted lang for gallery-i18n-formats
shifter [info] shifted lang for gallery-i18n-formats
shifter [info] shifted lang for gallery-i18n-formats
shifter [info] shifted lang for gallery-i18n-formats
shifter [info] shifted lang for gallery-i18n-formats
shifter [info] shifted lang for gallery-i18n-formats
shifter [info] shifted lang for gallery-i18n-formats
shifter [info] shifted lang for gallery-i18n-formats
shifter [info] shifted lang for gallery-i18n-formats
shifter [info] shifted lang for gallery-i18n-formats
shifter [info] shifted lang for gallery-i18n-formats
shifter [info] shifted lang for gallery-i18n-formats
shifter [info] shifted lang for gallery-i18n-formats
shifter [info] done racing, the gears are toast
shifter [info] finished in 11.622 seconds, pretty fast huh?
[35myogi[0m [37m[[0m[37minfo[0m[37m][0m  build complete
[35myogi[0m [37m[[0m[37minfo[0m[37m][0m  testing module now
[35myogi[0m [37m[[0m[37minfo[0m[37m][0m  prepping grover tests
[35myogi[0m [37m[[0m[37minfo[0m[37m][0m  adding tests route
[35myogi[0m [37m[[0m[37minfo[0m[37m][0m  turning on coverage support in grover
[35myogi[0m [37m[[0m[37minfo[0m[37m][0m  launching xdr server on port 5004
[35myogi[0m [37m[[0m[37minfo[0m[37m][0m  listening on: http://127.0.0.1:5000
Starting Grover on 1 files with PhantomJS@1.8.2
  Running 15 concurrent tests at a time.
  Using a 120 second timeout per test.
✔ [gallery-i18n-formats]: Passed: 30 Failed: 0 Total: 30 (ignored 0) (0.412 seconds)
Writing files in JSON format to: /src/gallery-i18n-formats/logs/tests.json
┌─────────┬─────────┬────────┬─────────────┬────────┐
│[34m  path   [39m│[34m  lines  [39m│[34m     %  [39m│[34m  functions  [39m│[34m     %  [39m│
├─────────┼─────────┼────────┼─────────────┼────────┤
│  total  │    0/0  │  NaN%  │        0/0  │  NaN%  │
└─────────┴─────────┴────────┴─────────────┴────────┘
----------------------------------------------------------------
✔ [Total]: Passed: 30 Failed: 0 Total: 30 (ignored 0) (0.412 seconds)
  [Grover Execution Timer] 1.323 seconds
[35myogi[0m [37m[[0m[37minfo[0m[37m][0m  [32mgrover tests complete[0m
