shifter [err] /css/base.css contains 62 lint errors
   #1: [warning] Don't use adjoining classes.
       .pure-button.itsabutton-bordered, // line 4, pos 1
   #2: [warning] Unqualified attribute selectors are known to be slow.
       .itsabutton-bordered[disabled], // line 5, pos 1
   #3: [warning] Don't use adjoining classes.
       .pure-button.itsabutton-bordered[disabled] { // line 6, pos 1
   #4: [warning] Unqualified attribute selectors are known to be slow.
       .pure-button.itsabutton-bordered[disabled] { // line 6, pos 1
   #5: [warning] Don't use adjoining classes.
       .pure-button.itsabutton-bordered[disabled] { // line 6, pos 1
   #6: [warning] Don't use adjoining classes.
       .itsabutton-bordered.pure-button:active, // line 11, pos 1
   #7: [warning] Don't use adjoining classes.
       .itsabutton-bordered.pure-button:active, // line 11, pos 1
   #8: [warning] Don't use adjoining classes.
       .itsabutton-bordered.pure-button.pure-button-active, // line 12, pos 1
   #9: [warning] Don't use adjoining classes.
       .itsabutton-bordered.pure-button.pure-button-active, // line 12, pos 1
   #10: [warning] Don't use adjoining classes.
       .pure-button.itsabutton-bordered.pure-button:active, // line 13, pos 1
   #11: [warning] Don't use adjoining classes.
       .pure-button.itsabutton-bordered.pure-button:active, // line 13, pos 1
   #12: [warning] Don't use adjoining classes.
       .pure-button.itsabutton-bordered.pure-button:active, // line 13, pos 1
   #13: [warning] Don't use adjoining classes.
       .pure-button.itsabutton-bordered.pure-button.pure-button-active, // line 14, pos 1
   #14: [warning] Don't use adjoining classes.
       .pure-button.itsabutton-bordered.pure-button.pure-button-active, // line 14, pos 1
   #15: [warning] Don't use adjoining classes.
       .pure-button.itsabutton-bordered.pure-button.pure-button-active, // line 14, pos 1
   #16: [warning] Don't use adjoining classes.
       .pure-button.pure-button-active:focus { // line 15, pos 1
   #17: [warning] Don't use adjoining classes.
       .pure-button.pure-button-active:focus { // line 15, pos 1
   #18: [warning] Don't use adjoining classes.
       .pure-button.itsabutton-rounded { // line 20, pos 1
   #19: [warning] Don't use adjoining classes.
       .pure-button.itsabutton-heavyrounded { // line 25, pos 1
   #20: [warning] Don't use adjoining classes.
       .pure-button.itsabutton-oval { // line 30, pos 1
   #21: [warning] Don't use adjoining classes.
       .pure-button.itsabutton-halfoval { // line 35, pos 1
   #22: [warning] Attribute selectors with ^= are slow!
       i[class^="itsaicon-"]:before, i[class*=" itsaicon-"]:before { // line 41, pos 2
   #23: [warning] Attribute selectors with *= are slow!
       i[class^="itsaicon-"]:before, i[class*=" itsaicon-"]:before { // line 41, pos 32
   #24: [warning] Attribute selectors with ^= are slow!
       button i[class^="itsaicon-"]:before, // line 72, pos 9
   #25: [warning] Attribute selectors with *= are slow!
       button i[class*=" itsaicon-"]:before, // line 73, pos 9
   #26: [warning] Attribute selectors with ^= are slow!
       button i[class^="itsaicon-"]:before, // line 74, pos 9
   #27: [warning] Attribute selectors with *= are slow!
       button i[class*=" itsaicon-"]:before { // line 75, pos 9
   #28: [warning] Attribute selectors with ^= are slow!
       button.itsabutton-iconleft i[class^="itsaicon-"]:before, // line 79, pos 29
   #29: [warning] Attribute selectors with *= are slow!
       button.itsabutton-iconleft i[class*=" itsaicon-"]:before, // line 80, pos 29
   #30: [warning] Attribute selectors with ^= are slow!
       button.itsabutton-iconright i[class^="itsaicon-"]:before, // line 81, pos 30
   #31: [warning] Attribute selectors with *= are slow!
       button.itsabutton-iconright i[class*=" itsaicon-"]:before { // line 82, pos 30
   #32: [warning] Don't use adjoining classes.
       .pure-button.itsabutton-onlyicon { // line 87, pos 1
   #33: [warning] Don't use adjoining classes.
       .pure-button.itsabutton-iconleft) { // line 92, pos 1
   #34: [error] Unexpected token '{' at line 92, col 35.
       .pure-button.itsabutton-iconleft) { // line 92, pos 35
   #35: [error] Unexpected token ')' at line 92, col 33.
       .pure-button.itsabutton-iconleft) { // line 92, pos 33
   #36: [error] Expected LBRACE at line 92, col 33.
       .pure-button.itsabutton-iconleft) { // line 92, pos 33
   #37: [error] Unexpected token '0.5em' at line 93, col 14.
       padding: 0.5em 1.5em 0.5em 1.2em; // line 93, pos 14
   #38: [error] Unexpected token '1.5em' at line 93, col 20.
       padding: 0.5em 1.5em 0.5em 1.2em; // line 93, pos 20
   #39: [error] Unexpected token '0.5em' at line 93, col 26.
       padding: 0.5em 1.5em 0.5em 1.2em; // line 93, pos 26
   #40: [error] Unexpected token '1.2em' at line 93, col 32.
       padding: 0.5em 1.5em 0.5em 1.2em; // line 93, pos 32
   #41: [error] Unexpected token ';' at line 93, col 37.
       padding: 0.5em 1.5em 0.5em 1.2em; // line 93, pos 37
   #42: [error] Expected LBRACE at line 93, col 14.
       padding: 0.5em 1.5em 0.5em 1.2em; // line 93, pos 14
   #43: [error] Unexpected token '}' at line 94, col 1.
       } // line 94, pos 1
   #44: [warning] Don't use adjoining classes.
       .pure-button.itsabutton-iconright { // line 97, pos 1
   #45: [warning] Attribute selectors with ^= are slow!
       button.itsabutton-iconleft i[class^="itsaicon-"], // line 101, pos 29
   #46: [warning] Attribute selectors with *= are slow!
       button.itsabutton-iconleft i[class*=" itsaicon-"], // line 102, pos 29
   #47: [warning] Attribute selectors with ^= are slow!
       .pure-button.itsabutton-iconleft i[class^="itsaicon-"], // line 103, pos 35
   #48: [warning] Don't use adjoining classes.
       .pure-button.itsabutton-iconleft i[class^="itsaicon-"], // line 103, pos 1
   #49: [warning] Don't use adjoining classes.
       .pure-button.itsabutton-iconleft i[class*=" itsaicon-"] { // line 104, pos 1
   #50: [warning] Attribute selectors with *= are slow!
       .pure-button.itsabutton-iconleft i[class*=" itsaicon-"] { // line 104, pos 35
   #51: [warning] Attribute selectors with ^= are slow!
       button.itsabutton-iconright i[class^="itsaicon-"], // line 109, pos 30
   #52: [warning] Attribute selectors with *= are slow!
       button.itsabutton-iconright i[class*=" itsaicon-"], // line 110, pos 30
   #53: [warning] Attribute selectors with ^= are slow!
       .pure-button.itsabutton-iconright [class^="itsaicon-"], // line 111, pos 35
   #54: [warning] Don't use adjoining classes.
       .pure-button.itsabutton-iconright [class^="itsaicon-"], // line 111, pos 1
   #55: [warning] Unqualified attribute selectors are known to be slow.
       .pure-button.itsabutton-iconright [class^="itsaicon-"], // line 111, pos 35
   #56: [warning] Attribute selectors with *= are slow!
       .pure-button.itsabutton-iconright [class*=" itsaicon-"] { // line 112, pos 35
   #57: [warning] Don't use adjoining classes.
       .pure-button.itsabutton-iconright [class*=" itsaicon-"] { // line 112, pos 1
   #58: [warning] Unqualified attribute selectors are known to be slow.
       .pure-button.itsabutton-iconright [class*=" itsaicon-"] { // line 112, pos 35
   #59: [warning] Don't use adjoining classes.
       .pure-button.itsabutton-iconleft i.itsa-busy, // line 119, pos 1
   #60: [warning] Don't use adjoining classes.
       .pure-button.itsabutton-iconleft i.animate-spin { // line 120, pos 1
   #61: [warning] Don't use adjoining classes.
       .pure-button.itsabutton-iconright i.itsa-busy, // line 128, pos 1
   #62: [warning] Don't use adjoining classes.
       .pure-button.itsabutton-iconright i.animate-spin { // line 129, pos 1
