[35myogi[0m [37m[[0m[37minfo[0m[37m][0m  using yogi@0.1.9 on node@0.8.23
[35myogi[0m [37m[[0m[37minfo[0m[37m][0m  using module: gallery-delay
[35myogi[0m [37m[[0m[37minfo[0m[37m][0m  running with shifter
shifter [info] racing to find the closest .shifter.json file
shifter [info] revving up
shifter [info] looking for build.json file
shifter [info] found build.json file, shifting
shifter [info] putting the hammer down, let's build this thing!
shifter [info] munging in loader meta data into build.json
shifter [info] putting the hammer down
shifter [info] shifting into gear for gallery-delay
   #1: A constructor name should start with an uppercase letter.
       return new _Promise(function (fulfill) { // line 39, pos 28
   #2: A constructor name should start with an uppercase letter.
       return new _Promise(function (fulfill) { // line 51, pos 24
shifter [queu] file has changed, continuing build
shifter [queu] writing RAW file
shifter [queu] compressing gallery-delay/gallery-delay.js with UglifyJS
shifter [queu] writing -min file
shifter [info] shifting for coverage
shifter [info] shifting assets for gallery-delay
shifter [queu] coverage file read, starting coverage for: gallery-delay/gallery-delay.js
shifter [info] istanbul providing coverage
shifter [queu] instrumenting with istanbul
shifter [queu] writing coverage file to gallery-delay/gallery-delay-coverage.js
shifter [info] done racing, the gears are toast
shifter [info] finished in 0.056 seconds, pretty fast huh?
[35myogi[0m [37m[[0m[37minfo[0m[37m][0m  build complete
[35myogi[0m [37m[[0m[37minfo[0m[37m][0m  testing module now
[35myogi[0m [37m[[0m[37minfo[0m[37m][0m  prepping grover tests
[35myogi[0m [37m[[0m[37minfo[0m[37m][0m  adding tests route
[35myogi[0m [37m[[0m[37minfo[0m[37m][0m  turning on coverage support in grover
[35myogi[0m [37m[[0m[37minfo[0m[37m][0m  launching xdr server on port 5001
[35myogi[0m [37m[[0m[37minfo[0m[37m][0m  listening on: http://127.0.0.1:5000
Starting Grover on 1 files with PhantomJS@1.7.0
  Running 15 concurrent tests at a time.
  Using a 120 second timeout per test.
✖ [gallery-delay]: Passed: 0 Failed: 9 Total: 9 (ignored 0) (0.095 seconds)
    test:001-apiExists
       Y.delay should be a function.
       Unexpected: undefined (undefined) 
    test:002-delay
       Unexpected error: 'undefined' is not a function (evaluating 'Y.delay')
    test:003-delay-with-arguments-and-context
       Unexpected error: 'undefined' is not a function (evaluating 'Y.delay')
    test:004-delay-with-return-value
       Unexpected error: 'undefined' is not a function (evaluating 'Y.delay')
    test:005-delay-cancel
       Unexpected error: 'undefined' is not a function (evaluating 'Y.delay(function () {
                           a = true;
                       }, 377)')
    test:006-fast-delay
       Unexpected error: 'undefined' is not a function (evaluating 'Y.delay')
    test:007-fast-delay-with-arguments-and-context
       Unexpected error: 'undefined' is not a function (evaluating 'Y.delay')
    test:008-fast-delay-with-return-value
       Unexpected error: 'undefined' is not a function (evaluating 'Y.delay')
    test:009-fast-delay-cancel
       Unexpected error: 'undefined' is not a function (evaluating 'Y.delay(function () {
                           a = true;
                       })')
Writing files in JSON format to: /src/gallery-delay/logs/tests.json
[35myogi[0m [37m[[0m[31mbail[0m[37m][0m grover returned a failure
