shifter [info] revving up
shifter [info] looking for build.json file
shifter [info] found build.json file, shifting
shifter [info] putting the hammer down, let's build this thing!
shifter [info] munging in loader meta data into build.json
shifter [info] putting the hammer down
shifter [info] shifting into gear for gallery-itsacheckbox
shifter [info] deleting build dir: /build/gallery-itsacheckbox
shifter [queu] writing RAW file
shifter [queu] compressing gallery-itsacheckbox/gallery-itsacheckbox.js with UglifyJS
shifter [queu] writing -min file
shifter [info] shifting for coverage
shifter [info] shifting skin for gallery-itsacheckbox
shifter [info] found a subskin, shifting for gallery-itsacheckbox
shifter [queu] coverage file read, starting coverage for: gallery-itsacheckbox/gallery-itsacheckbox.js
shifter [info] istanbul providing coverage
shifter [queu] instrumenting with istanbul
shifter [queu] writing coverage file to gallery-itsacheckbox/gallery-itsacheckbox-coverage.js
shifter [queu] copying assets to skin for sam
shifter [queu] writing skin file with core wrapper
shifter [queu] writing skin file without core wrapper
shifter [info] done racing, the gears are toast
shifter [info] finished in 0.399 seconds, pretty fast huh?
