[35myogi[0m [37m[[0m[37minfo[0m[37m][0m  using yogi@0.0.65 on node@0.8.17
[35myogi[0m [37m[[0m[37minfo[0m[37m][0m  using module: gallery-accordion-horiz-vert
[35myogi[0m [37m[[0m[37minfo[0m[37m][0m  prepping grover tests
[35myogi[0m [37m[[0m[37minfo[0m[37m][0m  adding tests route
[35myogi[0m [37m[[0m[37minfo[0m[37m][0m  turning on coverage support in grover
[35myogi[0m [37m[[0m[37minfo[0m[37m][0m  launching xdr server on port 5021
[35myogi[0m [37m[[0m[37minfo[0m[37m][0m  listening on: http://127.0.0.1:5020
Starting Grover on 1 files with PhantomJS@1.8.0
  Running 15 concurrent tests at a time.
  Using a 120 second timeout per test.
✔ [gallery-accordion-horiz-vert]: Passed: 0 Failed: 0 Total: 0 (ignored 0) (0.001 seconds) 8%
Writing files in JSON format to: /src/gallery-accordion-horiz-vert/logs/tests.json

--------------------------------------+-----------+-----------+-----------+-----------+
File                                  |   % Stmts |% Branches |   % Funcs |   % Lines |
--------------------------------------+-----------+-----------+-----------+-----------+
   gallery-accordion-horiz-vert/      |      8.16 |      1.74 |      2.17 |      8.16 |
      gallery-accordion-horiz-vert.js |      8.16 |      1.74 |      2.17 |      8.16 |
--------------------------------------+-----------+-----------+-----------+-----------+
All files                             |      8.16 |      1.74 |      2.17 |      8.16 |
--------------------------------------+-----------+-----------+-----------+-----------+


=============================== Coverage summary ===============================
Statements   : 8.16% ( 27/331 )
Branches     : 1.74% ( 3/172 )
Functions    : 2.17% ( 1/46 )
Lines        : 8.16% ( 27/331 )
================================================================================
----------------------------------------------------------------
✔ [Total]: Passed: 0 Failed: 0 Total: 0 (ignored 0) (0.001 seconds)
  [Grover Execution Timer] 1.351 seconds
[35myogi[0m [37m[[0m[37minfo[0m[37m][0m  [32mgrover tests complete[0m
