shifter [err] /css/dialog.css contains 38 lint errors
   #1: [warning] Expected (<number> | <percentage> | normal) but found 'expression(this)'.
       i.itsaicon-dialog-error { *zoom: expression( this.runtimeStyle['zoom'] = '1', this.innerHTML = '&#xe805;&nbsp;'); } // line 1, pos 27
   #2: [warning] Property with star prefix found.
       i.itsaicon-dialog-error { *zoom: expression( this.runtimeStyle['zoom'] = '1', this.innerHTML = '&#xe805;&nbsp;'); } // line 1, pos 27
   #3: [error] Expected RBRACE at line 1, col 50.
       i.itsaicon-dialog-error { *zoom: expression( this.runtimeStyle['zoom'] = '1', this.innerHTML = '&#xe805;&nbsp;'); } // line 1, pos 50
   #4: [warning] Property with star prefix found.
       i.itsaicon-dialog-question2 { *zoom: expression( this.runtimeStyle['zoom'] = '1', this.innerHTML = '&#xe803;&nbsp;'); } // line 2, pos 31
   #5: [warning] Expected (<number> | <percentage> | normal) but found 'expression(this)'.
       i.itsaicon-dialog-question2 { *zoom: expression( this.runtimeStyle['zoom'] = '1', this.innerHTML = '&#xe803;&nbsp;'); } // line 2, pos 31
   #6: [error] Expected RBRACE at line 2, col 54.
       i.itsaicon-dialog-question2 { *zoom: expression( this.runtimeStyle['zoom'] = '1', this.innerHTML = '&#xe803;&nbsp;'); } // line 2, pos 54
   #7: [warning] Expected (<number> | <percentage> | normal) but found 'expression(this)'.
       i.itsaicon-dialog-question { *zoom: expression( this.runtimeStyle['zoom'] = '1', this.innerHTML = '&#xe802;&nbsp;'); } // line 3, pos 30
   #8: [warning] Property with star prefix found.
       i.itsaicon-dialog-question { *zoom: expression( this.runtimeStyle['zoom'] = '1', this.innerHTML = '&#xe802;&nbsp;'); } // line 3, pos 30
   #9: [error] Expected RBRACE at line 3, col 53.
       i.itsaicon-dialog-question { *zoom: expression( this.runtimeStyle['zoom'] = '1', this.innerHTML = '&#xe802;&nbsp;'); } // line 3, pos 53
   #10: [warning] Property with star prefix found.
       i.itsaicon-dialog-inform { *zoom: expression( this.runtimeStyle['zoom'] = '1', this.innerHTML = '&#xe801;&nbsp;'); } // line 4, pos 28
   #11: [warning] Expected (<number> | <percentage> | normal) but found 'expression(this)'.
       i.itsaicon-dialog-inform { *zoom: expression( this.runtimeStyle['zoom'] = '1', this.innerHTML = '&#xe801;&nbsp;'); } // line 4, pos 28
   #12: [error] Expected RBRACE at line 4, col 51.
       i.itsaicon-dialog-inform { *zoom: expression( this.runtimeStyle['zoom'] = '1', this.innerHTML = '&#xe801;&nbsp;'); } // line 4, pos 51
   #13: [warning] Expected (<number> | <percentage> | normal) but found 'expression(this)'.
       i.itsaicon-dialog-info { *zoom: expression( this.runtimeStyle['zoom'] = '1', this.innerHTML = '&#xe800;&nbsp;'); } // line 5, pos 26
   #14: [warning] Property with star prefix found.
       i.itsaicon-dialog-info { *zoom: expression( this.runtimeStyle['zoom'] = '1', this.innerHTML = '&#xe800;&nbsp;'); } // line 5, pos 26
   #15: [error] Expected RBRACE at line 5, col 49.
       i.itsaicon-dialog-info { *zoom: expression( this.runtimeStyle['zoom'] = '1', this.innerHTML = '&#xe800;&nbsp;'); } // line 5, pos 49
   #16: [warning] Expected (<number> | <percentage> | normal) but found 'expression(this)'.
       i.itsaicon-dialog-warn { *zoom: expression( this.runtimeStyle['zoom'] = '1', this.innerHTML = '&#xe804;&nbsp;'); } // line 6, pos 26
   #17: [warning] Property with star prefix found.
       i.itsaicon-dialog-warn { *zoom: expression( this.runtimeStyle['zoom'] = '1', this.innerHTML = '&#xe804;&nbsp;'); } // line 6, pos 26
   #18: [error] Expected RBRACE at line 6, col 49.
       i.itsaicon-dialog-warn { *zoom: expression( this.runtimeStyle['zoom'] = '1', this.innerHTML = '&#xe804;&nbsp;'); } // line 6, pos 49
   #19: [warning] Expected (<number> | <percentage> | normal) but found 'expression(this)'.
       i.itsaicon-dialog-login { *zoom: expression( this.runtimeStyle['zoom'] = '1', this.innerHTML = '&#xe807;&nbsp;'); } // line 7, pos 27
   #20: [warning] Property with star prefix found.
       i.itsaicon-dialog-login { *zoom: expression( this.runtimeStyle['zoom'] = '1', this.innerHTML = '&#xe807;&nbsp;'); } // line 7, pos 27
   #21: [error] Expected RBRACE at line 7, col 50.
       i.itsaicon-dialog-login { *zoom: expression( this.runtimeStyle['zoom'] = '1', this.innerHTML = '&#xe807;&nbsp;'); } // line 7, pos 50
   #22: [warning] Expected (<number> | <percentage> | normal) but found 'expression(this)'.
       i.itsaicon-dialog-logout { *zoom: expression( this.runtimeStyle['zoom'] = '1', this.innerHTML = '&#xe808;&nbsp;'); } // line 8, pos 28
   #23: [error] Expected RBRACE at line 8, col 51.
       i.itsaicon-dialog-logout { *zoom: expression( this.runtimeStyle['zoom'] = '1', this.innerHTML = '&#xe808;&nbsp;'); } // line 8, pos 51
   #24: [warning] Property with star prefix found.
       i.itsaicon-dialog-logout { *zoom: expression( this.runtimeStyle['zoom'] = '1', this.innerHTML = '&#xe808;&nbsp;'); } // line 8, pos 28
   #25: [warning] Expected (<number> | <percentage> | normal) but found 'expression(this)'.
       i.itsaicon-dialog-key { *zoom: expression( this.runtimeStyle['zoom'] = '1', this.innerHTML = '&#xe806;&nbsp;'); } // line 9, pos 25
   #26: [warning] Property with star prefix found.
       i.itsaicon-dialog-key { *zoom: expression( this.runtimeStyle['zoom'] = '1', this.innerHTML = '&#xe806;&nbsp;'); } // line 9, pos 25
   #27: [error] Expected RBRACE at line 9, col 48.
       i.itsaicon-dialog-key { *zoom: expression( this.runtimeStyle['zoom'] = '1', this.innerHTML = '&#xe806;&nbsp;'); } // line 9, pos 48
   #28: [warning] Expected (<number> | <percentage> | normal) but found 'expression(this)'.
       i.itsaicon-dialog-mail { *zoom: expression( this.runtimeStyle['zoom'] = '1', this.innerHTML = '&#xe80a;&nbsp;'); } // line 10, pos 26
   #29: [warning] Property with star prefix found.
       i.itsaicon-dialog-mail { *zoom: expression( this.runtimeStyle['zoom'] = '1', this.innerHTML = '&#xe80a;&nbsp;'); } // line 10, pos 26
   #30: [error] Expected RBRACE at line 10, col 49.
       i.itsaicon-dialog-mail { *zoom: expression( this.runtimeStyle['zoom'] = '1', this.innerHTML = '&#xe80a;&nbsp;'); } // line 10, pos 49
   #31: [warning] Expected (<number> | <percentage> | normal) but found 'expression(this)'.
       i.itsaicon-dialog-user { *zoom: expression( this.runtimeStyle['zoom'] = '1', this.innerHTML = '&#xe809;&nbsp;'); } // line 11, pos 26
   #32: [warning] Property with star prefix found.
       i.itsaicon-dialog-user { *zoom: expression( this.runtimeStyle['zoom'] = '1', this.innerHTML = '&#xe809;&nbsp;'); } // line 11, pos 26
   #33: [error] Expected RBRACE at line 11, col 49.
       i.itsaicon-dialog-user { *zoom: expression( this.runtimeStyle['zoom'] = '1', this.innerHTML = '&#xe809;&nbsp;'); } // line 11, pos 49
   #34: [warning] Expected (<number> | <percentage> | normal) but found 'expression(this)'.
       i.itsaicon-dialog-switch { *zoom: expression( this.runtimeStyle['zoom'] = '1', this.innerHTML = '&#xe80b;&nbsp;'); }@font-face { // line 12, pos 28
   #35: [warning] Property with star prefix found.
       i.itsaicon-dialog-switch { *zoom: expression( this.runtimeStyle['zoom'] = '1', this.innerHTML = '&#xe80b;&nbsp;'); }@font-face { // line 12, pos 28
   #36: [error] Expected RBRACE at line 12, col 51.
       i.itsaicon-dialog-switch { *zoom: expression( this.runtimeStyle['zoom'] = '1', this.innerHTML = '&#xe80b;&nbsp;'); }@font-face { // line 12, pos 51
   #37: [warning] Attribute selectors with ^= are slow!
       i[class^="itsaicon-dialog-"]:before, // line 37, pos 2
   #38: [warning] Attribute selectors with *= are slow!
       i[class*=" itsaicon-dialog-"]:before { // line 38, pos 2
