[35myogi[0m [37m[[0m[37minfo[0m[37m][0m  using yogi@0.0.66 on node@0.8.18
[35myogi[0m [37m[[0m[37minfo[0m[37m][0m  using module: gallery-md-timespinner
[35myogi[0m [37m[[0m[37minfo[0m[37m][0m  running with shifter
shifter [info] racing to find the closest .shifter.json file
shifter [info] revving up
shifter [info] looking for build.json file
shifter [info] found build.json file, shifting
shifter [info] putting the hammer down, let's build this thing!
shifter [info] munging in loader meta data into build.json
shifter [info] putting the hammer down
shifter [info] shifting into gear for gallery-md-timespinner
shifter [queu] file has changed, continuing build
shifter [queu] writing RAW file
shifter [queu] compressing gallery-md-timespinner/gallery-md-timespinner.js with UglifyJS
shifter [queu] writing -min file
shifter [info] shifting for coverage
shifter [info] shifting assets for gallery-md-timespinner
shifter [queu] coverage file read, starting coverage for: gallery-md-timespinner/gallery-md-timespinner.js
shifter [info] istanbul providing coverage
shifter [queu] instrumenting with istanbul
shifter [queu] writing coverage file to gallery-md-timespinner/gallery-md-timespinner-coverage.js
shifter [info] done racing, the gears are toast
shifter [info] finished in 0.224 seconds, pretty fast huh?
[35myogi[0m [37m[[0m[37minfo[0m[37m][0m  build complete
[35myogi[0m [37m[[0m[37minfo[0m[37m][0m  testing module now
[35myogi[0m [37m[[0m[37minfo[0m[37m][0m  prepping grover tests
[35myogi[0m [37m[[0m[31mbail[0m[37m][0m seems this module does not have tests, you should add some :)
