[35myogi[0m [37m[[0m[37minfo[0m[37m][0m  using yogi@0.1.6 on node@0.8.22
[35myogi[0m [37m[[0m[37minfo[0m[37m][0m  using module: gallery-advanced-date-timezone
[35myogi[0m [37m[[0m[37minfo[0m[37m][0m  running with shifter
shifter [info] racing to find the closest .shifter.json file
shifter [info] revving up
shifter [info] looking for build.json file
shifter [info] found build.json file, shifting
shifter [info] putting the hammer down, let's build this thing!
shifter [info] munging in loader meta data into build.json
shifter [info] putting the hammer down
shifter [info] shifting into gear for gallery-advanced-date-timezone
shifter [queu] writing RAW file
shifter [queu] compressing gallery-advanced-date-timezone/gallery-advanced-date-timezone.js with UglifyJS
shifter [queu] writing -min file
shifter [info] shifting for coverage
shifter [queu] coverage file read, starting coverage for: gallery-advanced-date-timezone/gallery-advanced-date-timezone.js
shifter [info] istanbul providing coverage
shifter [queu] instrumenting with istanbul
shifter [queu] writing coverage file to gallery-advanced-date-timezone/gallery-advanced-date-timezone-coverage.js
shifter [info] done racing, the gears are toast
shifter [info] finished in 1.37 seconds, pretty fast huh?
[35myogi[0m [37m[[0m[37minfo[0m[37m][0m  build complete
[35myogi[0m [37m[[0m[37minfo[0m[37m][0m  testing module now
[35myogi[0m [37m[[0m[37minfo[0m[37m][0m  prepping grover tests
[35myogi[0m [37m[[0m[37minfo[0m[37m][0m  adding tests route
[35myogi[0m [37m[[0m[37minfo[0m[37m][0m  turning on coverage support in grover
[35myogi[0m [37m[[0m[37minfo[0m[37m][0m  launching xdr server on port 5001
[35myogi[0m [37m[[0m[37minfo[0m[37m][0m  listening on: http://127.0.0.1:5000
Starting Grover on 1 files with PhantomJS@1.8.1
  Running 15 concurrent tests at a time.
  Using a 120 second timeout per test.
✔ [gallery-advanced-date-timezone]: Passed: 8 Failed: 0 Total: 8 (ignored 0) (0.096 seconds) 72%
Writing files in JSON format to: /src/gallery-advanced-date-timezone/logs/tests.json

----------------------------------------+-----------+-----------+-----------+-----------+
File                                    |   % Stmts |% Branches |   % Funcs |   % Lines |
----------------------------------------+-----------+-----------+-----------+-----------+
   gallery-advanced-date-timezone/      |      72.9 |     57.07 |     85.71 |     72.76 |
      gallery-advanced-date-timezone.js |      72.9 |     57.07 |     85.71 |     72.76 |
----------------------------------------+-----------+-----------+-----------+-----------+
All files                               |      72.9 |     57.07 |     85.71 |     72.76 |
----------------------------------------+-----------+-----------+-----------+-----------+


=============================== Coverage summary ===============================
Statements   : 72.9% ( 191/262 )
Branches     : 57.07% ( 113/198 )
Functions    : 85.71% ( 30/35 )
Lines        : 72.76% ( 187/257 )
================================================================================
----------------------------------------------------------------
✔ [Total]: Passed: 8 Failed: 0 Total: 8 (ignored 0) (0.096 seconds)
  [Grover Execution Timer] 2.425 seconds
[35myogi[0m [37m[[0m[37minfo[0m[37m][0m  [32mgrover tests complete[0m
