[35myogi[0m [37m[[0m[37minfo[0m[37m][0m  using yogi@0.0.76 on node@0.8.22
[35myogi[0m [37m[[0m[37minfo[0m[37m][0m  using module: patch-390-transition-htcbutterfly
[35myogi[0m [37m[[0m[37minfo[0m[37m][0m  running with shifter
shifter [info] racing to find the closest .shifter.json file
shifter [info] revving up
shifter [info] looking for build.json file
shifter [info] found build.json file, shifting
shifter [info] putting the hammer down, let's build this thing!
shifter [info] munging in loader meta data into build.json
shifter [info] putting the hammer down
shifter [info] shifting into gear for patch-390-transition-htcbutterfly
   #1: Too many var statements.
       var _wrapCallBack = function(anim, fn, callback) { // line 568, pos 5
   #2: 'callback' is defined but never used.
       Y.NodeList.prototype.toggleView = function(name, on, callback) { // line 682, pos 62
   #3: 'on' is defined but never used.
       Y.NodeList.prototype.toggleView = function(name, on, callback) { // line 682, pos 52
   #4: 'name' is defined but never used.
       Y.NodeList.prototype.toggleView = function(name, on, callback) { // line 682, pos 48
shifter [queu] writing RAW file
shifter [queu] compressing patch-390-transition-htcbutterfly/patch-390-transition-htcbutterfly.js with UglifyJS
shifter [queu] writing -min file
shifter [info] shifting for coverage
shifter [queu] coverage file read, starting coverage for: patch-390-transition-htcbutterfly/patch-390-transition-htcbutterfly.js
shifter [info] istanbul providing coverage
shifter [queu] instrumenting with istanbul
shifter [queu] writing coverage file to patch-390-transition-htcbutterfly/patch-390-transition-htcbutterfly-coverage.js
shifter [info] done racing, the gears are toast
shifter [info] finished in 0.463 seconds, pretty fast huh?
[35myogi[0m [37m[[0m[37minfo[0m[37m][0m  build complete
[35myogi[0m [37m[[0m[37minfo[0m[37m][0m  testing module now
[35myogi[0m [37m[[0m[37minfo[0m[37m][0m  prepping grover tests
[35myogi[0m [37m[[0m[31mbail[0m[37m][0m seems this module does not have tests, you should add some :)
