[35mshifter[0m [33m[warn][0m no build.json file, downshifting to convert ant files
[35mshifter[0m [37m[info][0m revving up
[35mshifter[0m [37m[info][0m looking for build.json file
[35mshifter[0m [37m[info][0m found build.json file, shifting
[35mshifter[0m [37m[info][0m putting the hammer down, let's build this thing!
[35mshifter[0m [33m[warn][0m down shifting, can't find a meta directory
[35mshifter[0m [37m[info][0m putting the hammer down
[35mshifter[0m [37m[info][0m shifting into gear for gallery-datatable-selection
[35mshifter[0m [37m[info][0m deleting build dir: /build/gallery-datatable-selection
[35mshifter[0m [36m[queu][0m writing RAW file
[35mshifter[0m [36m[queu][0m compressing gallery-datatable-selection/gallery-datatable-selection.js with UglifyJS
[35mshifter[0m [36m[queu][0m writing -min file
[35mshifter[0m [37m[info][0m shifting for coverage
[35mshifter[0m [37m[info][0m shifting skin for gallery-datatable-selection
[35mshifter[0m [36m[queu][0m coverage file read, starting coverage for: gallery-datatable-selection/gallery-datatable-selection.js
[35mshifter[0m [36m[queu][0m copying assets to skin for sam
[35mshifter[0m [37m[info][0m istanbul providing coverage
[35mshifter[0m [36m[queu][0m instrumenting with istanbul
[35mshifter[0m [36m[queu][0m writing coverage file to gallery-datatable-selection/gallery-datatable-selection-coverage.js
[35mshifter[0m [36m[queu][0m writing skin file with core wrapper
[35mshifter[0m [36m[queu][0m writing skin file without core wrapper
[35mshifter[0m [37m[info][0m done racing, the gears are toast
[35mshifter[0m [37m[info][0m finished in 0.861 seconds, pretty fast huh?
