[35myogi[0m [37m[[0m[37minfo[0m[37m][0m  using yogi@0.1.9 on node@0.8.23
[35myogi[0m [37m[[0m[37minfo[0m[37m][0m  using module: gallery-itsaviewmodelpanel
[35myogi[0m [37m[[0m[37minfo[0m[37m][0m  running with shifter
shifter [info] racing to find the closest .shifter.json file
shifter [info] revving up
shifter [info] looking for build.json file
shifter [info] found build.json file, shifting
shifter [info] putting the hammer down, let's build this thing!
shifter [info] munging in loader meta data into build.json
shifter [info] putting the hammer down
shifter [info] shifting into gear for gallery-itsaviewmodelpanel
   #1: 'syncOptions' is not defined.
       syncOptions = instance.get('syncOptions'); // line 257, pos 13
   #2: 'options' is not defined.
       options = Y.merge({remove: true}, syncOptions.destroy || {}); // line 258, pos 13
   #3: 'syncOptions' is not defined.
       options = Y.merge({remove: true}, syncOptions.destroy || {}); // line 258, pos 47
   #4: 'options' is not defined.
       e.promise = model.destroyPromise(options); // line 259, pos 46
   #5: 'button' is not defined.
       button = e.target, // line 277, pos 13
   #6: 'button' is not defined.
       button.focus(); // line 279, pos 13
   #7: 'button' is not defined.
       e.buttonNode = button; // line 280, pos 28
   #8: 'button' is not defined.
       button = e.target, // line 301, pos 13
   #9: 'button' is not defined.
       button.focus(); // line 303, pos 13
   #10: 'button' is not defined.
       e.buttonNode = button; // line 304, pos 28
   #11: 'syncOptions' is not defined.
       syncOptions = instance.get('syncOptions'); // line 307, pos 13
   #12: 'options' is not defined.
       options = syncOptions.save || {}; // line 308, pos 13
   #13: 'syncOptions' is not defined.
       options = syncOptions.save || {}; // line 308, pos 23
   #14: 'options' is not defined.
       e.promise = model.savePromise(options); // line 309, pos 43
   #15: 'button' is not defined.
       button = e.target, // line 334, pos 13
   #16: 'button' is not defined.
       button.focus(); // line 336, pos 13
   #17: 'button' is not defined.
       e.buttonNode = button; // line 337, pos 28
   #18: 'syncOptions' is not defined.
       syncOptions = instance.get('syncOptions'); // line 340, pos 13
   #19: 'options' is not defined.
       options = syncOptions.submit || {}; // line 341, pos 13
   #20: 'syncOptions' is not defined.
       options = syncOptions.submit || {}; // line 341, pos 23
   #21: 'options' is not defined.
       e.promise = model.submitPromise(options); // line 342, pos 45
shifter [queu] file has changed, continuing build
shifter [queu] writing RAW file
shifter [queu] compressing gallery-itsaviewmodelpanel/gallery-itsaviewmodelpanel.js with UglifyJS
shifter [queu] writing -min file
shifter [info] shifting for coverage
shifter [info] shifting skin for gallery-itsaviewmodelpanel
shifter [info] found a subskin, shifting for gallery-itsaviewmodelpanel
shifter [queu] coverage file read, starting coverage for: gallery-itsaviewmodelpanel/gallery-itsaviewmodelpanel.js
shifter [info] istanbul providing coverage
shifter [queu] instrumenting with istanbul
shifter [queu] writing coverage file to gallery-itsaviewmodelpanel/gallery-itsaviewmodelpanel-coverage.js
shifter [queu] copying assets to skin for night
shifter [queu] copying assets to skin for sam
   #1: [warning] Don't use adjoining classes.
       .yui3-itsaviewmodelpanel.itsa-staticposition { // line 4, pos 1
   #2: [warning] Property with star prefix found.
       *display: inline; // line 7, pos 5
   #3: [warning] Outlines shouldn't be hidden unless other visual changes are made.
       .yui3-itsaviewmodelpanel:focus { // line 12, pos 1
   #4: [warning] Use of !important
       overflow: hidden !important; // line 22, pos 5
   #5: [warning] Property with star prefix found.
       *display: inline; // line 34, pos 5
   #6: [warning] Don't use adjoining classes.
       .yui3-skin-sam .yui3-itsaviewmodelpanel.itsa-modelview-styled .yui3-widget-hd { // line 39, pos 16
   #7: [warning] Don't use adjoining classes.
       .yui3-skin-sam .yui3-itsaviewmodelpanel.itsa-modelview-styled .yui3-widget-ft { // line 48, pos 16
   #8: [warning] Don't use adjoining classes.
       .yui3-skin-sam .yui3-itsaviewmodel.yui3-itsaviewmodelpanel, // line 55, pos 16
   #9: [warning] Don't use adjoining classes.
       .yui3-skin-sam .yui3-itsaviewmodel.itsa-modelview-styled.yui3-itsaviewmodelpanel { // line 56, pos 16
   #10: [warning] Don't use adjoining classes.
       .yui3-skin-sam .yui3-itsaviewmodel.itsa-modelview-styled.yui3-itsaviewmodelpanel { // line 56, pos 16
   #11: [warning] Don't use adjoining classes.
       .yui3-button.itsa-button-datetime.yui3-itsaformelement-inlinebutton { // line 63, pos 1
   #12: [warning] Don't use adjoining classes.
       .yui3-button.itsa-button-datetime.yui3-itsaformelement-inlinebutton { // line 63, pos 1
   #13: [warning] Missing vendor-prefixed CSS gradients for Webkit (Safari 5+, Chrome), Opera 11.1+.
       .yui3-skin-night .yui3-itsaviewmodelpanel .yui3-widget-hd { // line 85, pos 1
   #14: [warning] Using height with padding can sometimes make elements larger than you expect.
       padding: 11px 57px 11px 22px;   /* Room for close button. */ // line 87, pos 5
   #15: [warning] Property with underscore prefix found.
       _height: 17px;                  /* IE6 */ // line 89, pos 5
   #16: [warning] Don't use adjoining classes.
       .yui3-skin-night .yui3-itsaviewmodelpanel .yui3-widget-hd .yui3-button.yui3-button-close { // line 151, pos 59
   #17: [warning] Values of 0 shouldn't have units specified.
       margin-right: 0px; // line 152, pos 19
   #18: [warning] Values of 0 shouldn't have units specified.
       margin-top: 0px; // line 153, pos 17
   #19: [warning] Property with star prefix found.
       *font-size: 0; // line 179, pos 5
   #20: [warning] Property with star prefix found.
       *line-height: 0; // line 180, pos 5
   #21: [warning] Property with star prefix found.
       *letter-spacing: -1000px; // line 181, pos 5
   #22: [warning] Property with star prefix found.
       *color: #86A5EC; // line 182, pos 5
   #23: [warning] Duplicate property '*background' found.
       *background: url(sprite_icons.png) no-repeat center 3px; // line 183, pos 5
   #24: [warning] Property with star prefix found.
       *background: url(sprite_icons.png) no-repeat center 3px; // line 183, pos 5
   #25: [warning] Property with star prefix found.
       *display: inline; // line 195, pos 5
   #26: [warning] width can't be used with display: inline.
       width: 22px; // line 199, pos 5
   #27: [warning] margin can't be used with display: inline.
       margin: 3px 0 0 1px; // line 200, pos 5
   #1: [warning] Don't use adjoining classes.
       .yui3-itsaviewmodelpanel.itsa-staticposition { // line 4, pos 1
   #2: [warning] Property with star prefix found.
       *display: inline; // line 7, pos 5
   #3: [warning] Outlines shouldn't be hidden unless other visual changes are made.
       .yui3-itsaviewmodelpanel:focus { // line 12, pos 1
   #4: [warning] Use of !important
       overflow: hidden !important; // line 22, pos 5
   #5: [warning] Property with star prefix found.
       *display: inline; // line 34, pos 5
   #6: [warning] Don't use adjoining classes.
       .yui3-skin-sam .yui3-itsaviewmodelpanel.itsa-modelview-styled .yui3-widget-hd { // line 39, pos 16
   #7: [warning] Don't use adjoining classes.
       .yui3-skin-sam .yui3-itsaviewmodelpanel.itsa-modelview-styled .yui3-widget-ft { // line 48, pos 16
   #8: [warning] Don't use adjoining classes.
       .yui3-skin-sam .yui3-itsaviewmodel.yui3-itsaviewmodelpanel, // line 55, pos 16
   #9: [warning] Don't use adjoining classes.
       .yui3-skin-sam .yui3-itsaviewmodel.itsa-modelview-styled.yui3-itsaviewmodelpanel { // line 56, pos 16
   #10: [warning] Don't use adjoining classes.
       .yui3-skin-sam .yui3-itsaviewmodel.itsa-modelview-styled.yui3-itsaviewmodelpanel { // line 56, pos 16
   #11: [warning] Don't use adjoining classes.
       .yui3-button.itsa-button-datetime.yui3-itsaformelement-inlinebutton { // line 63, pos 1
   #12: [warning] Don't use adjoining classes.
       .yui3-button.itsa-button-datetime.yui3-itsaformelement-inlinebutton { // line 63, pos 1
   #13: [warning] Missing vendor-prefixed CSS gradients for Webkit (Safari 5+, Chrome), Opera 11.1+.
       .yui3-skin-sam .yui3-itsaviewmodelpanel .yui3-widget-hd { // line 77, pos 1
   #14: [warning] Using height with padding can sometimes make elements larger than you expect.
       padding: 10px 28px 8px 8px;  /* Room for close button. */ // line 79, pos 5
   #15: [warning] Property with underscore prefix found.
       _height: 13px;              /* IE6 */ // line 81, pos 5
   #16: [warning] Don't use adjoining classes.
       .yui3-skin-sam .yui3-itsaviewmodelpanel .yui3-widget-hd .yui3-button.yui3-button-close { // line 123, pos 57
   #17: [warning] Values of 0 shouldn't have units specified.
       margin-right: 0px; // line 124, pos 19
   #18: [warning] Values of 0 shouldn't have units specified.
       margin-top: 0px; // line 125, pos 17
   #19: [warning] Property with star prefix found.
       *font-size: 0; // line 154, pos 5
   #20: [warning] Property with star prefix found.
       *line-height: 0; // line 155, pos 5
   #21: [warning] Property with star prefix found.
       *letter-spacing: -1000px; // line 156, pos 5
   #22: [warning] Property with star prefix found.
       *color: #86A5EC; // line 157, pos 5
   #23: [warning] Duplicate property '*background' found.
       *background: url(sprite_icons.png) no-repeat 1px 1px; // line 158, pos 5
   #24: [warning] Property with star prefix found.
       *background: url(sprite_icons.png) no-repeat 1px 1px; // line 158, pos 5
   #25: [warning] Property with star prefix found.
       *display: inline; // line 167, pos 5
   #26: [warning] width can't be used with display: inline.
       width: 13px; // line 171, pos 5
   #27: [warning] margin can't be used with display: inline.
       margin: 1px 0 0 1px; // line 172, pos 5
shifter [queu] writing skin file with core wrapper
shifter [queu] writing skin file with core wrapper
shifter [queu] writing skin file without core wrapper
shifter [queu] writing skin file without core wrapper
shifter [info] done racing, the gears are toast
shifter [info] finished in 0.657 seconds, pretty fast huh?
[35myogi[0m [37m[[0m[37minfo[0m[37m][0m  build complete
[35myogi[0m [37m[[0m[37minfo[0m[37m][0m  testing module now
[35myogi[0m [37m[[0m[37minfo[0m[37m][0m  prepping grover tests
[35myogi[0m [37m[[0m[37minfo[0m[37m][0m  adding tests route
[35myogi[0m [37m[[0m[37minfo[0m[37m][0m  turning on coverage support in grover
[35myogi[0m [37m[[0m[37minfo[0m[37m][0m  launching xdr server on port 5007
[35myogi[0m [37m[[0m[37minfo[0m[37m][0m  listening on: http://127.0.0.1:5006
Starting Grover on 1 files with PhantomJS@1.8.1
  Running 15 concurrent tests at a time.
  Using a 120 second timeout per test.
✖ [gallery-itsaviewmodelpanel]: Passed: 0 Failed: 1 Total: 1 (ignored 0) (0.005 seconds)
    test is empty
       No Tests Provided For This Module
Writing files in JSON format to: /src/gallery-itsaviewmodelpanel/logs/tests.json
[35myogi[0m [37m[[0m[31mbail[0m[37m][0m grover returned a failure
