[35myogi[39m [37m[37m[[39m[37minfo[39m[37m][39m[39m  using yogi@0.0.35 on node@0.8.14
[35myogi[39m [37m[37m[[39m[33mwarn[39m[37m][39m[39m  THIS IS EXPERIMENTAL, USE AT YOUR OWN RISK!!
[35myogi[39m [37m[37m[[39m[37minfo[39m[37m][39m[39m  using module: gallery-bitly
[35myogi[39m [37m[37m[[39m[37minfo[39m[37m][39m[39m  prepping grover tests
[35myogi[39m [37m[37m[[39m[37minfo[39m[37m][39m[39m  adding tests route
[35myogi[39m [37m[37m[[39m[37minfo[39m[37m][39m[39m  listening on: http://127.0.0.1:5012
[35myogi[39m [37m[37m[[39m[37minfo[39m[37m][39m[39m  turning on coverage support in grover
Starting Grover on 1 files with PhantomJS@1.7.0
  Running 15 concurrent tests at a time.
  Using a 120 second timeout per test.
✔ [gallery-bitly]: Passed: 3 Failed: 0 Total: 3 (ignored 0) (0.027 seconds) 23%
Writing files in JSON format to: /ssd/home/yui/src/gallery-build/cdn_gallery-2012.11.09-01-41/src/gallery-bitly/logs/tests.json

----------------+-----------+-----------+-----------+-----------+
File            |   % Stmts |% Branches |   % Funcs |   % Lines |
----------------+-----------+-----------+-----------+-----------+
   build/       |     23.08 |     16.67 |     22.22 |     23.08 |
      All files |     23.08 |     16.67 |     22.22 |     23.08 |
----------------+-----------+-----------+-----------+-----------+
All files       |     23.08 |     16.67 |     22.22 |     23.08 |
----------------+-----------+-----------+-----------+-----------+


=============================== Coverage summary ===============================
Statements   : 23.08% ( 9/39 )
Branches     : 16.67% ( 3/18 )
Functions    : 22.22% ( 4/18 )
Lines        : 23.08% ( 9/39 )
================================================================================
----------------------------------------------------------------
✔ [Total]: Passed: 3 Failed: 0 Total: 3 (ignored 0) (0.027 seconds)
  [Grover Execution Timer] 0.683 seconds
[35myogi[39m [37m[37m[[39m[37minfo[39m[37m][39m[39m  [32mgrover tests complete[39m
