[35myogi[0m [37m[[0m[37minfo[0m[37m][0m  using yogi@0.1.9 on node@0.8.3
[35myogi[0m [37m[[0m[37minfo[0m[37m][0m  using module: y3d-geometry
[35myogi[0m [37m[[0m[37minfo[0m[37m][0m  running with shifter
shifter [info] racing to find the closest .shifter.json file
shifter [info] revving up
shifter [info] looking for build.json file
shifter [info] found build.json file, shifting
shifter [info] putting the hammer down, let's build this thing!
shifter [info] munging in loader meta data into build.json
shifter [info] putting the hammer down
shifter [info] shifting into gear for y3d-geometry-base
shifter [info] shifting into gear for y3d-geometry-box
shifter [info] shifting into gear for y3d-geometry-cylinder
shifter [info] shifting into gear for y3d-geometry-grid
shifter [info] shifting into gear for y3d-geometry-plane
shifter [info] shifting into gear for y3d-geometry-sphere
shifter [info] shifting into gear for y3d-geometry-triangle
   #1: Expected '===' and instead saw '=='.
       if (val && (lines.length == 0)) { // line 44, pos 34
shifter [queu] file has changed, continuing build
shifter [queu] file has changed, continuing build
shifter [queu] file has changed, continuing build
shifter [queu] file has changed, continuing build
shifter [queu] file has changed, continuing build
shifter [queu] file has changed, continuing build
shifter [queu] file has changed, continuing build
shifter [queu] writing RAW file
shifter [queu] writing RAW file
shifter [queu] writing RAW file
shifter [queu] writing RAW file
shifter [queu] writing RAW file
shifter [queu] writing RAW file
shifter [queu] writing RAW file
shifter [queu] compressing y3d-geometry-base/y3d-geometry-base.js with UglifyJS
shifter [queu] compressing y3d-geometry-box/y3d-geometry-box.js with UglifyJS
shifter [queu] compressing y3d-geometry-cylinder/y3d-geometry-cylinder.js with UglifyJS
shifter [queu] compressing y3d-geometry-grid/y3d-geometry-grid.js with UglifyJS
shifter [queu] compressing y3d-geometry-plane/y3d-geometry-plane.js with UglifyJS
shifter [queu] compressing y3d-geometry-sphere/y3d-geometry-sphere.js with UglifyJS
shifter [queu] compressing y3d-geometry-triangle/y3d-geometry-triangle.js with UglifyJS
shifter [queu] writing -min file
shifter [queu] writing -min file
shifter [queu] writing -min file
shifter [queu] writing -min file
shifter [queu] writing -min file
shifter [queu] writing -min file
shifter [queu] writing -min file
shifter [info] shifting for coverage
shifter [info] shifting for coverage
shifter [info] shifting for coverage
shifter [info] shifting for coverage
shifter [info] shifting for coverage
shifter [info] shifting for coverage
shifter [info] shifting for coverage
shifter [queu] coverage file read, starting coverage for: y3d-geometry-base/y3d-geometry-base.js
shifter [queu] coverage file read, starting coverage for: y3d-geometry-cylinder/y3d-geometry-cylinder.js
shifter [queu] coverage file read, starting coverage for: y3d-geometry-box/y3d-geometry-box.js
shifter [queu] coverage file read, starting coverage for: y3d-geometry-grid/y3d-geometry-grid.js
shifter [queu] coverage file read, starting coverage for: y3d-geometry-plane/y3d-geometry-plane.js
shifter [queu] coverage file read, starting coverage for: y3d-geometry-sphere/y3d-geometry-sphere.js
shifter [queu] coverage file read, starting coverage for: y3d-geometry-triangle/y3d-geometry-triangle.js
shifter [info] istanbul providing coverage
shifter [queu] instrumenting with istanbul
shifter [info] istanbul providing coverage
shifter [queu] instrumenting with istanbul
shifter [info] istanbul providing coverage
shifter [queu] instrumenting with istanbul
shifter [info] istanbul providing coverage
shifter [queu] instrumenting with istanbul
shifter [info] istanbul providing coverage
shifter [queu] instrumenting with istanbul
shifter [info] istanbul providing coverage
shifter [queu] instrumenting with istanbul
shifter [info] istanbul providing coverage
shifter [queu] instrumenting with istanbul
shifter [queu] writing coverage file to y3d-geometry-base/y3d-geometry-base-coverage.js
shifter [queu] writing coverage file to y3d-geometry-cylinder/y3d-geometry-cylinder-coverage.js
shifter [queu] writing coverage file to y3d-geometry-box/y3d-geometry-box-coverage.js
shifter [queu] writing coverage file to y3d-geometry-grid/y3d-geometry-grid-coverage.js
shifter [queu] writing coverage file to y3d-geometry-plane/y3d-geometry-plane-coverage.js
shifter [queu] writing coverage file to y3d-geometry-sphere/y3d-geometry-sphere-coverage.js
shifter [queu] writing coverage file to y3d-geometry-triangle/y3d-geometry-triangle-coverage.js
shifter [info] done racing, the gears are toast
shifter [info] finished in 1.045 seconds, pretty fast huh?
[35myogi[0m [37m[[0m[37minfo[0m[37m][0m  build complete
[35myogi[0m [37m[[0m[37minfo[0m[37m][0m  testing module now
[35myogi[0m [37m[[0m[37minfo[0m[37m][0m  prepping grover tests
[35myogi[0m [37m[[0m[31mbail[0m[37m][0m seems this module does not have tests, you should add some :)
