[35myogi[0m [37m[[0m[37minfo[0m[37m][0m  using yogi@0.1.9 on node@0.8.23
[35myogi[0m [37m[[0m[37minfo[0m[37m][0m  using module: gallery-itsaformelement
[35myogi[0m [37m[[0m[37minfo[0m[37m][0m  running with shifter
shifter [info] racing to find the closest .shifter.json file
shifter [info] revving up
shifter [info] looking for build.json file
shifter [info] found build.json file, shifting
shifter [info] putting the hammer down, let's build this thing!
shifter [info] munging in loader meta data into build.json
shifter [info] putting the hammer down
shifter [info] shifting into gear for gallery-itsaformelement
shifter [queu] file has changed, continuing build
shifter [queu] writing RAW file
shifter [queu] compressing gallery-itsaformelement/gallery-itsaformelement.js with UglifyJS
shifter [queu] writing -min file
shifter [info] shifting for coverage
shifter [info] shifting skin for gallery-itsaformelement
shifter [info] found a subskin, shifting for gallery-itsaformelement
shifter [queu] coverage file read, starting coverage for: gallery-itsaformelement/gallery-itsaformelement.js
shifter [info] istanbul providing coverage
shifter [queu] instrumenting with istanbul
shifter [queu] writing coverage file to gallery-itsaformelement/gallery-itsaformelement-coverage.js
shifter [queu] copying assets to skin for sam
   #1: [warning] Don't use adjoining classes.
       .yui3-form .yui3-itsaformelement-date.yui3-itsaformelement-changed, // line 2, pos 12
   #2: [warning] Don't use adjoining classes.
       .yui3-form .yui3-itsaformelement-time.yui3-itsaformelement-changed, // line 3, pos 12
   #3: [warning] Don't use adjoining classes.
       .yui3-form .yui3-itsaformelement-datetime.yui3-itsaformelement-changed { // line 4, pos 12
   #4: [warning] Don't use adjoining classes.
       .yui3-itsaformelement-date.yui3-itsaformelement-changed, // line 8, pos 1
   #5: [warning] Don't use adjoining classes.
       .yui3-itsaformelement-time.yui3-itsaformelement-changed, // line 9, pos 1
   #6: [warning] Don't use adjoining classes.
       .yui3-itsaformelement-datetime.yui3-itsaformelement-changed { // line 10, pos 1
   #7: [warning] The box-sizing property isn't supported in IE6 and IE7.
       box-sizing: border-box; // line 20, pos 5
   #8: [warning] Property with star prefix found.
       *display: inline; // line 25, pos 5
   #9: [warning] Don't use adjoining classes.
       .yui3-button.itsa-button-datetime.yui3-itsaformelement-inlinebutton { // line 42, pos 1
   #10: [warning] Don't use adjoining classes.
       .yui3-button.itsa-button-datetime.yui3-itsaformelement-inlinebutton { // line 42, pos 1
   #11: [warning] Don't use adjoining classes.
       .yui3-form .yui3-button.itsa-button-datetime.yui3-itsaformelement-inlinebutton { // line 46, pos 12
   #12: [warning] Don't use adjoining classes.
       .yui3-form .yui3-button.itsa-button-datetime.yui3-itsaformelement-inlinebutton { // line 46, pos 12
   #13: [warning] Don't use adjoining classes.
       .itsa-modellistview-styled.yui3-form .itsa-model-selected button:focus, // line 50, pos 1
   #14: [warning] Don't use adjoining classes.
       .itsa-modellistview-styled.yui3-form .itsa-model-selected input:focus, // line 51, pos 1
   #15: [warning] Don't use adjoining classes.
       .itsa-modellistview-styled.yui3-form .itsa-model-selected select:focus, // line 52, pos 1
   #16: [warning] Don't use adjoining classes.
       .itsa-modellistview-styled.yui3-form .itsa-model-selected textarea.yui3-itsaformelement:focus, // line 53, pos 1
   #17: [warning] Don't use adjoining classes.
       .yui3-skin-sam .itsa-modellistview-styled.yui3-form .itsa-model-selected .itsa-button-datetime:focus, // line 54, pos 16
   #18: [warning] Don't use adjoining classes.
       .itsa-modelview-styled.yui3-form .itsa-model-selected button:focus, // line 55, pos 1
   #19: [warning] Don't use adjoining classes.
       .itsa-modelview-styled.yui3-form .itsa-model-selected input:focus, // line 56, pos 1
   #20: [warning] Don't use adjoining classes.
       .itsa-modelview-styled.yui3-form .itsa-model-selected select:focus, // line 57, pos 1
   #21: [warning] Don't use adjoining classes.
       .itsa-modelview-styled.yui3-form .itsa-model-selected textarea.yui3-itsaformelement:focus, // line 58, pos 1
   #22: [warning] Don't use adjoining classes.
       .yui3-skin-sam .itsa-modelview-styled.yui3-form .itsa-model-selected .itsa-button-datetime:focus { // line 59, pos 16
   #23: [warning] Don't use adjoining classes.
       .itsa-modelview-styled.yui3-form .yui3-button, // line 78, pos 1
   #24: [warning] Don't use adjoining classes.
       .itsa-modellistview-styled.yui3-form .yui3-button { // line 79, pos 1
   #25: [warning] Property with star prefix found.
       *display: inline; // line 82, pos 3
   #26: [warning] The box-sizing property isn't supported in IE6 and IE7.
       box-sizing: border-box; // line 94, pos 3
   #27: [warning] Don't use adjoining classes.
       .itsa-modelview-styled.yui3-form .yui3-widget-ft .yui3-button, // line 98, pos 1
   #28: [warning] Don't use adjoining classes.
       .itsa-modellistview-styled.yui3-form .yui3-widget-ft .yui3-button { // line 99, pos 1
   #29: [warning] Don't use adjoining classes.
       .itsa-modelview-styled.yui3-form .yui3-button:focus, // line 104, pos 1
   #30: [warning] Don't use adjoining classes.
       .itsa-modellistview-styled.yui3-form .yui3-button:focus { // line 105, pos 1
   #31: [warning] Don't use adjoining classes.
       .itsa-modelview-styled.yui3-form .yui3-button.disabled, // line 111, pos 1
   #32: [warning] Don't use adjoining classes.
       .itsa-modelview-styled.yui3-form .yui3-button.disabled, // line 111, pos 34
   #33: [warning] Don't use adjoining classes.
       .itsa-modellistview-styled.yui3-form .yui3-button.disabled { // line 112, pos 1
   #34: [warning] Don't use adjoining classes.
       .itsa-modellistview-styled.yui3-form .yui3-button.disabled { // line 112, pos 38
shifter [queu] writing skin file with core wrapper
shifter [queu] writing skin file without core wrapper
shifter [info] done racing, the gears are toast
shifter [info] finished in 0.624 seconds, pretty fast huh?
[35myogi[0m [37m[[0m[37minfo[0m[37m][0m  build complete
[35myogi[0m [37m[[0m[37minfo[0m[37m][0m  testing module now
[35myogi[0m [37m[[0m[37minfo[0m[37m][0m  prepping grover tests
[35myogi[0m [37m[[0m[37minfo[0m[37m][0m  adding tests route
[35myogi[0m [37m[[0m[37minfo[0m[37m][0m  turning on coverage support in grover
[35myogi[0m [37m[[0m[37minfo[0m[37m][0m  launching xdr server on port 5005
[35myogi[0m [37m[[0m[37minfo[0m[37m][0m  listening on: http://127.0.0.1:5004
Starting Grover on 1 files with PhantomJS@1.8.1
  Running 15 concurrent tests at a time.
  Using a 120 second timeout per test.
✖ [gallery-itsaformelement]: Passed: 0 Failed: 1 Total: 1 (ignored 0) (0.008 seconds)
    test is empty
       No Tests Provided For This Module
Writing files in JSON format to: /src/gallery-itsaformelement/logs/tests.json
[35myogi[0m [37m[[0m[31mbail[0m[37m][0m grover returned a failure
