[35myogi[0m [37m[[0m[37minfo[0m[37m][0m  using yogi@0.1.9 on node@0.8.23
[35myogi[0m [37m[[0m[37minfo[0m[37m][0m  using module: gallerycss-cssextras
[35myogi[0m [37m[[0m[37minfo[0m[37m][0m  running with shifter
shifter [info] racing to find the closest .shifter.json file
shifter [info] revving up
shifter [info] looking for build.json file
shifter [info] found build.json file, shifting
shifter [info] putting the hammer down, let's build this thing!
shifter [info] munging in loader meta data into build.json
shifter [info] putting the hammer down
shifter [info] shifting into gear for gallerycss-cssextras
   #1: [warning] Fallback border (hex or RGB) should precede RGBA border.
       border: 1px solid rgba(0, 0, 0, 0.2); // line 10, pos 5
   #2: [warning] Property with star prefix found.
       *display: inline; // line 19, pos 5
   #3: [warning] Property with star prefix found.
       *zoom: 1; // line 21, pos 5
   #4: [warning] The box-sizing property isn't supported in IE6 and IE7.
       box-sizing: border-box; // line 25, pos 5
   #5: [warning] The box-sizing property isn't supported in IE6 and IE7.
       box-sizing: border-box; // line 50, pos 5
   #6: [warning] Fallback border (hex or RGB) should precede RGBA border.
       border: 1px solid rgba(0, 0, 0, 0.2); // line 54, pos 5
   #7: [warning] Duplicate property 'display' found.
       display: inline-block; // line 124, pos 5
   #8: [warning] Property with star prefix found.
       *display: inline; // line 125, pos 5
   #9: [warning] Property with star prefix found.
       *zoom: 1; // line 127, pos 5
   #10: [warning] Using width with padding can sometimes make elements larger than you expect.
       padding: 15px; // line 158, pos 5
   #11: [warning] Using width with border can sometimes make elements larger than you expect.
       border: 1px solid #bfc0c8; // line 160, pos 5
   #12: [warning] Unknown property 'box-padding'.
       box-padding: border-box; // line 168, pos 5
   #13: [warning] Don't use adjoining classes.
       .yui3-popover.bottom .yui3-arrow-border { // line 185, pos 1
   #14: [warning] Don't use adjoining classes.
       .yui3-popover.bottom .yui3-arrow { // line 190, pos 1
   #15: [warning] Don't use adjoining classes.
       .yui3-popover.top .yui3-arrow-border { // line 198, pos 1
   #16: [warning] Don't use adjoining classes.
       .yui3-popover.top .yui3-arrow { // line 203, pos 1
   #17: [warning] Don't use adjoining classes.
       .yui3-popover.right .yui3-arrow-border { // line 211, pos 1
   #18: [warning] Don't use adjoining classes.
       .yui3-popover.right .yui3-arrow { // line 216, pos 1
   #19: [warning] Don't use adjoining classes.
       .yui3-popover.left .yui3-arrow-border { // line 225, pos 1
   #20: [warning] Don't use adjoining classes.
       .yui3-popover.left .yui3-arrow { // line 230, pos 1
   #21: [warning] Don't use adjoining classes.
       .yui3-button.yui3-button-small { // line 241, pos 1
   #22: [warning] Don't use adjoining classes.
       .yui3-button.yui3-button-large { // line 245, pos 1
   #23: [warning] Don't use adjoining classes.
       .yui3-button.yui3-button-selected { // line 249, pos 1
   #24: [warning] Don't use adjoining classes.
       .yui3-button.yui3-button-secondary { // line 253, pos 1
   #25: [warning] Don't use adjoining classes.
       .yui3-button.yui3-button-error { // line 257, pos 1
   #26: [warning] Don't use adjoining classes.
       .yui3-button.yui3-button-success { // line 261, pos 1
   #27: [warning] Don't use adjoining classes.
       .yui3-button.yui3-button-warning { // line 265, pos 1
shifter [queu] file has changed, continuing build
shifter [info] done racing, the gears are toast
shifter [info] finished in 0.054 seconds, pretty fast huh?
[35myogi[0m [37m[[0m[37minfo[0m[37m][0m  build complete
[35myogi[0m [37m[[0m[37minfo[0m[37m][0m  testing module now
[35myogi[0m [37m[[0m[37minfo[0m[37m][0m  prepping grover tests
[35myogi[0m [37m[[0m[31mbail[0m[37m][0m seems this module does not have tests, you should add some :)
