shifter [err] /src/gallery-sm-tree/js/tree.js contains 15 lint errors
   #1: Too many var statements.
       var Tree = Y.Base.create('tree', Y.Base, [], { // line 84, pos 5
   #2: Expected an assignment or function call and instead saw an expression.
       config || (config = {}); // line 168, pos 31
   #3: Expected an assignment or function call and instead saw an expression.
       this._published || (this._published = {}); // line 185, pos 49
   #4: Expected an assignment or function call and instead saw an expression.
       config || (config = {}); // line 292, pos 31
   #5: Too many var statements.
       for (var i = 0, len = config.children.length; i < len; i++) { // line 305, pos 22
   #6: Too many var statements.
       var node = new this._nodeClass(this, config); // line 312, pos 13
   #7: Expected an assignment or function call and instead saw an expression.
       options || (options = {}); // line 332, pos 33
   #8: Expected an assignment or function call and instead saw an expression.
       options || (options = {}); // line 422, pos 33
   #9: Expected an assignment or function call and instead saw an expression.
       parent  || (parent = this.rootNode); // line 423, pos 43
   #10: Too many var statements.
       var inserted = []; // line 444, pos 17
   #11: Too many var statements.
       for (var i = 0, len = node.length; i < len; i++) { // line 446, pos 22
   #12: Expected an assignment or function call and instead saw an expression.
       options || (options = {}); // line 533, pos 33
   #13: Too many var statements.
       for (var i = 0, len = node.children.length; i < len; i++) { // line 603, pos 18
   #14: Too many var statements.
       for (var i = 0, len = extensions.length; i < len; i++) { // line 663, pos 22
   #15: Too many var statements.
       for (var i = 0, len = nodeExtensions.length; i < len; i++) { // line 670, pos 18
shifter [err] /src/gallery-sm-tree/js/plugins/tree-lazy.js contains 2 lint errors
   #1: Too many var statements.
       var EVT_LOADED  = 'loaded'; // line 80, pos 5
   #2: Too many var statements.
       var EVT_LOADING = 'loading'; // line 93, pos 5
shifter [err] /src/gallery-sm-tree/js/tree-node.js contains 2 lint errors
   #1: Expected an assignment or function call and instead saw an expression.
       config || (config = {}); // line 44, pos 27
   #2: Too many var statements.
       for (var i = 0; i < len; i++) { // line 409, pos 18
