shifter [info] revving up
shifter [info] looking for build.json file
shifter [info] found build.json file, shifting
shifter [info] putting the hammer down, let's build this thing!
shifter [info] munging in loader meta data into build.json
shifter [info] putting the hammer down
shifter [info] shifting into gear for gallery-sm-tree
shifter [info] deleting build dir: /build/gallery-sm-tree
shifter [info] shifting into gear for gallery-sm-tree-lazy
shifter [info] deleting build dir: /build/gallery-sm-tree-lazy
shifter [info] shifting into gear for gallery-sm-tree-node
shifter [info] deleting build dir: /build/gallery-sm-tree-node
shifter [info] shifting into gear for gallery-sm-tree-node-selectable
shifter [info] deleting build dir: /build/gallery-sm-tree-node-selectable
shifter [info] shifting into gear for gallery-sm-tree-selectable
shifter [info] deleting build dir: /build/gallery-sm-tree-selectable
shifter [queu] writing RAW file
shifter [queu] writing RAW file
shifter [queu] writing RAW file
shifter [queu] writing RAW file
shifter [queu] writing RAW file
shifter [queu] compressing gallery-sm-tree/gallery-sm-tree.js with UglifyJS
shifter [queu] compressing gallery-sm-tree-lazy/gallery-sm-tree-lazy.js with UglifyJS
shifter [queu] compressing gallery-sm-tree-node/gallery-sm-tree-node.js with UglifyJS
shifter [queu] compressing gallery-sm-tree-node-selectable/gallery-sm-tree-node-selectable.js with UglifyJS
shifter [queu] compressing gallery-sm-tree-selectable/gallery-sm-tree-selectable.js with UglifyJS
shifter [queu] writing -min file
shifter [queu] writing -min file
shifter [queu] writing -min file
shifter [queu] writing -min file
shifter [queu] writing -min file
shifter [info] shifting for coverage
shifter [info] shifting for coverage
shifter [info] shifting for coverage
shifter [info] shifting for coverage
shifter [info] shifting for coverage
shifter [queu] coverage file read, starting coverage for: gallery-sm-tree-lazy/gallery-sm-tree-lazy.js
shifter [queu] coverage file read, starting coverage for: gallery-sm-tree/gallery-sm-tree.js
shifter [queu] coverage file read, starting coverage for: gallery-sm-tree-node-selectable/gallery-sm-tree-node-selectable.js
shifter [queu] coverage file read, starting coverage for: gallery-sm-tree-node/gallery-sm-tree-node.js
shifter [queu] coverage file read, starting coverage for: gallery-sm-tree-selectable/gallery-sm-tree-selectable.js
shifter [info] istanbul providing coverage
shifter [queu] instrumenting with istanbul
shifter [info] istanbul providing coverage
shifter [queu] instrumenting with istanbul
shifter [info] istanbul providing coverage
shifter [queu] instrumenting with istanbul
shifter [info] istanbul providing coverage
shifter [queu] instrumenting with istanbul
shifter [info] istanbul providing coverage
shifter [queu] instrumenting with istanbul
shifter [queu] writing coverage file to gallery-sm-tree-lazy/gallery-sm-tree-lazy-coverage.js
shifter [queu] writing coverage file to gallery-sm-tree/gallery-sm-tree-coverage.js
shifter [queu] writing coverage file to gallery-sm-tree-node-selectable/gallery-sm-tree-node-selectable-coverage.js
shifter [queu] writing coverage file to gallery-sm-tree-node/gallery-sm-tree-node-coverage.js
shifter [queu] writing coverage file to gallery-sm-tree-selectable/gallery-sm-tree-selectable-coverage.js
shifter [info] done racing, the gears are toast
shifter [info] finished in 0.37 seconds, pretty fast huh?
