[35myogi[0m [37m[[0m[37minfo[0m[37m][0m  using yogi@0.1.11 on node@0.10.15
[35myogi[0m [37m[[0m[37minfo[0m[37m][0m  using module: gallery-checkboxgroups
[35myogi[0m [37m[[0m[37minfo[0m[37m][0m  running with shifter
shifter [info] racing to find the closest .shifter.json file
shifter [info] revving up
shifter [info] looking for build.json file
shifter [info] found build.json file, shifting
shifter [info] putting the hammer down, let's build this thing!
shifter [warn] down shifting, can't find a meta directory
shifter [info] putting the hammer down
shifter [info] shifting into gear for gallery-checkboxgroups
   #1: Trailing whitespace.
       * // line 16, pos 3
   #2: Possible strict violation.
       this.checkboxChanged(e.target); // line 36, pos 5
   #3: Trailing whitespace.
       * // line 53, pos 7
   #4: Trailing whitespace.
       * // line 99, pos 7
   #5: Expected '===' and instead saw '=='.
       if (cb1 == cb) // line 115, pos 21
   #6: Trailing whitespace.
       * // line 125, pos 7
   #7: Too many var statements.
       for (var i=0; i<count; i++) // line 143, pos 18
   #8: Too many var statements.
       var cb = this.cb_list.item(i); // line 145, pos 17
   #9: Too many var statements.
       for (var i=0; i<count; i++) // line 162, pos 18
   #10: Too many var statements.
       for (var i=0; i<count; i++) // line 180, pos 18
   #11: Trailing whitespace.
       * // line 202, pos 3
   #12: Possible strict violation.
       this.direction = AtLeastOneDirection.SLIDE_DOWN; // line 236, pos 13
   #13: Expected '===' and instead saw '=='.
       else if (new_index == cb_list.size()-1) // line 238, pos 28
   #14: Possible strict violation.
       this.direction = AtLeastOneDirection.SLIDE_UP; // line 240, pos 13
   #15: Possible strict violation.
       if (this.direction == AtLeastOneDirection.SLIDE_UP) // line 243, pos 13
   #16: Expected '===' and instead saw '=='.
       if (this.direction == AtLeastOneDirection.SLIDE_UP) // line 243, pos 28
   #17: Expected '===' and instead saw '=='.
       if (new_index == index)											// may have hit the end and bounced back // line 277, pos 23
   #18: Trailing whitespace.
       * // line 298, pos 3
   #19: Too many var statements.
       for (var i=0; i<count; i++) // line 328, pos 18
   #20: Expected '!==' and instead saw '!='.
       if (i != index) // line 330, pos 19
   #21: Trailing whitespace.
       * // line 347, pos 3
   #22: Possible strict violation.
       var checked = this.select_all_cb.get('checked'); // line 367, pos 19
   #23: Too many var statements.
       var count   = this.cb_list.size(); // line 368, pos 9
   #24: Possible strict violation.
       var count   = this.cb_list.size(); // line 368, pos 19
   #25: Too many var statements.
       for (var i=0; i<count; i++) // line 369, pos 14
   #26: Too many var statements.
       var cb = this.cb_list.item(i); // line 371, pos 13
   #27: Possible strict violation.
       var cb = this.cb_list.item(i); // line 371, pos 18
   #28: Unnecessary semicolon.
       }; // line 377, pos 2
   #29: Trailing whitespace.
       * // line 421, pos 3
   #30: 'obj' is defined but never used.
       /* object */	obj) // line 34, pos 14
   #31: 'index' is defined but never used.
       /* int */		index) // line 132, pos 24
   #32: 'cb_list' is defined but never used.
       /* NodeList */	cb_list, // line 131, pos 22
   #33: 'index' is defined but never used.
       /* int */		index) // line 408, pos 24
   #34: 'cb_list' is defined but never used.
       /* NodeList */	cb_list, // line 407, pos 22
   #35: 'index' is defined but never used.
       /* int */		index) // line 447, pos 24
   #36: 'cb_list' is defined but never used.
       /* NodeList */	cb_list, // line 446, pos 22
shifter [queu] file has changed, continuing build
shifter [queu] writing RAW file
shifter [queu] compressing gallery-checkboxgroups/gallery-checkboxgroups.js with UglifyJS
shifter [queu] writing -min file
shifter [info] shifting for coverage
shifter [queu] coverage file read, starting coverage for: gallery-checkboxgroups/gallery-checkboxgroups.js
shifter [info] istanbul providing coverage
shifter [queu] instrumenting with istanbul
shifter [queu] writing coverage file to gallery-checkboxgroups/gallery-checkboxgroups-coverage.js
shifter [info] done racing, the gears are toast
shifter [info] finished in 0.197 seconds, pretty fast huh?
[35myogi[0m [37m[[0m[37minfo[0m[37m][0m  build complete
[35myogi[0m [37m[[0m[37minfo[0m[37m][0m  testing module now
[35myogi[0m [37m[[0m[37minfo[0m[37m][0m  prepping grover tests
[35myogi[0m [37m[[0m[31mbail[0m[37m][0m seems this module does not have tests, you should add some :)
