shifter [info] revving up
shifter [info] looking for build.json file
shifter [info] found build.json file, shifting
shifter [info] putting the hammer down, let's build this thing!
shifter [info] munging in loader meta data into build.json
shifter [info] gallery-sm-treeview is skinnable, locating all available skins
shifter [info] putting the hammer down
shifter [info] shifting into gear for gallery-sm-treeview
shifter [info] deleting build dir: /build/gallery-sm-treeview
shifter [info] shifting into gear for gallery-sm-treeview-templates
shifter [info] deleting build dir: /build/gallery-sm-treeview-templates
shifter [queu] writing RAW file
shifter [queu] writing RAW file
shifter [queu] compressing gallery-sm-treeview/gallery-sm-treeview.js with UglifyJS
shifter [queu] writing -min file
shifter [queu] compressing gallery-sm-treeview-templates/gallery-sm-treeview-templates.js with UglifyJS
shifter [queu] writing -min file
shifter [info] shifting for coverage
shifter [info] shifting skin for gallery-sm-treeview
shifter [info] shifting for coverage
shifter [queu] coverage file read, starting coverage for: gallery-sm-treeview/gallery-sm-treeview.js
shifter [queu] coverage file read, starting coverage for: gallery-sm-treeview-templates/gallery-sm-treeview-templates.js
shifter [info] istanbul providing coverage
shifter [queu] instrumenting with istanbul
shifter [info] istanbul providing coverage
shifter [queu] instrumenting with istanbul
shifter [queu] writing coverage file to gallery-sm-treeview/gallery-sm-treeview-coverage.js
shifter [queu] writing coverage file to gallery-sm-treeview-templates/gallery-sm-treeview-templates-coverage.js
shifter [queu] copying assets to skin for sam
shifter [info] done racing, the gears are toast
shifter [info] finished in 0.267 seconds, pretty fast huh?
