shifter [err] /src/gallery-sm-treeview/js/treeview.js contains 9 lint errors
   #1: Expected an assignment or function call and instead saw an expression.
       options || (options = {}); // line 163, pos 33
   #2: Too many var statements.
       for (var i = 0, len = treeNode.children.length; i < len; i++) { // line 180, pos 22
   #3: Too many var statements.
       var child = treeNode.children[i]; // line 181, pos 21
   #4: Expected an assignment or function call and instead saw an expression.
       options || (options = {}); // line 217, pos 33
   #5: Too many var statements.
       for (var className in nodeClassNames) { // line 235, pos 22
   #6: Too many var statements.
       var enabledClassNames = []; // line 242, pos 17
   #7: Too many var statements.
       for (var className in nodeClassNames) { // line 244, pos 22
   #8: 'className' is already defined.
       for (var className in nodeClassNames) { // line 244, pos 32
   #9: Expected an assignment or function call and instead saw an expression.
       this._treeViewEvents || (this._treeViewEvents = []); // line 276, pos 59
shifter [err] /assets/skins/sam/gallery-sm-treeview-skin.css contains 9 lint errors
   #1: [warning] The universal selector (*) is known to be slow.
       .yui3-treeview * { // line 2, pos 16
   #2: [warning] The box-sizing property isn't supported in IE6 and IE7.
       box-sizing: border-box; // line 5, pos 5
   #3: [warning] Using height with border can sometimes make elements larger than you expect.
       border: 5px solid transparent; // line 31, pos 5
   #4: [warning] Using width with border can sometimes make elements larger than you expect.
       border: 5px solid transparent; // line 31, pos 5
   #5: [warning] Property with star prefix found.
       *display: none; /* Hide from IE 6-7 */ // line 34, pos 5
   #6: [warning] Outlines should only be modified using :focus.
       .yui3-skin-sam .yui3-treeview-node { outline: none; } // line 88, pos 1
   #7: [warning] Missing vendor-prefixed CSS gradients for Old Webkit (Safari 4+, Chrome).
       .yui3-skin-sam .yui3-treeview-row { // line 91, pos 1
   #8: [warning] Duplicate property '_border' found.
       _border: none; // line 99, pos 5
   #9: [warning] Property with underscore prefix found.
       _border: none; // line 99, pos 5
