shifter [info] revving up
shifter [info] looking for build.json file
shifter [info] found build.json file, shifting
shifter [info] putting the hammer down, let's build this thing!
shifter [warn] down shifting, can't find a meta directory
shifter [info] putting the hammer down
shifter [info] shifting into gear for gallery-paginator
shifter [info] deleting build dir: /build/gallery-paginator
shifter [queu] writing RAW file
shifter [queu] compressing gallery-paginator/gallery-paginator.js with UglifyJS
shifter [queu] writing -min file
shifter [info] shifting for coverage
shifter [info] shifting skin for gallery-paginator
shifter [queu] coverage file read, starting coverage for: gallery-paginator/gallery-paginator.js
shifter [info] istanbul providing coverage
shifter [queu] instrumenting with istanbul
shifter [queu] writing coverage file to gallery-paginator/gallery-paginator-coverage.js
shifter [queu] copying assets to skin for sam
shifter [queu] writing skin file with core wrapper
shifter [queu] writing skin file without core wrapper
shifter [info] done racing, the gears are toast
shifter [info] finished in 1.141 seconds, pretty fast huh?
