shifter [err] /src/gallery-paginator/js/ValidationPageLinks.js contains 27 lint errors
   #1: Trailing whitespace.
       * // line 13, pos 3
   #2: Trailing whitespace.
       // Listen for changes to totalRecords and alwaysVisible // line 302, pos 64
   #3: Too many var statements.
       var count   = this.paginator.getTotalPages(); // line 1458, pos 13
   #4: Too many var statements.
       var size    = this.paginator.getRowsPerPage(); // line 1459, pos 13
   #5: Too many var statements.
       var recs    = this.paginator.getTotalRecords(); // line 1460, pos 13
   #6: Expected '!==' and instead saw '!='.
       if (count != this.prev_page_count || // line 1462, pos 19
   #7: Expected '!==' and instead saw '!='.
       size  != this.prev_page_size  || // line 1463, pos 19
   #8: Expected '!==' and instead saw '!='.
       recs  != this.prev_rec_count) // line 1464, pos 19
   #9: Too many var statements.
       var options    = Y.Node.getDOMNode(this.menu).options; // line 1466, pos 17
   #10: Too many var statements.
       for (var i=1; i<=count; i++) // line 1469, pos 22
   #11: Too many var statements.
       var range = this.paginator.getPageRecords(i); // line 1471, pos 21
   #12: Missing semicolon.
       } // line 1978, pos 2
   #13: Too many var statements.
       var labelBuilder = p.get('pageLabelBuilder'), // line 2091, pos 17
   #14: Too many var statements.
       var linkClass    = this.paginator.get('pageLinkClass'), // line 2594, pos 17
   #15: Too many var statements.
       var range = // line 2602, pos 17
   #16: Too many var statements.
       var content = ''; // line 2606, pos 17
   #17: Missing semicolon.
       content += '&hellip;' // line 2621, pos 42
   #18: Too many var statements.
       var showLast = true; // line 2627, pos 25
   #19: Too many var statements.
       for (var i=range[0]; i<=range[1]; i++) // line 2630, pos 26
   #20: 'showLast' used out of scope.
       if (showLast) // line 2642, pos 21
   #21: 'config' is defined but never used.
       initializer : function(config) { // line 277, pos 34
   #22: 'e' is defined but never used.
       _onChange: function(e) // line 987, pos 26
   #23: 'e' is defined but never used.
       _onChange: function(e) // line 1488, pos 26
   #24: 'paginator' is defined but never used.
       value : function (page, paginator) { return page; }, // line 1964, pos 38
   #25: 'e' is defined but never used.
       rebuild : function (e) { // line 2447, pos 26
   #26: 'e' is defined but never used.
       onChange : function (e) { // line 2510, pos 27
   #27: 'showLast' is defined but never used.
       var showLast = true; // line 2627, pos 33
shifter [err] /assets/skins/sam/gallery-paginator-skin.css contains 6 lint errors
   #1: [warning] Outlines should only be modified using :focus.
       .yui3-skin-sam a.yui3-paginator-first:link,      .yui3-skin-sam a.yui3-paginator-first:visited, // line 44, pos 1
   #2: [warning] Don't use adjoining classes.
       .yui3-skin-sam .yui3-paginator-page.disabled { // line 70, pos 16
   #3: [warning] Don't use adjoining classes.
       .yui3-skin-sam .yui3-paginator-page.yui3-haserror, // line 101, pos 16
   #4: [warning] Don't use adjoining classes.
       .yui3-skin-sam .yui3-paginator-page.yui3-haswarn { // line 102, pos 16
   #5: [warning] Don't use adjoining classes.
       .yui3-skin-sam .yui3-paginator-page.yui3-haserror { // line 106, pos 16
   #6: [warning] Don't use adjoining classes.
       .yui3-skin-sam .yui3-paginator-page.yui3-haswarn { // line 110, pos 16
