[35myogi[0m [37m[[0m[37minfo[0m[37m][0m  using yogi@0.1.11 on node@0.10.15
[35myogi[0m [37m[[0m[37minfo[0m[37m][0m  using module: gallery-paginator
[35myogi[0m [37m[[0m[37minfo[0m[37m][0m  running with shifter
shifter [info] racing to find the closest .shifter.json file
shifter [info] revving up
shifter [info] looking for build.json file
shifter [info] found build.json file, shifting
shifter [info] putting the hammer down, let's build this thing!
shifter [warn] down shifting, can't find a meta directory
shifter [info] putting the hammer down
shifter [info] shifting into gear for gallery-paginator
   #1: Trailing whitespace.
       * // line 13, pos 3
   #2: Trailing whitespace.
       // Listen for changes to totalRecords and alwaysVisible // line 302, pos 64
   #3: Too many var statements.
       var count   = this.paginator.getTotalPages(); // line 1458, pos 13
   #4: Too many var statements.
       var size    = this.paginator.getRowsPerPage(); // line 1459, pos 13
   #5: Too many var statements.
       var recs    = this.paginator.getTotalRecords(); // line 1460, pos 13
   #6: Expected '!==' and instead saw '!='.
       if (count != this.prev_page_count || // line 1462, pos 19
   #7: Expected '!==' and instead saw '!='.
       size  != this.prev_page_size  || // line 1463, pos 19
   #8: Expected '!==' and instead saw '!='.
       recs  != this.prev_rec_count) // line 1464, pos 19
   #9: Too many var statements.
       var options    = Y.Node.getDOMNode(this.menu).options; // line 1466, pos 17
   #10: Too many var statements.
       for (var i=1; i<=count; i++) // line 1469, pos 22
   #11: Too many var statements.
       var range = this.paginator.getPageRecords(i); // line 1471, pos 21
   #12: Missing semicolon.
       } // line 1978, pos 2
   #13: Too many var statements.
       var labelBuilder = p.get('pageLabelBuilder'), // line 2091, pos 17
   #14: Too many var statements.
       var linkClass    = this.paginator.get('pageLinkClass'), // line 2592, pos 17
   #15: Too many var statements.
       var range = // line 2600, pos 17
   #16: Too many var statements.
       var content = ''; // line 2604, pos 17
   #17: Missing semicolon.
       content += '&hellip;' // line 2616, pos 38
   #18: Too many var statements.
       var showLast = true; // line 2621, pos 21
   #19: Too many var statements.
       for (var i=range[0]; i<=range[1]; i++) // line 2624, pos 22
   #20: 'showLast' used out of scope.
       if (showLast) { // line 2636, pos 17
   #21: 'config' is defined but never used.
       initializer : function(config) { // line 277, pos 34
   #22: 'e' is defined but never used.
       _onChange: function(e) // line 987, pos 26
   #23: 'e' is defined but never used.
       _onChange: function(e) // line 1488, pos 26
   #24: 'paginator' is defined but never used.
       value : function (page, paginator) { return page; }, // line 1964, pos 38
   #25: 'e' is defined but never used.
       rebuild : function (e) { // line 2445, pos 26
   #26: 'e' is defined but never used.
       onChange : function (e) { // line 2508, pos 27
   #27: 'showLast' is defined but never used.
       var showLast = true; // line 2621, pos 29
shifter [queu] file has changed, continuing build
shifter [queu] writing RAW file
shifter [queu] compressing gallery-paginator/gallery-paginator.js with UglifyJS
shifter [queu] writing -min file
shifter [info] shifting for coverage
shifter [info] shifting skin for gallery-paginator
shifter [queu] coverage file read, starting coverage for: gallery-paginator/gallery-paginator.js
shifter [info] istanbul providing coverage
shifter [queu] instrumenting with istanbul
shifter [queu] writing coverage file to gallery-paginator/gallery-paginator-coverage.js
shifter [queu] copying assets to skin for sam
   #1: [warning] Outlines should only be modified using :focus.
       .yui3-skin-sam a.yui3-paginator-first:link,      .yui3-skin-sam a.yui3-paginator-first:visited, // line 44, pos 1
   #2: [warning] Don't use adjoining classes.
       .yui3-skin-sam .yui3-paginator-page.disabled { // line 70, pos 16
   #3: [warning] Don't use adjoining classes.
       .yui3-skin-sam .yui3-paginator-page.yui3-haserror, // line 101, pos 16
   #4: [warning] Don't use adjoining classes.
       .yui3-skin-sam .yui3-paginator-page.yui3-haswarn { // line 102, pos 16
   #5: [warning] Don't use adjoining classes.
       .yui3-skin-sam .yui3-paginator-page.yui3-haserror { // line 106, pos 16
   #6: [warning] Don't use adjoining classes.
       .yui3-skin-sam .yui3-paginator-page.yui3-haswarn { // line 110, pos 16
shifter [queu] writing skin file with core wrapper
shifter [queu] writing skin file without core wrapper
shifter [info] done racing, the gears are toast
shifter [info] finished in 1.212 seconds, pretty fast huh?
[35myogi[0m [37m[[0m[37minfo[0m[37m][0m  build complete
[35myogi[0m [37m[[0m[37minfo[0m[37m][0m  testing module now
[35myogi[0m [37m[[0m[37minfo[0m[37m][0m  prepping grover tests
[35myogi[0m [37m[[0m[37minfo[0m[37m][0m  adding tests route
[35myogi[0m [37m[[0m[37minfo[0m[37m][0m  launching xdr server on port 5001
[35myogi[0m [37m[[0m[37minfo[0m[37m][0m  listening on: http://127.0.0.1:5000
[35myogi[0m [37m[[0m[37minfo[0m[37m][0m  turning on coverage support in grover
Starting Grover on 1 files with PhantomJS@1.9.1
  Running 15 concurrent tests at a time.
  Using a 120 second timeout per test.
âœ” [gallery-paginator]: Passed: 0 Failed: 0 Total: 0 (ignored 0) (0.002 seconds) 9%
Writing files in JSON format to: /src/gallery-paginator/logs/tests.json
â”Œâ”€â”€â”€â”€â”€â”€â”€â”€â”€â”€â”€â”€â”€â”€â”€â”€â”€â”€â”€â”€â”€â”€â”€â”€â”€â”€â”€â”€â”€â”€â”€â”€â”€â”€â”€â”€â”€â”€â”€â”€â”€â”€â”€â”€â”€â”€â”€â”€â”€â”€â”€â”¬â”€â”€â”€â”€â”€â”€â”€â”€â”€â”€â”¬â”€â”€â”€â”€â”€â”€â”¬â”€â”€â”€â”€â”€â”€â”€â”€â”€â”€â”€â”€â”€â”¬â”€â”€â”€â”€â”€â”€â”
â”‚[34m  path                                             [39mâ”‚[34m   lines  [39mâ”‚[34m   %  [39mâ”‚[34m  functions  [39mâ”‚[34m   %  [39mâ”‚
â”œâ”€â”€â”€â”€â”€â”€â”€â”€â”€â”€â”€â”€â”€â”€â”€â”€â”€â”€â”€â”€â”€â”€â”€â”€â”€â”€â”€â”€â”€â”€â”€â”€â”€â”€â”€â”€â”€â”€â”€â”€â”€â”€â”€â”€â”€â”€â”€â”€â”€â”€â”€â”¼â”€â”€â”€â”€â”€â”€â”€â”€â”€â”€â”¼â”€â”€â”€â”€â”€â”€â”¼â”€â”€â”€â”€â”€â”€â”€â”€â”€â”€â”€â”€â”€â”¼â”€â”€â”€â”€â”€â”€â”¤
â”‚  âœ– /build/gallery-paginator/gallery-paginator.js  â”‚  54/589  â”‚  9%  â”‚       1/91  â”‚  1%  â”‚
â”œâ”€â”€â”€â”€â”€â”€â”€â”€â”€â”€â”€â”€â”€â”€â”€â”€â”€â”€â”€â”€â”€â”€â”€â”€â”€â”€â”€â”€â”€â”€â”€â”€â”€â”€â”€â”€â”€â”€â”€â”€â”€â”€â”€â”€â”€â”€â”€â”€â”€â”€â”€â”¼â”€â”€â”€â”€â”€â”€â”€â”€â”€â”€â”¼â”€â”€â”€â”€â”€â”€â”¼â”€â”€â”€â”€â”€â”€â”€â”€â”€â”€â”€â”€â”€â”¼â”€â”€â”€â”€â”€â”€â”¤
â”‚  total                                            â”‚  54/589  â”‚  9%  â”‚       1/91  â”‚  1%  â”‚
â””â”€â”€â”€â”€â”€â”€â”€â”€â”€â”€â”€â”€â”€â”€â”€â”€â”€â”€â”€â”€â”€â”€â”€â”€â”€â”€â”€â”€â”€â”€â”€â”€â”€â”€â”€â”€â”€â”€â”€â”€â”€â”€â”€â”€â”€â”€â”€â”€â”€â”€â”€â”´â”€â”€â”€â”€â”€â”€â”€â”€â”€â”€â”´â”€â”€â”€â”€â”€â”€â”´â”€â”€â”€â”€â”€â”€â”€â”€â”€â”€â”€â”€â”€â”´â”€â”€â”€â”€â”€â”€â”˜
----------------------------------------------------------------
âœ” [Total]: Passed: 0 Failed: 0 Total: 0 (ignored 0) (0.002 seconds)
  [Grover Execution Timer] 3.201 seconds
Failed to find source file: /build/gallery-paginator/gallery-paginator.js
[35myogi[0m [37m[[0m[31mbail[0m[37m][0m grover returned a failure
