[35myogi[0m [37m[[0m[37minfo[0m[37m][0m  using yogi@0.1.9 on node@0.8.23
[35myogi[0m [37m[[0m[37minfo[0m[37m][0m  using module: gallery-lazy-promise
[35myogi[0m [37m[[0m[37minfo[0m[37m][0m  running with shifter
shifter [info] racing to find the closest .shifter.json file
shifter [info] revving up
shifter [info] looking for build.json file
shifter [info] found build.json file, shifting
shifter [info] putting the hammer down, let's build this thing!
shifter [info] munging in loader meta data into build.json
shifter [info] putting the hammer down
shifter [info] shifting into gear for gallery-lazy-promise
   #1: A constructor name should start with an uppercase letter.
       return new _Class(fn); // line 23, pos 28
   #2: A constructor name should start with an uppercase letter.
       promise = new _Promise(function (fulfill, reject) { // line 66, pos 31
shifter [queu] writing RAW file
shifter [queu] compressing gallery-lazy-promise/gallery-lazy-promise.js with UglifyJS
shifter [queu] writing -min file
shifter [info] shifting for coverage
shifter [queu] coverage file read, starting coverage for: gallery-lazy-promise/gallery-lazy-promise.js
shifter [info] istanbul providing coverage
shifter [queu] instrumenting with istanbul
shifter [queu] writing coverage file to gallery-lazy-promise/gallery-lazy-promise-coverage.js
shifter [info] done racing, the gears are toast
shifter [info] finished in 0.202 seconds, pretty fast huh?
[35myogi[0m [37m[[0m[37minfo[0m[37m][0m  build complete
[35myogi[0m [37m[[0m[37minfo[0m[37m][0m  testing module now
[35myogi[0m [37m[[0m[37minfo[0m[37m][0m  prepping grover tests
[35myogi[0m [37m[[0m[37minfo[0m[37m][0m  adding tests route
[35myogi[0m [37m[[0m[37minfo[0m[37m][0m  turning on coverage support in grover
[35myogi[0m [37m[[0m[37minfo[0m[37m][0m  launching xdr server on port 5013
[35myogi[0m [37m[[0m[37minfo[0m[37m][0m  listening on: http://127.0.0.1:5012
Starting Grover on 1 files with PhantomJS@1.8.1
  Running 15 concurrent tests at a time.
  Using a 120 second timeout per test.
✖ [gallery-lazy-promise]: Passed: 0 Failed: 12 Total: 12 (ignored 0) (0.17 seconds)
    calling Y.LazyPromise as a function should return an instance of Y.LazyPromise
       Unexpected error: 'undefined' is not a function (evaluating 'Y.LazyPromise(function () {})')
    lazyPromise.then returns a promise
       Unexpected error: 'undefined' is not a constructor (evaluating 'new Y.LazyPromise(function (fulfill) {
                       fulfill(5);
                   })')
    lazyPromise state should change only once
       Unexpected error: 'undefined' is not a constructor (evaluating 'new Y.LazyPromise')
    fulfilling more than once should not change the lazyPromise value
       Unexpected error: 'undefined' is not a constructor (evaluating 'new Y.LazyPromise(function (fulfill) {
                       fulfill(true);
                       fulfill(5);
                   })')
    rejecting more than once should not change the rejection reason
       Unexpected error: 'undefined' is not a constructor (evaluating 'new Y.LazyPromise')
    correct value for "this" inside the lazyPromise init function
       Unexpected error: 'undefined' is not a constructor (evaluating 'new Y.LazyPromise')
    callbacks passed to then should be called asynchronously
       Unexpected error: 'undefined' is not a constructor (evaluating 'new Y.LazyPromise(function (fulfill) {
                       fulfill();
                   })')
    throwing inside a callback should turn into a rejection
       Unexpected error: 'undefined' is not a constructor (evaluating 'new Y.LazyPromise(function (fulfill) {
                       fulfill(5);
                   })')
    returning a lazyPromise from a callback should link both promises
       Unexpected error: 'undefined' is not a constructor (evaluating 'new Y.LazyPromise(function (fulfill) {
                       fulfill('placeholder');
                   })')
    LazyPromise detection with Y.Promise.isPromise
       Unexpected error: 'undefined' is not an object (evaluating 'Y.Promise.isPromise')
    fn should not be executed until then and should not be executed more than once
       Unexpected error: 'undefined' is not a constructor (evaluating 'new Y.LazyPromise(function (fulfill) {
                           foo += 1;
                           fulfill();
                       })')
    state should be pending even before fn is executed
       Unexpected error: 'undefined' is not a constructor (evaluating 'new Y.LazyPromise(function () {})')
Writing files in JSON format to: /src/gallery-lazy-promise/logs/tests.json
[35myogi[0m [37m[[0m[31mbail[0m[37m][0m grover returned a failure
