shifter [info] revving up
shifter [info] looking for build.json file
shifter [info] found build.json file, shifting
shifter [info] putting the hammer down, let's build this thing!
shifter [info] munging in loader meta data into build.json
shifter [info] putting the hammer down
shifter [info] shifting into gear for gallery-datatable-celleditor-popup
shifter [info] deleting build dir: /build/gallery-datatable-celleditor-popup
shifter [queu] writing RAW file
shifter [queu] compressing gallery-datatable-celleditor-popup/gallery-datatable-celleditor-popup.js with UglifyJS
shifter [queu] writing -min file
shifter [info] shifting for coverage
shifter [info] shifting skin for gallery-datatable-celleditor-popup
shifter [queu] coverage file read, starting coverage for: gallery-datatable-celleditor-popup/gallery-datatable-celleditor-popup.js
shifter [queu] copying assets to skin for sam
shifter [info] istanbul providing coverage
shifter [queu] instrumenting with istanbul
shifter [info] css lint passed for /assets/skins/sam/gallery-datatable-celleditor-popup-skin.css
shifter [queu] writing coverage file to gallery-datatable-celleditor-popup/gallery-datatable-celleditor-popup-coverage.js
shifter [queu] writing skin file with core wrapper
shifter [queu] writing skin file without core wrapper
shifter [info] done racing, the gears are toast
shifter [info] finished in 1.359 seconds, pretty fast huh?
