shifter [err] /css/form.css contains 35 lint errors
   #1: [warning] Expected (<number> | <percentage> | normal) but found 'expression(this)'.
       i.itsaicon-form-yes, i.itsaicon-form-ok { *zoom: expression( this.runtimeStyle['zoom'] = '1', this.innerHTML = '&nbsp;&#xe805;&nbsp;'); } // line 1, pos 43
   #2: [warning] Property with star prefix found.
       i.itsaicon-form-yes, i.itsaicon-form-ok { *zoom: expression( this.runtimeStyle['zoom'] = '1', this.innerHTML = '&nbsp;&#xe805;&nbsp;'); } // line 1, pos 43
   #3: [error] Expected RBRACE at line 1, col 66.
       i.itsaicon-form-yes, i.itsaicon-form-ok { *zoom: expression( this.runtimeStyle['zoom'] = '1', this.innerHTML = '&nbsp;&#xe805;&nbsp;'); } // line 1, pos 66
   #4: [warning] Property with star prefix found.
       i.itsaicon-form-abort, i.itsaicon-form-no { *zoom: expression( this.runtimeStyle['zoom'] = '1', this.innerHTML = '&nbsp;&#xe806;&nbsp;'); } // line 2, pos 45
   #5: [warning] Expected (<number> | <percentage> | normal) but found 'expression(this)'.
       i.itsaicon-form-abort, i.itsaicon-form-no { *zoom: expression( this.runtimeStyle['zoom'] = '1', this.innerHTML = '&nbsp;&#xe806;&nbsp;'); } // line 2, pos 45
   #6: [error] Expected RBRACE at line 2, col 68.
       i.itsaicon-form-abort, i.itsaicon-form-no { *zoom: expression( this.runtimeStyle['zoom'] = '1', this.innerHTML = '&nbsp;&#xe806;&nbsp;'); } // line 2, pos 68
   #7: [warning] Property with star prefix found.
       i.itsaicon-form-reset { *zoom: expression( this.runtimeStyle['zoom'] = '1', this.innerHTML = '&nbsp;&#xe809;&nbsp;'); } // line 3, pos 25
   #8: [error] Expected RBRACE at line 3, col 48.
       i.itsaicon-form-reset { *zoom: expression( this.runtimeStyle['zoom'] = '1', this.innerHTML = '&nbsp;&#xe809;&nbsp;'); } // line 3, pos 48
   #9: [warning] Expected (<number> | <percentage> | normal) but found 'expression(this)'.
       i.itsaicon-form-reset { *zoom: expression( this.runtimeStyle['zoom'] = '1', this.innerHTML = '&nbsp;&#xe809;&nbsp;'); } // line 3, pos 25
   #10: [warning] Expected (<number> | <percentage> | normal) but found 'expression(this)'.
       i.itsaicon-form-retry { *zoom: expression( this.runtimeStyle['zoom'] = '1', this.innerHTML = '&nbsp;&#xe80a;&nbsp;'); } // line 4, pos 25
   #11: [error] Expected RBRACE at line 4, col 48.
       i.itsaicon-form-retry { *zoom: expression( this.runtimeStyle['zoom'] = '1', this.innerHTML = '&nbsp;&#xe80a;&nbsp;'); } // line 4, pos 48
   #12: [warning] Property with star prefix found.
       i.itsaicon-form-retry { *zoom: expression( this.runtimeStyle['zoom'] = '1', this.innerHTML = '&nbsp;&#xe80a;&nbsp;'); } // line 4, pos 25
   #13: [warning] Expected (<number> | <percentage> | normal) but found 'expression(this)'.
       i.itsaicon-form-cancel { *zoom: expression( this.runtimeStyle['zoom'] = '1', this.innerHTML = '&nbsp;&#xe803;&nbsp;'); } // line 5, pos 26
   #14: [warning] Property with star prefix found.
       i.itsaicon-form-cancel { *zoom: expression( this.runtimeStyle['zoom'] = '1', this.innerHTML = '&nbsp;&#xe803;&nbsp;'); } // line 5, pos 26
   #15: [error] Expected RBRACE at line 5, col 49.
       i.itsaicon-form-cancel { *zoom: expression( this.runtimeStyle['zoom'] = '1', this.innerHTML = '&nbsp;&#xe803;&nbsp;'); } // line 5, pos 49
   #16: [warning] Expected (<number> | <percentage> | normal) but found 'expression(this)'.
       i.itsaicon-form-submit { *zoom: expression( this.runtimeStyle['zoom'] = '1', this.innerHTML = '&nbsp;&#xe808;&nbsp;'); } // line 6, pos 26
   #17: [warning] Property with star prefix found.
       i.itsaicon-form-submit { *zoom: expression( this.runtimeStyle['zoom'] = '1', this.innerHTML = '&nbsp;&#xe808;&nbsp;'); } // line 6, pos 26
   #18: [error] Expected RBRACE at line 6, col 49.
       i.itsaicon-form-submit { *zoom: expression( this.runtimeStyle['zoom'] = '1', this.innerHTML = '&nbsp;&#xe808;&nbsp;'); } // line 6, pos 49
   #19: [warning] Expected (<number> | <percentage> | normal) but found 'expression(this)'.
       i.itsaicon-form-remove, i.itsaicon-form-destroy { *zoom: expression( this.runtimeStyle['zoom'] = '1', this.innerHTML = '&nbsp;&#xe801;&nbsp;'); } // line 7, pos 51
   #20: [error] Expected RBRACE at line 7, col 74.
       i.itsaicon-form-remove, i.itsaicon-form-destroy { *zoom: expression( this.runtimeStyle['zoom'] = '1', this.innerHTML = '&nbsp;&#xe801;&nbsp;'); } // line 7, pos 74
   #21: [warning] Property with star prefix found.
       i.itsaicon-form-remove, i.itsaicon-form-destroy { *zoom: expression( this.runtimeStyle['zoom'] = '1', this.innerHTML = '&nbsp;&#xe801;&nbsp;'); } // line 7, pos 51
   #22: [warning] Expected (<number> | <percentage> | normal) but found 'expression(this)'.
       i.itsaicon-form-load { *zoom: expression( this.runtimeStyle['zoom'] = '1', this.innerHTML = '&nbsp;&#xe802;&nbsp;'); } // line 8, pos 24
   #23: [warning] Property with star prefix found.
       i.itsaicon-form-load { *zoom: expression( this.runtimeStyle['zoom'] = '1', this.innerHTML = '&nbsp;&#xe802;&nbsp;'); } // line 8, pos 24
   #24: [error] Expected RBRACE at line 8, col 47.
       i.itsaicon-form-load { *zoom: expression( this.runtimeStyle['zoom'] = '1', this.innerHTML = '&nbsp;&#xe802;&nbsp;'); } // line 8, pos 47
   #25: [warning] Expected (<number> | <percentage> | normal) but found 'expression(this)'.
       i.itsaicon-form-save { *zoom: expression( this.runtimeStyle['zoom'] = '1', this.innerHTML = '&nbsp;&#xe800;&nbsp;'); } // line 9, pos 24
   #26: [warning] Property with star prefix found.
       i.itsaicon-form-save { *zoom: expression( this.runtimeStyle['zoom'] = '1', this.innerHTML = '&nbsp;&#xe800;&nbsp;'); } // line 9, pos 24
   #27: [error] Expected RBRACE at line 9, col 47.
       i.itsaicon-form-save { *zoom: expression( this.runtimeStyle['zoom'] = '1', this.innerHTML = '&nbsp;&#xe800;&nbsp;'); } // line 9, pos 47
   #28: [warning] Expected (<number> | <percentage> | normal) but found 'expression(this)'.
       i.itsaicon-form-ignore { *zoom: expression( this.runtimeStyle['zoom'] = '1', this.innerHTML = '&nbsp;&#xe807;&nbsp;'); } // line 10, pos 26
   #29: [warning] Property with star prefix found.
       i.itsaicon-form-ignore { *zoom: expression( this.runtimeStyle['zoom'] = '1', this.innerHTML = '&nbsp;&#xe807;&nbsp;'); } // line 10, pos 26
   #30: [error] Expected RBRACE at line 10, col 49.
       i.itsaicon-form-ignore { *zoom: expression( this.runtimeStyle['zoom'] = '1', this.innerHTML = '&nbsp;&#xe807;&nbsp;'); } // line 10, pos 49
   #31: [warning] Attribute selectors with ^= are slow!
       i[class^="itsaicon-form-"]:before, i[class*=" itsaicon-form-"]:before { // line 35, pos 2
   #32: [warning] Attribute selectors with *= are slow!
       i[class^="itsaicon-form-"]:before, i[class*=" itsaicon-form-"]:before { // line 35, pos 37
   #33: [warning] Use of !important
       font-family: "itsaform" !important; // line 36, pos 3
   #34: [warning] Use of !important
       i.itsaicon-form-loading:before { content: '\e802' !important; } /* Fontelico '' */ // line 49, pos 34
   #35: [warning] Element (i.itsaicon-form-loading:before) is overqualified, just use .itsaicon-form-loading without element name.
       i.itsaicon-form-loading:before { content: '\e802' !important; } /* Fontelico '' */ // line 49, pos 1
