[35mshifter[0m [37m[info][0m revving up
[35mshifter[0m [37m[info][0m looking for build.json file
[35mshifter[0m [37m[info][0m found build.json file, shifting
[35mshifter[0m [37m[info][0m putting the hammer down, let's build this thing!
[35mshifter[0m [37m[info][0m munging in loader meta data into build.json
[35mshifter[0m [37m[info][0m putting the hammer down
[35mshifter[0m [37m[info][0m shifting into gear for gallery-fwt-treeview
[35mshifter[0m [37m[info][0m deleting build dir: /build/gallery-fwt-treeview
[35mshifter[0m [36m[queu][0m writing RAW file
[35mshifter[0m [36m[queu][0m compressing gallery-fwt-treeview/gallery-fwt-treeview.js with UglifyJS
[35mshifter[0m [36m[queu][0m writing -min file
[35mshifter[0m [37m[info][0m shifting for coverage
[35mshifter[0m [37m[info][0m shifting skin for gallery-fwt-treeview
[35mshifter[0m [36m[queu][0m coverage file read, starting coverage for: gallery-fwt-treeview/gallery-fwt-treeview.js
[35mshifter[0m [37m[info][0m istanbul providing coverage
[35mshifter[0m [36m[queu][0m instrumenting with istanbul
[35mshifter[0m [36m[queu][0m writing coverage file to gallery-fwt-treeview/gallery-fwt-treeview-coverage.js
[35mshifter[0m [36m[queu][0m copying assets to skin for sam
[35mshifter[0m [36m[queu][0m writing skin file with core wrapper
[35mshifter[0m [36m[queu][0m writing skin file without core wrapper
[35mshifter[0m [37m[info][0m done racing, the gears are toast
[35mshifter[0m [37m[info][0m finished in 0.346 seconds, pretty fast huh?
