[35myogi[0m [37m[[0m[37minfo[0m[37m][0m  using yogi@0.1.9 on node@0.8.22
[35myogi[0m [37m[[0m[37minfo[0m[37m][0m  using module: gallery-scrollintoview
[35myogi[0m [37m[[0m[37minfo[0m[37m][0m  running with shifter
shifter [info] racing to find the closest .shifter.json file
shifter [info] revving up
shifter [info] looking for build.json file
shifter [info] found build.json file, shifting
shifter [info] putting the hammer down, let's build this thing!
shifter [warn] down shifting, can't find a meta directory
shifter [info] putting the hammer down
shifter [info] shifting into gear for gallery-scrollintoview
   #1: Trailing whitespace.
       * // line 13, pos 3
   #2: Trailing whitespace.
       * // line 17, pos 3
   #3: Too many var statements.
       var hit_top = (info.a.offsetParent === null); // line 27, pos 13
   #4: Too many var statements.
       var a = Y.one(info.a), // line 29, pos 13
   #5: Too many var statements.
       var scrollX = (hit_top ? Y.config.doc.documentElement.scrollLeft || Y.config.doc.body.scrollLeft : info.a.scrollLeft); // line 49, pos 9
   #6: 'hit_top' used out of scope.
       var scrollX = (hit_top ? Y.config.doc.documentElement.scrollLeft || Y.config.doc.body.scrollLeft : info.a.scrollLeft); // line 49, pos 20
   #7: Too many var statements.
       var scrollY = (hit_top ? Y.config.doc.documentElement.scrollTop || Y.config.doc.body.scrollTop : info.a.scrollTop); // line 50, pos 9
   #8: 'hit_top' used out of scope.
       var scrollY = (hit_top ? Y.config.doc.documentElement.scrollTop || Y.config.doc.body.scrollTop : info.a.scrollTop); // line 50, pos 20
   #9: Too many var statements.
       var d = // line 52, pos 9
   #10: 'hit_top' used out of scope.
       bottom: scrollY + (hit_top ? Y.DOM.winHeight() : info.a.clientHeight), // line 55, pos 28
   #11: 'hit_top' used out of scope.
       right:  scrollX + (hit_top ? Y.DOM.winWidth() : info.a.clientWidth) // line 57, pos 28
   #12: 'hit_top' used out of scope.
       if (hit_top && info.margin) // line 60, pos 9
   #13: Too many var statements.
       var dy = 0; // line 68, pos 9
   #14: 'a' used out of scope.
       if (a.getStyle('overflowY') == 'hidden') // line 69, pos 9
   #15: Expected '===' and instead saw '=='.
       if (a.getStyle('overflowY') == 'hidden') // line 69, pos 33
   #16: Empty block.
       else if (info.r.top < d.top) // line 73, pos 5
   #17: Too many var statements.
       var dx = 0; // line 82, pos 9
   #18: 'a' used out of scope.
       if (a.getStyle('overflowX') == 'hidden') // line 83, pos 9
   #19: Expected '===' and instead saw '=='.
       if (a.getStyle('overflowX') == 'hidden') // line 83, pos 33
   #20: Empty block.
       else if (info.r.left < d.left) // line 87, pos 5
   #21: 'hit_top' used out of scope.
       if (hit_top) // line 96, pos 9
   #22: Too many var statements.
       var body = Y.one('body'); // line 102, pos 21
   #23: Trailing whitespace.
       * // line 195, pos 3
   #24: Too many var statements.
       var r = // line 224, pos 9
   #25: Missing semicolon.
       } // line 246, pos 6
   #26: Too many var statements.
       var anim_config = {}; // line 253, pos 13
   #27: Empty block.
       } // line 268, pos 5
shifter [queu] file has changed, continuing build
shifter [queu] writing RAW file
shifter [queu] compressing gallery-scrollintoview/gallery-scrollintoview.js with UglifyJS
shifter [queu] writing -min file
shifter [info] shifting for coverage
shifter [queu] coverage file read, starting coverage for: gallery-scrollintoview/gallery-scrollintoview.js
shifter [info] istanbul providing coverage
shifter [queu] instrumenting with istanbul
shifter [queu] writing coverage file to gallery-scrollintoview/gallery-scrollintoview-coverage.js
shifter [info] done racing, the gears are toast
shifter [info] finished in 0.216 seconds, pretty fast huh?
[35myogi[0m [37m[[0m[37minfo[0m[37m][0m  build complete
[35myogi[0m [37m[[0m[37minfo[0m[37m][0m  testing module now
[35myogi[0m [37m[[0m[37minfo[0m[37m][0m  prepping grover tests
[35myogi[0m [37m[[0m[37minfo[0m[37m][0m  adding tests route
[35myogi[0m [37m[[0m[37minfo[0m[37m][0m  turning on coverage support in grover
[35myogi[0m [37m[[0m[37minfo[0m[37m][0m  launching xdr server on port 5001
[35myogi[0m [37m[[0m[37minfo[0m[37m][0m  listening on: http://127.0.0.1:5000
Starting Grover on 1 files with PhantomJS@1.7.0
  Running 15 concurrent tests at a time.
  Using a 120 second timeout per test.
âœ” [gallery-scrollintoview]: Passed: 0 Failed: 0 Total: 0 (ignored 0) (0.002 seconds) 6%
Writing files in JSON format to: /src/gallery-scrollintoview/logs/tests.json
â”Œâ”€â”€â”€â”€â”€â”€â”€â”€â”€â”€â”€â”€â”€â”€â”€â”€â”€â”€â”€â”€â”€â”€â”€â”€â”€â”€â”€â”€â”€â”€â”€â”€â”€â”€â”€â”€â”€â”€â”€â”€â”€â”€â”€â”€â”€â”€â”€â”€â”€â”€â”€â”€â”€â”€â”€â”€â”€â”€â”€â”€â”€â”¬â”€â”€â”€â”€â”€â”€â”€â”€â”€â”¬â”€â”€â”€â”€â”€â”€â”¬â”€â”€â”€â”€â”€â”€â”€â”€â”€â”€â”€â”€â”€â”¬â”€â”€â”€â”€â”€â”€â”€â”
â”‚[34m  path                                                       [39mâ”‚[34m  lines  [39mâ”‚[34m   %  [39mâ”‚[34m  functions  [39mâ”‚[34m    %  [39mâ”‚
â”œâ”€â”€â”€â”€â”€â”€â”€â”€â”€â”€â”€â”€â”€â”€â”€â”€â”€â”€â”€â”€â”€â”€â”€â”€â”€â”€â”€â”€â”€â”€â”€â”€â”€â”€â”€â”€â”€â”€â”€â”€â”€â”€â”€â”€â”€â”€â”€â”€â”€â”€â”€â”€â”€â”€â”€â”€â”€â”€â”€â”€â”€â”¼â”€â”€â”€â”€â”€â”€â”€â”€â”€â”¼â”€â”€â”€â”€â”€â”€â”¼â”€â”€â”€â”€â”€â”€â”€â”€â”€â”€â”€â”€â”€â”¼â”€â”€â”€â”€â”€â”€â”€â”¤
â”‚  âœ– /build/gallery-scrollintoview/gallery-scrollintoview.js  â”‚   3/46  â”‚  6%  â”‚        1/3  â”‚  33%  â”‚
â”œâ”€â”€â”€â”€â”€â”€â”€â”€â”€â”€â”€â”€â”€â”€â”€â”€â”€â”€â”€â”€â”€â”€â”€â”€â”€â”€â”€â”€â”€â”€â”€â”€â”€â”€â”€â”€â”€â”€â”€â”€â”€â”€â”€â”€â”€â”€â”€â”€â”€â”€â”€â”€â”€â”€â”€â”€â”€â”€â”€â”€â”€â”¼â”€â”€â”€â”€â”€â”€â”€â”€â”€â”¼â”€â”€â”€â”€â”€â”€â”¼â”€â”€â”€â”€â”€â”€â”€â”€â”€â”€â”€â”€â”€â”¼â”€â”€â”€â”€â”€â”€â”€â”¤
â”‚  total                                                      â”‚   3/46  â”‚  6%  â”‚        1/3  â”‚  33%  â”‚
â””â”€â”€â”€â”€â”€â”€â”€â”€â”€â”€â”€â”€â”€â”€â”€â”€â”€â”€â”€â”€â”€â”€â”€â”€â”€â”€â”€â”€â”€â”€â”€â”€â”€â”€â”€â”€â”€â”€â”€â”€â”€â”€â”€â”€â”€â”€â”€â”€â”€â”€â”€â”€â”€â”€â”€â”€â”€â”€â”€â”€â”€â”´â”€â”€â”€â”€â”€â”€â”€â”€â”€â”´â”€â”€â”€â”€â”€â”€â”´â”€â”€â”€â”€â”€â”€â”€â”€â”€â”€â”€â”€â”€â”´â”€â”€â”€â”€â”€â”€â”€â”˜
----------------------------------------------------------------
âœ” [Total]: Passed: 0 Failed: 0 Total: 0 (ignored 0) (0.002 seconds)
  [Grover Execution Timer] 1.587 seconds
Failed to find source file: /build/gallery-scrollintoview/gallery-scrollintoview.js
[35myogi[0m [37m[[0m[31mbail[0m[37m][0m grover returned a failure
