[35myogi[0m [37m[[0m[37minfo[0m[37m][0m  using yogi@0.1.11 on node@0.10.15
[35myogi[0m [37m[[0m[37minfo[0m[37m][0m  using module: gallery-funcprog
[35myogi[0m [37m[[0m[37minfo[0m[37m][0m  running with shifter
shifter [info] racing to find the closest .shifter.json file
shifter [info] revving up
shifter [info] looking for build.json file
shifter [info] found build.json file, shifting
shifter [info] putting the hammer down, let's build this thing!
shifter [warn] down shifting, can't find a meta directory
shifter [info] putting the hammer down
shifter [info] shifting into gear for gallery-funcprog
   #1: Line too long.
       * @return {Object} object with two properties: matches and rejects. Each is an array or object containing the items that were selected or rejected by the test function (or an empty object if none). // line 143, pos 202
   #2: Too many var statements.
       for (var i=a.length-1; i>=0; i--) // line 287, pos 22
   #3: Too many var statements.
       for (var i=0; i<a.length; i++) // line 313, pos 18
   #4: Too many var statements.
       var r = f.call(c, a[i], i, a); // line 315, pos 17
shifter [queu] file has changed, continuing build
shifter [queu] writing RAW file
shifter [queu] compressing gallery-funcprog/gallery-funcprog.js with UglifyJS
shifter [queu] writing -min file
shifter [info] shifting for coverage
shifter [queu] coverage file read, starting coverage for: gallery-funcprog/gallery-funcprog.js
shifter [info] istanbul providing coverage
shifter [queu] instrumenting with istanbul
shifter [queu] writing coverage file to gallery-funcprog/gallery-funcprog-coverage.js
shifter [info] done racing, the gears are toast
shifter [info] finished in 0.394 seconds, pretty fast huh?
[35myogi[0m [37m[[0m[37minfo[0m[37m][0m  build complete
[35myogi[0m [37m[[0m[37minfo[0m[37m][0m  testing module now
[35myogi[0m [37m[[0m[37minfo[0m[37m][0m  prepping grover tests
[35myogi[0m [37m[[0m[37minfo[0m[37m][0m  adding tests route
[35myogi[0m [37m[[0m[37minfo[0m[37m][0m  launching xdr server on port 5011
[35myogi[0m [37m[[0m[37minfo[0m[37m][0m  listening on: http://127.0.0.1:5010
[35myogi[0m [37m[[0m[37minfo[0m[37m][0m  turning on coverage support in grover
Starting Grover on 1 files with PhantomJS@1.9.1
  Running 15 concurrent tests at a time.
  Using a 120 second timeout per test.
✖ [gallery-funcprog]: Passed: 0 Failed: 9 Total: 9 (ignored 0) (0.125 seconds)
    testEvery
       Unexpected error: 'undefined' is not a function (evaluating 'Y.every([1,2], function(v, i)
       			{
       				count++;
       				return true;
       			})')
    testFilter
       Unexpected error: 'undefined' is not a function (evaluating 'Y.filter([1,2,3,4], function(v,i)
       			{
       				return v >= 3 || i === 0;
       			})')
    testFind
       Unexpected error: 'undefined' is not a function (evaluating 'Y.find([1,2,3,4], function(v,i)
       				{
       					return i == 2;
       				})')
    testMap
       Unexpected error: 'undefined' is not a function (evaluating 'Y.map([1,2,3,4], function(v,i)
       				{
       					return v*v;
       				})')
    testMapToObject
       Unexpected error: 'undefined' is not a function (evaluating 'Y.Array.mapToObject([1,2,3,4], function(v,i)
       			{
       				return [ i, v*v ];
       			})')
    testPartition
       Unexpected error: 'undefined' is not a function (evaluating 'Y.partition([1,2,3,4], function(v,i)
       			{
       				return v >= 3 || i === 0;
       			})')
    testReduce
       Unexpected error: 'undefined' is not a function (evaluating 'Y.reduce([1,2,3,4], 0, function(s,v)
       			{
       				return s+v;
       			})')
    testReduceRight
       Unexpected error: 'undefined' is not a function (evaluating 'Y.reduceRight([1,2,3,4], 0, function(s,v)
       			{
       				return s+v;
       			})')
    testReject
       Unexpected error: 'undefined' is not a function (evaluating 'Y.reject([1,2,3,4], function(v,i)
       			{
       				return v >= 3 || i === 0;
       			})')
Writing files in JSON format to: /src/gallery-funcprog/logs/tests.json
[35myogi[0m [37m[[0m[31mbail[0m[37m][0m grover returned a failure
