[35myogi[0m [37m[[0m[37minfo[0m[37m][0m  using yogi@0.1.9 on node@0.8.22
[35myogi[0m [37m[[0m[37minfo[0m[37m][0m  using module: gallery-itsadialogbox
[35myogi[0m [37m[[0m[37minfo[0m[37m][0m  running with shifter
shifter [info] racing to find the closest .shifter.json file
shifter [info] revving up
shifter [info] looking for build.json file
shifter [info] found build.json file, shifting
shifter [info] putting the hammer down, let's build this thing!
shifter [info] munging in loader meta data into build.json
shifter [info] putting the hammer down
shifter [info] shifting into gear for gallery-itsadialogbox
shifter [queu] file has changed, continuing build
shifter [queu] writing RAW file
shifter [queu] compressing gallery-itsadialogbox/gallery-itsadialogbox.js with UglifyJS
shifter [queu] writing -min file
shifter [info] shifting for coverage
shifter [info] shifting skin for gallery-itsadialogbox
shifter [queu] coverage file read, starting coverage for: gallery-itsadialogbox/gallery-itsadialogbox.js
shifter [info] istanbul providing coverage
shifter [queu] instrumenting with istanbul
shifter [queu] writing coverage file to gallery-itsadialogbox/gallery-itsadialogbox-coverage.js
shifter [queu] copying assets to skin for sam
   #1: [warning] Values of 0 shouldn't have units specified.
       padding: 2px 2px 0px 0px; // line 16, pos 22
   #2: [warning] Values of 0 shouldn't have units specified.
       padding: 2px 2px 0px 0px; // line 16, pos 26
   #3: [warning] Using width with padding can sometimes make elements larger than you expect.
       padding: 2px 2px 0px 0px; // line 16, pos 5
   #4: [warning] Values of 0 shouldn't have units specified.
       padding: 2px 2px 0px 0px; // line 22, pos 26
   #5: [warning] Values of 0 shouldn't have units specified.
       padding: 2px 2px 0px 0px; // line 22, pos 22
   #6: [warning] Using width with padding can sometimes make elements larger than you expect.
       padding: 2px 2px 0px 0px; // line 22, pos 5
   #7: [warning] Outlines should only be modified using :focus.
       .yui3-itsadialogbox .yui3-button:-moz-focusring { // line 29, pos 1
   #8: [warning] Outlines shouldn't be hidden unless other visual changes are made.
       .yui3-itsadialogbox .yui3-button:focus { // line 33, pos 1
   #9: [warning] Outlines shouldn't be hidden unless other visual changes are made.
       .yui3-itsadialogbox:focus { // line 37, pos 1
   #10: [warning] Values of 0 shouldn't have units specified.
       padding: 20px 0px 0px 60px; // line 63, pos 19
   #11: [warning] Values of 0 shouldn't have units specified.
       padding: 20px 0px 0px 60px; // line 63, pos 23
   #12: [warning] Don't use adjoining classes.
       .yui3-itsadialogbox .yui3-button.focus { // line 71, pos 21
   #13: [warning] Don't use adjoining classes.
       .yui3-skin-sam .yui3-itsadialogbox .yui3-button-primary.yui3-button.nofocus { // line 76, pos 36
   #14: [warning] Don't use adjoining classes.
       .yui3-skin-sam .yui3-itsadialogbox .yui3-button-primary.yui3-button.nofocus { // line 76, pos 36
   #15: [warning] Don't use adjoining classes.
       .yui3-skin-sam .yui3-panel.yui3-itsadialogbox .yui3-widget-ft .yui3-button { // line 81, pos 16
   #16: [warning] Don't use adjoining classes.
       .yui3-skin-sam .yui3-panel.yui3-itsadialogbox { // line 85, pos 16
   #17: [warning] Don't use adjoining classes.
       .yui3-skin-sam .yui3-panel.yui3-itsadialogbox .yui3-widget-bd { // line 90, pos 16
   #18: [warning] Don't use adjoining classes.
       .yui3-skin-sam .yui3-panel.yui3-itsadialogbox.withicon .yui3-widget-bd { // line 96, pos 16
   #19: [warning] Don't use adjoining classes.
       .yui3-skin-sam .yui3-panel.yui3-itsadialogbox.withicon .yui3-widget-bd { // line 96, pos 16
   #20: [warning] Don't use adjoining classes.
       .yui3-skin-sam .yui3-panel.yui3-itsadialogbox .yui3-widget-hd { // line 102, pos 16
   #21: [warning] Don't use adjoining classes.
       .yui3-skin-sam .yui3-panel.yui3-itsadialogbox .yui3-widget-ft { // line 108, pos 16
   #22: [warning] Property with star prefix found.
       *display: inline; // line 128, pos 5
   #23: [warning] display:inline has no effect on floated elements (but may be used to fix the IE6 double-margin bug).
       float: left; // line 130, pos 5
   #24: [warning] width can't be used with display: inline.
       width: 44px; // line 131, pos 5
   #25: [warning] height can't be used with display: inline.
       height: 44px; // line 132, pos 5
   #26: [warning] Property with star prefix found.
       *background-image: url('itsadialog_buttonicons.png'); // line 135, pos 5
   #27: [warning] Values of 0 shouldn't have units specified.
       background-position: -999px 0px; // line 136, pos 33
   #28: [warning] Values of 0 shouldn't have units specified.
       padding: 20px 0px 0px 60px; // line 140, pos 19
   #29: [warning] Values of 0 shouldn't have units specified.
       padding: 20px 0px 0px 60px; // line 140, pos 23
   #30: [warning] Don't use adjoining classes.
       .itsadialogbox-icon.icon-bubble { // line 142, pos 1
   #31: [warning] Values of 0 shouldn't have units specified.
       background-position: 0px -200px; // line 143, pos 26
   #32: [warning] Don't use adjoining classes.
       .itsadialogbox-icon.icon-error { // line 146, pos 1
   #33: [warning] Values of 0 shouldn't have units specified.
       background-position: 0px -100px; // line 147, pos 26
   #34: [warning] Don't use adjoining classes.
       .itsadialogbox-icon.icon-info { // line 150, pos 1
   #35: [warning] Values of 0 shouldn't have units specified.
       background-position: 0px -300px; // line 151, pos 26
   #36: [warning] Don't use adjoining classes.
       .itsadialogbox-icon.icon-question { // line 154, pos 1
   #37: [warning] Values of 0 shouldn't have units specified.
       background-position: 0px -400px; // line 155, pos 26
   #38: [warning] Don't use adjoining classes.
       .itsadialogbox-icon.icon-warn { // line 158, pos 1
   #39: [warning] Values of 0 shouldn't have units specified.
       background-position: 0px -500px; // line 159, pos 26
   #40: [warning] Don't use adjoining classes.
       .itsadialogbox-icon.icon-success { // line 162, pos 1
   #41: [warning] Values of 0 shouldn't have units specified.
       background-position: 0px 0px; // line 163, pos 26
   #42: [warning] Values of 0 shouldn't have units specified.
       background-position: 0px 0px; // line 163, pos 30
   #43: [warning] Using width with padding-right can sometimes make elements larger than you expect.
       padding-right: 8px; // line 172, pos 5
shifter [queu] writing skin file with core wrapper
shifter [info] done racing, the gears are toast
shifter [info] finished in 1.256 seconds, pretty fast huh?
[35myogi[0m [37m[[0m[37minfo[0m[37m][0m  build complete
[35myogi[0m [37m[[0m[37minfo[0m[37m][0m  testing module now
[35myogi[0m [37m[[0m[37minfo[0m[37m][0m  prepping grover tests
[35myogi[0m [37m[[0m[37minfo[0m[37m][0m  adding tests route
[35myogi[0m [37m[[0m[37minfo[0m[37m][0m  turning on coverage support in grover
[35myogi[0m [37m[[0m[37minfo[0m[37m][0m  launching xdr server on port 5001
[35myogi[0m [37m[[0m[37minfo[0m[37m][0m  listening on: http://127.0.0.1:5000
Starting Grover on 1 files with PhantomJS@1.7.0
  Running 15 concurrent tests at a time.
  Using a 120 second timeout per test.
✖ [gallery-itsadialogbox]: Passed: 0 Failed: 1 Total: 1 (ignored 0) (0.006 seconds)
    test is empty
       No Tests Provided For This Module
Writing files in JSON format to: /src/gallery-itsadialogbox/logs/tests.json
[35myogi[0m [37m[[0m[31mbail[0m[37m][0m grover returned a failure
