[35myogi[0m [37m[[0m[37minfo[0m[37m][0m  using yogi@0.0.66 on node@0.8.18
[35myogi[0m [37m[[0m[37minfo[0m[37m][0m  using module: gallery-md-spinner
[35myogi[0m [37m[[0m[37minfo[0m[37m][0m  running with shifter
shifter [info] racing to find the closest .shifter.json file
shifter [info] revving up
shifter [info] looking for build.json file
shifter [info] found build.json file, shifting
shifter [info] putting the hammer down, let's build this thing!
shifter [info] munging in loader meta data into build.json
shifter [info] putting the hammer down
shifter [info] shifting into gear for gallery-md-spinner
shifter [queu] file has changed, continuing build
shifter [queu] writing RAW file
shifter [queu] compressing gallery-md-spinner/gallery-md-spinner.js with UglifyJS
shifter [queu] writing -min file
shifter [info] shifting for coverage
shifter [info] shifting skin for gallery-md-spinner
shifter [queu] coverage file read, starting coverage for: gallery-md-spinner/gallery-md-spinner.js
shifter [info] istanbul providing coverage
shifter [queu] instrumenting with istanbul
shifter [queu] writing coverage file to gallery-md-spinner/gallery-md-spinner-coverage.js
shifter [queu] copying assets to skin for sam
   #1: [warning] Duplicate property '*display' found.
       *display:inline; // line 9, pos 5
   #2: [warning] Property with star prefix found.
       *display:inline; // line 9, pos 5
   #3: [warning] Element (input.yui3-spinner-input) is overqualified, just use .yui3-spinner-input without element name.
       .yui3-spinner input.yui3-spinner-input  { // line 18, pos 15
   #4: [warning] Using height with border can sometimes make elements larger than you expect.
       border:1px solid #000; // line 24, pos 5
   #5: [warning] Using width with border can sometimes make elements larger than you expect.
       border:1px solid #000; // line 24, pos 5
   #6: [warning] Using height with padding can sometimes make elements larger than you expect.
       padding:2px; // line 25, pos 5
   #7: [warning] Using width with padding can sometimes make elements larger than you expect.
       padding:2px; // line 25, pos 5
   #8: [warning] Using height with border can sometimes make elements larger than you expect.
       border:1px solid #999; // line 35, pos 5
   #9: [warning] Using width with border can sometimes make elements larger than you expect.
       border:1px solid #999; // line 35, pos 5
   #10: [warning] Values of 0 shouldn't have units specified.
       padding:0px; // line 37, pos 13
   #11: [warning] Property with star prefix found.
       *top:2px; // line 42, pos 5
   #12: [warning] Property with star prefix found.
       *bottom:2px; // line 48, pos 5
   #13: [warning] Element (input.yui3-spinner-inputError) is overqualified, just use .yui3-spinner-inputError without element name.
       }.yui3-spinner input.yui3-spinner-inputError  { // line 50, pos 17
   #14: [warning] Background image 'arrows.png' was used multiple times, first declared at line 55, col 5.
       background:transparent url(arrows.png) no-repeat 50% -54px; // line 59, pos 5
shifter [queu] writing skin file with core wrapper
shifter [queu] writing skin file without core wrapper
shifter [info] done racing, the gears are toast
shifter [info] finished in 0.25 seconds, pretty fast huh?
[35myogi[0m [37m[[0m[37minfo[0m[37m][0m  build complete
[35myogi[0m [37m[[0m[37minfo[0m[37m][0m  testing module now
[35myogi[0m [37m[[0m[37minfo[0m[37m][0m  prepping grover tests
[35myogi[0m [37m[[0m[31mbail[0m[37m][0m seems this module does not have tests, you should add some :)
