[35myogi[0m [37m[[0m[37minfo[0m[37m][0m  using yogi@0.1.9 on node@0.8.23
[35myogi[0m [37m[[0m[37minfo[0m[37m][0m  using module: gallery-composite-image-pixel
[35myogi[0m [37m[[0m[37minfo[0m[37m][0m  running with shifter
shifter [info] racing to find the closest .shifter.json file
shifter [info] revving up
shifter [info] looking for build.json file
shifter [info] found build.json file, shifting
shifter [info] putting the hammer down, let's build this thing!
shifter [info] munging in loader meta data into build.json
shifter [info] putting the hammer down
shifter [info] shifting into gear for gallery-composite-image-pixel
   #1: A constructor name should start with an uppercase letter.
       var pixel = new _Class(this, pixelIndex); // line 164, pos 25
shifter [queu] file has changed, continuing build
shifter [queu] writing RAW file
shifter [queu] compressing gallery-composite-image-pixel/gallery-composite-image-pixel.js with UglifyJS
shifter [queu] writing -min file
shifter [info] shifting for coverage
shifter [queu] coverage file read, starting coverage for: gallery-composite-image-pixel/gallery-composite-image-pixel.js
shifter [info] istanbul providing coverage
shifter [queu] instrumenting with istanbul
shifter [queu] writing coverage file to gallery-composite-image-pixel/gallery-composite-image-pixel-coverage.js
shifter [info] done racing, the gears are toast
shifter [info] finished in 0.236 seconds, pretty fast huh?
[35myogi[0m [37m[[0m[37minfo[0m[37m][0m  build complete
[35myogi[0m [37m[[0m[37minfo[0m[37m][0m  testing module now
[35myogi[0m [37m[[0m[37minfo[0m[37m][0m  prepping grover tests
[35myogi[0m [37m[[0m[37minfo[0m[37m][0m  adding tests route
[35myogi[0m [37m[[0m[37minfo[0m[37m][0m  turning on coverage support in grover
[35myogi[0m [37m[[0m[37minfo[0m[37m][0m  launching xdr server on port 5015
[35myogi[0m [37m[[0m[37minfo[0m[37m][0m  listening on: http://127.0.0.1:5014
Starting Grover on 1 files with PhantomJS@1.8.1
  Running 15 concurrent tests at a time.
  Using a 120 second timeout per test.
âœ” [gallery-composite-image-pixel]: Passed: 0 Failed: 0 Total: 4 (ignored 4) (0.04 seconds)
Writing files in JSON format to: /src/gallery-composite-image-pixel/logs/tests.json
â”Œâ”€â”€â”€â”€â”€â”€â”€â”€â”€â”¬â”€â”€â”€â”€â”€â”€â”€â”€â”€â”¬â”€â”€â”€â”€â”€â”€â”€â”€â”¬â”€â”€â”€â”€â”€â”€â”€â”€â”€â”€â”€â”€â”€â”¬â”€â”€â”€â”€â”€â”€â”€â”€â”
â”‚[34m  path   [39mâ”‚[34m  lines  [39mâ”‚[34m     %  [39mâ”‚[34m  functions  [39mâ”‚[34m     %  [39mâ”‚
â”œâ”€â”€â”€â”€â”€â”€â”€â”€â”€â”¼â”€â”€â”€â”€â”€â”€â”€â”€â”€â”¼â”€â”€â”€â”€â”€â”€â”€â”€â”¼â”€â”€â”€â”€â”€â”€â”€â”€â”€â”€â”€â”€â”€â”¼â”€â”€â”€â”€â”€â”€â”€â”€â”¤
â”‚  total  â”‚    0/0  â”‚  NaN%  â”‚        0/0  â”‚  NaN%  â”‚
â””â”€â”€â”€â”€â”€â”€â”€â”€â”€â”´â”€â”€â”€â”€â”€â”€â”€â”€â”€â”´â”€â”€â”€â”€â”€â”€â”€â”€â”´â”€â”€â”€â”€â”€â”€â”€â”€â”€â”€â”€â”€â”€â”´â”€â”€â”€â”€â”€â”€â”€â”€â”˜
----------------------------------------------------------------
âœ” [Total]: Passed: 0 Failed: 0 Total: 4 (ignored 4) (0.04 seconds)
  [Grover Execution Timer] 8.628 seconds
[35myogi[0m [37m[[0m[37minfo[0m[37m][0m  [32mgrover tests complete[0m
