[35myogi[0m [37m[[0m[37minfo[0m[37m][0m  using yogi@0.1.11 on node@0.10.23
[35myogi[0m [37m[[0m[37minfo[0m[37m][0m  using module: gallery-itsapanel
[35myogi[0m [37m[[0m[37minfo[0m[37m][0m  running with shifter
shifter [info] racing to find the closest .shifter.json file
shifter [info] revving up
shifter [info] looking for build.json file
shifter [info] found build.json file, shifting
shifter [info] putting the hammer down, let's build this thing!
shifter [info] munging in loader meta data into build.json
shifter [info] putting the hammer down
shifter [info] shifting into gear for gallery-itsapanel
shifter [queu] file has changed, continuing build
shifter [queu] writing RAW file
shifter [queu] compressing gallery-itsapanel/gallery-itsapanel.js with UglifyJS
shifter [queu] writing -min file
shifter [info] shifting for coverage
shifter [info] shifting skin for gallery-itsapanel
shifter [info] found a subskin, shifting for gallery-itsapanel
shifter [queu] coverage file read, starting coverage for: gallery-itsapanel/gallery-itsapanel.js
shifter [info] istanbul providing coverage
shifter [queu] instrumenting with istanbul
shifter [queu] writing coverage file to gallery-itsapanel/gallery-itsapanel-coverage.js
shifter [queu] copying assets to skin for sam
   #1: [warning] The box-sizing property isn't supported in IE6 and IE7.
       box-sizing: border-box; // line 22, pos 5
   #2: [warning] The box-sizing property isn't supported in IE6 and IE7.
       box-sizing: border-box; // line 49, pos 5
shifter [queu] writing skin file with core wrapper
shifter [info] done racing, the gears are toast
shifter [info] finished in 0.53 seconds, pretty fast huh?
[35myogi[0m [37m[[0m[37minfo[0m[37m][0m  build complete
[35myogi[0m [37m[[0m[37minfo[0m[37m][0m  testing module now
[35myogi[0m [37m[[0m[37minfo[0m[37m][0m  prepping grover tests
[35myogi[0m [37m[[0m[37minfo[0m[37m][0m  adding tests route
[35myogi[0m [37m[[0m[37minfo[0m[37m][0m  launching xdr server on port 5001
[35myogi[0m [37m[[0m[37minfo[0m[37m][0m  listening on: http://127.0.0.1:5000
[35myogi[0m [37m[[0m[37minfo[0m[37m][0m  turning on coverage support in grover
[35myogi[0m [37m[[0m[31mbail[0m[37m][0m grover returned a failure
