[35myogi[0m [37m[[0m[37minfo[0m[37m][0m  using yogi@0.1.11 on node@0.10.17
[35myogi[0m [37m[[0m[37minfo[0m[37m][0m  using module: gallery-fast-ui
[35myogi[0m [37m[[0m[37minfo[0m[37m][0m  running with shifter
shifter [info] racing to find the closest .shifter.json file
shifter [info] revving up
shifter [info] looking for build.json file
shifter [info] found build.json file, shifting
shifter [info] putting the hammer down, let's build this thing!
shifter [info] munging in loader meta data into build.json
shifter [info] putting the hammer down
shifter [info] shifting into gear for gallery-fast-ui
   #1: eval is evil.
       return eval(widgetConfigProperty.value); // line 631, pos 16
   #2: 'readConfigFromAttributes' is defined but never used.
       function readConfigFromAttributes(id, widgetConfig, element) { // line 58, pos 34
   #3: 'readConfigFromElements' is defined but never used.
       function readConfigFromElements(widgetConfig, configNodes) { // line 97, pos 32
   #4: 'extractContents' is defined but never used.
       function extractContents(xmlNode, type) { // line 116, pos 25
   #5: 'getUiNodeAsString' is defined but never used.
       function getUiNodeAsString(xmlNode) { // line 129, pos 27
   #6: 'getJsNodeAsString' is defined but never used.
       function getJsNodeAsString(xmlNode) { // line 147, pos 27
   #7: 'getStringNodeAsString' is defined but never used.
       function getStringNodeAsString(xmlNode) { // line 156, pos 31
   #8: 'mix' is defined but never used.
       function mix(target) { // line 641, pos 13
shifter [queu] writing RAW file
shifter [queu] compressing gallery-fast-ui/gallery-fast-ui.js with UglifyJS
shifter [queu] writing -min file
shifter [info] shifting for coverage
shifter [queu] coverage file read, starting coverage for: gallery-fast-ui/gallery-fast-ui.js
shifter [info] istanbul providing coverage
shifter [queu] instrumenting with istanbul
shifter [queu] writing coverage file to gallery-fast-ui/gallery-fast-ui-coverage.js
shifter [info] done racing, the gears are toast
shifter [info] finished in 0.436 seconds, pretty fast huh?
[35myogi[0m [37m[[0m[37minfo[0m[37m][0m  build complete
[35myogi[0m [37m[[0m[37minfo[0m[37m][0m  testing module now
[35myogi[0m [37m[[0m[37minfo[0m[37m][0m  prepping grover tests
[35myogi[0m [37m[[0m[37minfo[0m[37m][0m  adding tests route
[35myogi[0m [37m[[0m[37minfo[0m[37m][0m  launching xdr server on port 5007
[35myogi[0m [37m[[0m[37minfo[0m[37m][0m  listening on: http://127.0.0.1:5006
[35myogi[0m [37m[[0m[37minfo[0m[37m][0m  turning on coverage support in grover
Starting Grover on 1 files with PhantomJS@1.9.1
  Running 15 concurrent tests at a time.
  Using a 120 second timeout per test.
✖ [gallery-fast-ui]: Passed: 0 Failed: 1 Total: 1 (ignored 0) (0.005 seconds)
    test is empty
       No Tests Provided For This Module
Writing files in JSON format to: /src/gallery-fast-ui/logs/tests.json
[35myogi[0m [37m[[0m[31mbail[0m[37m][0m grover returned a failure
