[35myogi[0m [37m[[0m[37minfo[0m[37m][0m  using yogi@0.1.9 on node@0.8.23
[35myogi[0m [37m[[0m[37minfo[0m[37m][0m  using module: gallery-layout-datatable
[35myogi[0m [37m[[0m[37minfo[0m[37m][0m  running with shifter
shifter [info] racing to find the closest .shifter.json file
shifter [info] revving up
shifter [info] looking for build.json file
shifter [info] found build.json file, shifting
shifter [info] putting the hammer down, let's build this thing!
shifter [warn] down shifting, can't find a meta directory
shifter [info] putting the hammer down
shifter [info] shifting into gear for gallery-layout-datatable
   #1: Trailing whitespace.
       * // line 13, pos 3
   #2: Trailing whitespace.
       * // line 35, pos 7
   #3: Mixed spaces and tabs.
       .ancestor('.' + Y.PageLayout.module_body_class), // line 59, pos 6
   #4: Expected '===' and instead saw '=='.
       if (e.bd.get('id') == module_bd.get('id') && e.height == 'auto') // line 67, pos 36
   #5: Expected '===' and instead saw '=='.
       if (e.bd.get('id') == module_bd.get('id') && e.height == 'auto') // line 67, pos 71
   #6: Expected '===' and instead saw '=='.
       if (e.bd.get('id') == module_bd.get('id')) // line 82, pos 36
   #7: Trailing whitespace.
       * // line 105, pos 7
   #8: 'config' is defined but never used.
       initializer: function(config) // line 50, pos 33
shifter [queu] file has changed, continuing build
shifter [queu] writing RAW file
shifter [queu] compressing gallery-layout-datatable/gallery-layout-datatable.js with UglifyJS
shifter [queu] writing -min file
shifter [info] shifting for coverage
shifter [queu] coverage file read, starting coverage for: gallery-layout-datatable/gallery-layout-datatable.js
shifter [info] istanbul providing coverage
shifter [queu] instrumenting with istanbul
shifter [queu] writing coverage file to gallery-layout-datatable/gallery-layout-datatable-coverage.js
shifter [info] done racing, the gears are toast
shifter [info] finished in 0.071 seconds, pretty fast huh?
[35myogi[0m [37m[[0m[37minfo[0m[37m][0m  build complete
[35myogi[0m [37m[[0m[37minfo[0m[37m][0m  testing module now
[35myogi[0m [37m[[0m[37minfo[0m[37m][0m  prepping grover tests
[35myogi[0m [37m[[0m[31mbail[0m[37m][0m seems this module does not have tests, you should add some :)
