[35myogi[0m [37m[[0m[37minfo[0m[37m][0m  using yogi@0.1.6 on node@0.8.22
[35myogi[0m [37m[[0m[37minfo[0m[37m][0m  using module: gallery-advanced-number-format
[35myogi[0m [37m[[0m[37minfo[0m[37m][0m  running with shifter
shifter [info] racing to find the closest .shifter.json file
shifter [info] revving up
shifter [info] looking for build.json file
shifter [info] found build.json file, shifting
shifter [info] putting the hammer down, let's build this thing!
shifter [info] munging in loader meta data into build.json
shifter [info] putting the hammer down
shifter [info] shifting into gear for gallery-advanced-number-format
shifter [queu] writing RAW file
shifter [queu] compressing gallery-advanced-number-format/gallery-advanced-number-format.js with UglifyJS
shifter [queu] writing -min file
shifter [info] shifting for coverage
shifter [info] shifting 325 langs for gallery-advanced-number-format
shifter [queu] coverage file read, starting coverage for: gallery-advanced-number-format/gallery-advanced-number-format.js
shifter [info] istanbul providing coverage
shifter [queu] instrumenting with istanbul
shifter [queu] writing coverage file to gallery-advanced-number-format/gallery-advanced-number-format-coverage.js
shifter [info] shifted lang for gallery-advanced-number-format
shifter [info] shifted lang for gallery-advanced-number-format
shifter [info] shifted lang for gallery-advanced-number-format
shifter [info] shifted lang for gallery-advanced-number-format
shifter [info] shifted lang for gallery-advanced-number-format
shifter [info] shifted lang for gallery-advanced-number-format
shifter [info] shifted lang for gallery-advanced-number-format
shifter [info] shifted lang for gallery-advanced-number-format
shifter [info] shifted lang for gallery-advanced-number-format
shifter [info] shifted lang for gallery-advanced-number-format
shifter [info] shifted lang for gallery-advanced-number-format
shifter [info] shifted lang for gallery-advanced-number-format
shifter [info] shifted lang for gallery-advanced-number-format
shifter [info] shifted lang for gallery-advanced-number-format
shifter [info] shifted lang for gallery-advanced-number-format
shifter [info] shifted lang for gallery-advanced-number-format
shifter [info] shifted lang for gallery-advanced-number-format
shifter [info] shifted lang for gallery-advanced-number-format
shifter [info] shifted lang for gallery-advanced-number-format
shifter [info] shifted lang for gallery-advanced-number-format
shifter [info] shifted lang for gallery-advanced-number-format
shifter [info] shifted lang for gallery-advanced-number-format
shifter [info] shifted lang for gallery-advanced-number-format
shifter [info] shifted lang for gallery-advanced-number-format
shifter [info] shifted lang for gallery-advanced-number-format
shifter [info] shifted lang for gallery-advanced-number-format
shifter [info] shifted lang for gallery-advanced-number-format
shifter [info] shifted lang for gallery-advanced-number-format
shifter [info] shifted lang for gallery-advanced-number-format
shifter [info] shifted lang for gallery-advanced-number-format
shifter [info] shifted lang for gallery-advanced-number-format
shifter [info] shifted lang for gallery-advanced-number-format
shifter [info] shifted lang for gallery-advanced-number-format
shifter [info] shifted lang for gallery-advanced-number-format
shifter [info] shifted lang for gallery-advanced-number-format
shifter [info] shifted lang for gallery-advanced-number-format
shifter [info] shifted lang for gallery-advanced-number-format
shifter [info] shifted lang for gallery-advanced-number-format
shifter [info] shifted lang for gallery-advanced-number-format
shifter [info] shifted lang for gallery-advanced-number-format
shifter [info] shifted lang for gallery-advanced-number-format
shifter [info] shifted lang for gallery-advanced-number-format
shifter [info] shifted lang for gallery-advanced-number-format
shifter [info] shifted lang for gallery-advanced-number-format
shifter [info] shifted lang for gallery-advanced-number-format
shifter [info] shifted lang for gallery-advanced-number-format
shifter [info] shifted lang for gallery-advanced-number-format
shifter [info] shifted lang for gallery-advanced-number-format
shifter [info] shifted lang for gallery-advanced-number-format
shifter [info] shifted lang for gallery-advanced-number-format
shifter [info] shifted lang for gallery-advanced-number-format
shifter [info] shifted lang for gallery-advanced-number-format
shifter [info] shifted lang for gallery-advanced-number-format
shifter [info] shifted lang for gallery-advanced-number-format
shifter [info] shifted lang for gallery-advanced-number-format
shifter [info] shifted lang for gallery-advanced-number-format
shifter [info] shifted lang for gallery-advanced-number-format
shifter [info] shifted lang for gallery-advanced-number-format
shifter [info] shifted lang for gallery-advanced-number-format
shifter [info] shifted lang for gallery-advanced-number-format
shifter [info] shifted lang for gallery-advanced-number-format
shifter [info] shifted lang for gallery-advanced-number-format
shifter [info] shifted lang for gallery-advanced-number-format
shifter [info] shifted lang for gallery-advanced-number-format
shifter [info] shifted lang for gallery-advanced-number-format
shifter [info] shifted lang for gallery-advanced-number-format
shifter [info] shifted lang for gallery-advanced-number-format
shifter [info] shifted lang for gallery-advanced-number-format
shifter [info] shifted lang for gallery-advanced-number-format
shifter [info] shifted lang for gallery-advanced-number-format
shifter [info] shifted lang for gallery-advanced-number-format
shifter [info] shifted lang for gallery-advanced-number-format
shifter [info] shifted lang for gallery-advanced-number-format
shifter [info] shifted lang for gallery-advanced-number-format
shifter [info] shifted lang for gallery-advanced-number-format
shifter [info] shifted lang for gallery-advanced-number-format
shifter [info] shifted lang for gallery-advanced-number-format
shifter [info] shifted lang for gallery-advanced-number-format
shifter [info] shifted lang for gallery-advanced-number-format
shifter [info] shifted lang for gallery-advanced-number-format
shifter [info] shifted lang for gallery-advanced-number-format
shifter [info] shifted lang for gallery-advanced-number-format
shifter [info] shifted lang for gallery-advanced-number-format
shifter [info] shifted lang for gallery-advanced-number-format
shifter [info] shifted lang for gallery-advanced-number-format
shifter [info] shifted lang for gallery-advanced-number-format
shifter [info] shifted lang for gallery-advanced-number-format
shifter [info] shifted lang for gallery-advanced-number-format
shifter [info] shifted lang for gallery-advanced-number-format
shifter [info] shifted lang for gallery-advanced-number-format
shifter [info] shifted lang for gallery-advanced-number-format
shifter [info] shifted lang for gallery-advanced-number-format
shifter [info] shifted lang for gallery-advanced-number-format
shifter [info] shifted lang for gallery-advanced-number-format
shifter [info] shifted lang for gallery-advanced-number-format
shifter [info] shifted lang for gallery-advanced-number-format
shifter [info] shifted lang for gallery-advanced-number-format
shifter [info] shifted lang for gallery-advanced-number-format
shifter [info] shifted lang for gallery-advanced-number-format
shifter [info] shifted lang for gallery-advanced-number-format
shifter [info] shifted lang for gallery-advanced-number-format
shifter [info] shifted lang for gallery-advanced-number-format
shifter [info] shifted lang for gallery-advanced-number-format
shifter [info] shifted lang for gallery-advanced-number-format
shifter [info] shifted lang for gallery-advanced-number-format
shifter [info] shifted lang for gallery-advanced-number-format
shifter [info] shifted lang for gallery-advanced-number-format
shifter [info] shifted lang for gallery-advanced-number-format
shifter [info] shifted lang for gallery-advanced-number-format
shifter [info] shifted lang for gallery-advanced-number-format
shifter [info] shifted lang for gallery-advanced-number-format
shifter [info] shifted lang for gallery-advanced-number-format
shifter [info] shifted lang for gallery-advanced-number-format
shifter [info] shifted lang for gallery-advanced-number-format
shifter [info] shifted lang for gallery-advanced-number-format
shifter [info] shifted lang for gallery-advanced-number-format
shifter [info] shifted lang for gallery-advanced-number-format
shifter [info] shifted lang for gallery-advanced-number-format
shifter [info] shifted lang for gallery-advanced-number-format
shifter [info] shifted lang for gallery-advanced-number-format
shifter [info] shifted lang for gallery-advanced-number-format
shifter [info] shifted lang for gallery-advanced-number-format
shifter [info] shifted lang for gallery-advanced-number-format
shifter [info] shifted lang for gallery-advanced-number-format
shifter [info] shifted lang for gallery-advanced-number-format
shifter [info] shifted lang for gallery-advanced-number-format
shifter [info] shifted lang for gallery-advanced-number-format
shifter [info] shifted lang for gallery-advanced-number-format
shifter [info] shifted lang for gallery-advanced-number-format
shifter [info] shifted lang for gallery-advanced-number-format
shifter [info] shifted lang for gallery-advanced-number-format
shifter [info] shifted lang for gallery-advanced-number-format
shifter [info] shifted lang for gallery-advanced-number-format
shifter [info] shifted lang for gallery-advanced-number-format
shifter [info] shifted lang for gallery-advanced-number-format
shifter [info] shifted lang for gallery-advanced-number-format
shifter [info] shifted lang for gallery-advanced-number-format
shifter [info] shifted lang for gallery-advanced-number-format
shifter [info] shifted lang for gallery-advanced-number-format
shifter [info] shifted lang for gallery-advanced-number-format
shifter [info] shifted lang for gallery-advanced-number-format
shifter [info] shifted lang for gallery-advanced-number-format
shifter [info] shifted lang for gallery-advanced-number-format
shifter [info] shifted lang for gallery-advanced-number-format
shifter [info] shifted lang for gallery-advanced-number-format
shifter [info] shifted lang for gallery-advanced-number-format
shifter [info] shifted lang for gallery-advanced-number-format
shifter [info] shifted lang for gallery-advanced-number-format
shifter [info] shifted lang for gallery-advanced-number-format
shifter [info] shifted lang for gallery-advanced-number-format
shifter [info] shifted lang for gallery-advanced-number-format
shifter [info] shifted lang for gallery-advanced-number-format
shifter [info] shifted lang for gallery-advanced-number-format
shifter [info] shifted lang for gallery-advanced-number-format
shifter [info] shifted lang for gallery-advanced-number-format
shifter [info] shifted lang for gallery-advanced-number-format
shifter [info] shifted lang for gallery-advanced-number-format
shifter [info] shifted lang for gallery-advanced-number-format
shifter [info] shifted lang for gallery-advanced-number-format
shifter [info] shifted lang for gallery-advanced-number-format
shifter [info] shifted lang for gallery-advanced-number-format
shifter [info] shifted lang for gallery-advanced-number-format
shifter [info] shifted lang for gallery-advanced-number-format
shifter [info] shifted lang for gallery-advanced-number-format
shifter [info] shifted lang for gallery-advanced-number-format
shifter [info] shifted lang for gallery-advanced-number-format
shifter [info] shifted lang for gallery-advanced-number-format
shifter [info] shifted lang for gallery-advanced-number-format
shifter [info] shifted lang for gallery-advanced-number-format
shifter [info] shifted lang for gallery-advanced-number-format
shifter [info] shifted lang for gallery-advanced-number-format
shifter [info] shifted lang for gallery-advanced-number-format
shifter [info] shifted lang for gallery-advanced-number-format
shifter [info] shifted lang for gallery-advanced-number-format
shifter [info] shifted lang for gallery-advanced-number-format
shifter [info] shifted lang for gallery-advanced-number-format
shifter [info] shifted lang for gallery-advanced-number-format
shifter [info] shifted lang for gallery-advanced-number-format
shifter [info] shifted lang for gallery-advanced-number-format
shifter [info] shifted lang for gallery-advanced-number-format
shifter [info] shifted lang for gallery-advanced-number-format
shifter [info] shifted lang for gallery-advanced-number-format
shifter [info] shifted lang for gallery-advanced-number-format
shifter [info] shifted lang for gallery-advanced-number-format
shifter [info] shifted lang for gallery-advanced-number-format
shifter [info] shifted lang for gallery-advanced-number-format
shifter [info] shifted lang for gallery-advanced-number-format
shifter [info] shifted lang for gallery-advanced-number-format
shifter [info] shifted lang for gallery-advanced-number-format
shifter [info] shifted lang for gallery-advanced-number-format
shifter [info] shifted lang for gallery-advanced-number-format
shifter [info] shifted lang for gallery-advanced-number-format
shifter [info] shifted lang for gallery-advanced-number-format
shifter [info] shifted lang for gallery-advanced-number-format
shifter [info] shifted lang for gallery-advanced-number-format
shifter [info] shifted lang for gallery-advanced-number-format
shifter [info] shifted lang for gallery-advanced-number-format
shifter [info] shifted lang for gallery-advanced-number-format
shifter [info] shifted lang for gallery-advanced-number-format
shifter [info] shifted lang for gallery-advanced-number-format
shifter [info] shifted lang for gallery-advanced-number-format
shifter [info] shifted lang for gallery-advanced-number-format
shifter [info] shifted lang for gallery-advanced-number-format
shifter [info] shifted lang for gallery-advanced-number-format
shifter [info] shifted lang for gallery-advanced-number-format
shifter [info] shifted lang for gallery-advanced-number-format
shifter [info] shifted lang for gallery-advanced-number-format
shifter [info] shifted lang for gallery-advanced-number-format
shifter [info] shifted lang for gallery-advanced-number-format
shifter [info] shifted lang for gallery-advanced-number-format
shifter [info] shifted lang for gallery-advanced-number-format
shifter [info] shifted lang for gallery-advanced-number-format
shifter [info] shifted lang for gallery-advanced-number-format
shifter [info] shifted lang for gallery-advanced-number-format
shifter [info] shifted lang for gallery-advanced-number-format
shifter [info] shifted lang for gallery-advanced-number-format
shifter [info] shifted lang for gallery-advanced-number-format
shifter [info] shifted lang for gallery-advanced-number-format
shifter [info] shifted lang for gallery-advanced-number-format
shifter [info] shifted lang for gallery-advanced-number-format
shifter [info] shifted lang for gallery-advanced-number-format
shifter [info] shifted lang for gallery-advanced-number-format
shifter [info] shifted lang for gallery-advanced-number-format
shifter [info] shifted lang for gallery-advanced-number-format
shifter [info] shifted lang for gallery-advanced-number-format
shifter [info] shifted lang for gallery-advanced-number-format
shifter [info] shifted lang for gallery-advanced-number-format
shifter [info] shifted lang for gallery-advanced-number-format
shifter [info] shifted lang for gallery-advanced-number-format
shifter [info] shifted lang for gallery-advanced-number-format
shifter [info] shifted lang for gallery-advanced-number-format
shifter [info] shifted lang for gallery-advanced-number-format
shifter [info] shifted lang for gallery-advanced-number-format
shifter [info] shifted lang for gallery-advanced-number-format
shifter [info] shifted lang for gallery-advanced-number-format
shifter [info] shifted lang for gallery-advanced-number-format
shifter [info] shifted lang for gallery-advanced-number-format
shifter [info] shifted lang for gallery-advanced-number-format
shifter [info] shifted lang for gallery-advanced-number-format
shifter [info] shifted lang for gallery-advanced-number-format
shifter [info] shifted lang for gallery-advanced-number-format
shifter [info] shifted lang for gallery-advanced-number-format
shifter [info] shifted lang for gallery-advanced-number-format
shifter [info] shifted lang for gallery-advanced-number-format
shifter [info] shifted lang for gallery-advanced-number-format
shifter [info] shifted lang for gallery-advanced-number-format
shifter [info] shifted lang for gallery-advanced-number-format
shifter [info] shifted lang for gallery-advanced-number-format
shifter [info] shifted lang for gallery-advanced-number-format
shifter [info] shifted lang for gallery-advanced-number-format
shifter [info] shifted lang for gallery-advanced-number-format
shifter [info] shifted lang for gallery-advanced-number-format
shifter [info] shifted lang for gallery-advanced-number-format
shifter [info] shifted lang for gallery-advanced-number-format
shifter [info] shifted lang for gallery-advanced-number-format
shifter [info] shifted lang for gallery-advanced-number-format
shifter [info] shifted lang for gallery-advanced-number-format
shifter [info] shifted lang for gallery-advanced-number-format
shifter [info] shifted lang for gallery-advanced-number-format
shifter [info] shifted lang for gallery-advanced-number-format
shifter [info] shifted lang for gallery-advanced-number-format
shifter [info] shifted lang for gallery-advanced-number-format
shifter [info] shifted lang for gallery-advanced-number-format
shifter [info] shifted lang for gallery-advanced-number-format
shifter [info] shifted lang for gallery-advanced-number-format
shifter [info] shifted lang for gallery-advanced-number-format
shifter [info] shifted lang for gallery-advanced-number-format
shifter [info] shifted lang for gallery-advanced-number-format
shifter [info] shifted lang for gallery-advanced-number-format
shifter [info] shifted lang for gallery-advanced-number-format
shifter [info] shifted lang for gallery-advanced-number-format
shifter [info] shifted lang for gallery-advanced-number-format
shifter [info] shifted lang for gallery-advanced-number-format
shifter [info] shifted lang for gallery-advanced-number-format
shifter [info] shifted lang for gallery-advanced-number-format
shifter [info] shifted lang for gallery-advanced-number-format
shifter [info] shifted lang for gallery-advanced-number-format
shifter [info] shifted lang for gallery-advanced-number-format
shifter [info] shifted lang for gallery-advanced-number-format
shifter [info] shifted lang for gallery-advanced-number-format
shifter [info] shifted lang for gallery-advanced-number-format
shifter [info] shifted lang for gallery-advanced-number-format
shifter [info] shifted lang for gallery-advanced-number-format
shifter [info] shifted lang for gallery-advanced-number-format
shifter [info] shifted lang for gallery-advanced-number-format
shifter [info] shifted lang for gallery-advanced-number-format
shifter [info] shifted lang for gallery-advanced-number-format
shifter [info] shifted lang for gallery-advanced-number-format
shifter [info] shifted lang for gallery-advanced-number-format
shifter [info] shifted lang for gallery-advanced-number-format
shifter [info] shifted lang for gallery-advanced-number-format
shifter [info] shifted lang for gallery-advanced-number-format
shifter [info] shifted lang for gallery-advanced-number-format
shifter [info] shifted lang for gallery-advanced-number-format
shifter [info] shifted lang for gallery-advanced-number-format
shifter [info] shifted lang for gallery-advanced-number-format
shifter [info] shifted lang for gallery-advanced-number-format
shifter [info] shifted lang for gallery-advanced-number-format
shifter [info] shifted lang for gallery-advanced-number-format
shifter [info] shifted lang for gallery-advanced-number-format
shifter [info] shifted lang for gallery-advanced-number-format
shifter [info] shifted lang for gallery-advanced-number-format
shifter [info] shifted lang for gallery-advanced-number-format
shifter [info] shifted lang for gallery-advanced-number-format
shifter [info] shifted lang for gallery-advanced-number-format
shifter [info] shifted lang for gallery-advanced-number-format
shifter [info] shifted lang for gallery-advanced-number-format
shifter [info] shifted lang for gallery-advanced-number-format
shifter [info] shifted lang for gallery-advanced-number-format
shifter [info] shifted lang for gallery-advanced-number-format
shifter [info] shifted lang for gallery-advanced-number-format
shifter [info] shifted lang for gallery-advanced-number-format
shifter [info] shifted lang for gallery-advanced-number-format
shifter [info] shifted lang for gallery-advanced-number-format
shifter [info] shifted lang for gallery-advanced-number-format
shifter [info] shifted lang for gallery-advanced-number-format
shifter [info] shifted lang for gallery-advanced-number-format
shifter [info] shifted lang for gallery-advanced-number-format
shifter [info] shifted lang for gallery-advanced-number-format
shifter [info] shifted lang for gallery-advanced-number-format
shifter [info] shifted lang for gallery-advanced-number-format
shifter [info] shifted lang for gallery-advanced-number-format
shifter [info] shifted lang for gallery-advanced-number-format
shifter [info] shifted lang for gallery-advanced-number-format
shifter [info] shifted lang for gallery-advanced-number-format
shifter [info] done racing, the gears are toast
shifter [info] finished in 18.258 seconds, pretty fast huh?
[35myogi[0m [37m[[0m[37minfo[0m[37m][0m  build complete
[35myogi[0m [37m[[0m[37minfo[0m[37m][0m  testing module now
[35myogi[0m [37m[[0m[37minfo[0m[37m][0m  prepping grover tests
[35myogi[0m [37m[[0m[37minfo[0m[37m][0m  adding tests route
[35myogi[0m [37m[[0m[37minfo[0m[37m][0m  turning on coverage support in grover
[35myogi[0m [37m[[0m[37minfo[0m[37m][0m  launching xdr server on port 5001
[35myogi[0m [37m[[0m[37minfo[0m[37m][0m  listening on: http://127.0.0.1:5000
Starting Grover on 1 files with PhantomJS@1.8.1
  Running 15 concurrent tests at a time.
  Using a 120 second timeout per test.
✔ [gallery-advanced-number-format]: Passed: 6 Failed: 0 Total: 6 (ignored 0) (0.073 seconds) 83%
Writing files in JSON format to: /src/gallery-advanced-number-format/logs/tests.json

----------------------------------------+-----------+-----------+-----------+-----------+
File                                    |   % Stmts |% Branches |   % Funcs |   % Lines |
----------------------------------------+-----------+-----------+-----------+-----------+
   gallery-advanced-number-format/      |     81.33 |     70.05 |     77.42 |     83.28 |
      gallery-advanced-number-format.js |     81.33 |     70.05 |     77.42 |     83.28 |
----------------------------------------+-----------+-----------+-----------+-----------+
All files                               |     81.33 |     70.05 |     77.42 |     83.28 |
----------------------------------------+-----------+-----------+-----------+-----------+


=============================== Coverage summary ===============================
Statements   : 81.33% ( 270/332 )
Branches     : 70.05% ( 145/207 )
Functions    : 77.42% ( 24/31 )
Lines        : 83.28% ( 264/317 )
================================================================================
----------------------------------------------------------------
✔ [Total]: Passed: 6 Failed: 0 Total: 6 (ignored 0) (0.073 seconds)
  [Grover Execution Timer] 2.141 seconds
[35myogi[0m [37m[[0m[37minfo[0m[37m][0m  [32mgrover tests complete[0m
