[35myogi[0m [37m[[0m[37minfo[0m[37m][0m  using yogi@0.0.66 on node@0.8.18
[35myogi[0m [37m[[0m[37minfo[0m[37m][0m  using module: gallery-md-accordion
[35myogi[0m [37m[[0m[37minfo[0m[37m][0m  running with shifter
shifter [info] racing to find the closest .shifter.json file
shifter [info] revving up
shifter [info] looking for build.json file
shifter [info] found build.json file, shifting
shifter [info] putting the hammer down, let's build this thing!
shifter [info] munging in loader meta data into build.json
shifter [info] putting the hammer down
shifter [info] shifting into gear for gallery-md-accordion
shifter [queu] file has changed, continuing build
shifter [queu] writing RAW file
shifter [queu] compressing gallery-md-accordion/gallery-md-accordion.js with UglifyJS
shifter [queu] writing -min file
shifter [info] shifting for coverage
shifter [info] shifting skin for gallery-md-accordion
shifter [queu] coverage file read, starting coverage for: gallery-md-accordion/gallery-md-accordion.js
shifter [info] istanbul providing coverage
shifter [queu] instrumenting with istanbul
shifter [queu] copying assets to skin for sam
shifter [queu] writing coverage file to gallery-md-accordion/gallery-md-accordion-coverage.js
   #1: [warning] Background image 'sprite.png' was used multiple times, first declared at line 42, col 2.
       background: url(sprite.png ) transparent no-repeat center top; // line 50, pos 5
   #2: [warning] Property with underscore prefix found.
       _background-position: center -27px; // line 55, pos 5
   #3: [warning] Property with underscore prefix found.
       _background-position: center -177px; // line 63, pos 5
   #4: [warning] Property with underscore prefix found.
       _background-position: center -117px; // line 67, pos 5
   #5: [warning] Property with underscore prefix found.
       _background-position: center -237px; // line 83, pos 5
   #6: [warning] Property with underscore prefix found.
       _background-position: center -263px; // line 88, pos 5
shifter [queu] writing skin file with core wrapper
shifter [queu] writing skin file without core wrapper
shifter [info] done racing, the gears are toast
shifter [info] finished in 0.188 seconds, pretty fast huh?
[35myogi[0m [37m[[0m[37minfo[0m[37m][0m  build complete
[35myogi[0m [37m[[0m[37minfo[0m[37m][0m  testing module now
[35myogi[0m [37m[[0m[37minfo[0m[37m][0m  prepping grover tests
[35myogi[0m [37m[[0m[31mbail[0m[37m][0m seems this module does not have tests, you should add some :)
