[35myogi[0m [37m[[0m[37minfo[0m[37m][0m  using yogi@0.1.11 on node@0.10.15
[35myogi[0m [37m[[0m[37minfo[0m[37m][0m  using module: gallery-nav-assist
[35myogi[0m [37m[[0m[37minfo[0m[37m][0m  running with shifter
shifter [info] racing to find the closest .shifter.json file
shifter [info] revving up
shifter [info] looking for build.json file
shifter [info] found build.json file, shifting
shifter [info] putting the hammer down, let's build this thing!
shifter [info] munging in loader meta data into build.json
shifter [info] putting the hammer down
shifter [info] shifting into gear for gallery-nav-assist
   #1: 'config' is defined but never used.
       NAVASSIST = function (config) { // line 47, pos 33
   #2: 'cfg' is defined but never used.
       initializer: function (cfg) { // line 131, pos 35
   #3: 'e' is defined but never used.
       Y.one('body').on("key", function (e) { // line 141, pos 48
   #4: 'e' is defined but never used.
       Y.one('body').on("key", function (e) { // line 145, pos 48
   #5: 'e' is defined but never used.
       Y.one('body').on("key", function (e) { // line 149, pos 48
   #6: 'e' is defined but never used.
       Y.ContainerSubscr.next = parent.on("key", function (e) { // line 336, pos 66
   #7: 'e' is defined but never used.
       Y.ContainerSubscr.prev = parent.on("key", function (e) { // line 341, pos 66
   #8: 'parent' is defined but never used.
       childrenObj.each(function (child, i, parent) { // line 478, pos 56
   #9: 'parent' is defined but never used.
       link.each(function (child, i, parent) { // line 933, pos 49
   #10: 'Y' is defined but never used.
       /*global Y */ // line 3, pos 9
   #1: [warning] Use of !important
       color: #666 !important; // line 17, pos 5
   #2: [warning] Use of !important
       display: inline !important; // line 18, pos 5
   #3: [warning] Use of !important
       font: 20px arial, sans-serif !important; // line 19, pos 5
   #4: [warning] Use of !important
       left: -25px !important; // line 20, pos 5
   #5: [warning] Use of !important
       position: absolute !important; // line 21, pos 5
   #6: [warning] Use of !important
       top: 2px !important; // line 22, pos 5
   #7: [warning] Use of !important
       z-index: 2 !important; // line 23, pos 5
   #8: [warning] The property -moz-transition is compatible with -webkit-transition and should be included as well.
       -webkit-transition:opacity 5.7s ease-out; // line 28, pos 5
   #9: [warning] The property -o-transition is compatible with -webkit-transition and should be included as well.
       -webkit-transition:opacity 5.7s ease-out; // line 28, pos 5
shifter [queu] writing RAW file
shifter [queu] compressing gallery-nav-assist/gallery-nav-assist.js with UglifyJS
shifter [queu] writing -min file
shifter [info] shifting for coverage
shifter [queu] coverage file read, starting coverage for: gallery-nav-assist/gallery-nav-assist.js
shifter [info] istanbul providing coverage
shifter [queu] instrumenting with istanbul
shifter [queu] writing coverage file to gallery-nav-assist/gallery-nav-assist-coverage.js
shifter [info] done racing, the gears are toast
shifter [info] finished in 0.4 seconds, pretty fast huh?
[35myogi[0m [37m[[0m[37minfo[0m[37m][0m  build complete
[35myogi[0m [37m[[0m[37minfo[0m[37m][0m  testing module now
[35myogi[0m [37m[[0m[37minfo[0m[37m][0m  prepping grover tests
[35myogi[0m [37m[[0m[37minfo[0m[37m][0m  adding tests route
[35myogi[0m [37m[[0m[37minfo[0m[37m][0m  launching xdr server on port 5001
[35myogi[0m [37m[[0m[37minfo[0m[37m][0m  listening on: http://127.0.0.1:5000
[35myogi[0m [37m[[0m[37minfo[0m[37m][0m  turning on coverage support in grover
Starting Grover on 1 files with PhantomJS@1.9.0
  Running 15 concurrent tests at a time.
  Using a 120 second timeout per test.
✖ [http://127.0.0.1:5000/tests/src/gallery-nav-assist/tests/unit/index.html?filter=coverage]: Passed: 0 Failed: 1 Total: 1 (ignored 0)
    Javascript Error
       SyntaxError: Parse error
Writing files in JSON format to: /src/gallery-nav-assist/logs/tests.json
[35myogi[0m [37m[[0m[31mbail[0m[37m][0m grover returned a failure
