[35myogi[0m [37m[[0m[37minfo[0m[37m][0m  using yogi@0.1.6 on node@0.8.22
[35myogi[0m [37m[[0m[37minfo[0m[37m][0m  using module: gallery-itsadatetimepicker
[35myogi[0m [37m[[0m[37minfo[0m[37m][0m  running with shifter
shifter [info] racing to find the closest .shifter.json file
shifter [info] revving up
shifter [info] looking for build.json file
shifter [info] found build.json file, shifting
shifter [info] putting the hammer down, let's build this thing!
shifter [info] munging in loader meta data into build.json
shifter [info] putting the hammer down
shifter [info] shifting into gear for gallery-itsadatetimepicker
shifter [queu] file has changed, continuing build
shifter [queu] writing RAW file
shifter [queu] compressing gallery-itsadatetimepicker/gallery-itsadatetimepicker.js with UglifyJS
shifter [queu] writing -min file
shifter [info] shifting for coverage
shifter [info] shifting skin for gallery-itsadatetimepicker
shifter [info] found a subskin, shifting for gallery-itsadatetimepicker
shifter [queu] coverage file read, starting coverage for: gallery-itsadatetimepicker/gallery-itsadatetimepicker.js
shifter [info] istanbul providing coverage
shifter [queu] instrumenting with istanbul
shifter [queu] writing coverage file to gallery-itsadatetimepicker/gallery-itsadatetimepicker-coverage.js
shifter [queu] copying assets to skin for sam
   #1: [warning] Don't use adjoining classes.
       .yui3-button.yui3-button-close.itsa-datetimepicker-unclosable { // line 5, pos 1
   #2: [warning] Don't use adjoining classes.
       .yui3-button.yui3-button-close.itsa-datetimepicker-unclosable { // line 5, pos 1
   #3: [warning] Duplicate property 'display' found.
       display: inline-block; // line 24, pos 5
   #4: [warning] Property with star prefix found.
       *background-image: url('datetime.png'); // line 26, pos 5
   #5: [warning] Don't use adjoining classes.
       .yui3-button.itsa-button-datetime { // line 37, pos 1
   #6: [warning] Outlines shouldn't be hidden unless other visual changes are made.
       .itsa-datetimepicker-panel:focus { // line 41, pos 1
   #7: [warning] Don't use adjoining classes.
       .yui3-skin-sam .yui3-panel.itsa-datetimepicker-panel .yui3-widget-bd { // line 45, pos 16
   #8: [warning] Don't use IDs in selectors.
       #itsa-datetimepicker-timepicker .yui3-dial-value-string { // line 49, pos 1
   #9: [warning] Don't use IDs in selectors.
       #itsa-datetimepicker-timepicker .yui3-dial-label { // line 53, pos 1
   #10: [warning] Don't use IDs in selectors.
       #itsa-datetimepicker-datepicker { // line 61, pos 1
   #11: [warning] Don't use IDs in selectors.
       #itsa-datetimepicker-datepicker .yui3-calendar { // line 65, pos 1
   #12: [warning] Don't use IDs in selectors.
       #itsa-datetimepicker-timepicker { // line 69, pos 1
   #13: [warning] Don't use IDs in selectors.
       #itsa-datetimepicker-timepicker .yui3-dial { // line 73, pos 1
   #14: [warning] The property -webkit-box-sizing is compatible with -moz-box-sizing and should be included as well.
       -moz-box-sizing: border-box; // line 82, pos 4
   #15: [warning] Missing standard property 'box-sizing' to go along with '-moz-box-sizing'.
       -moz-box-sizing: border-box; // line 82, pos 4
shifter [queu] writing skin file with core wrapper
shifter [queu] writing skin file without core wrapper
shifter [info] done racing, the gears are toast
shifter [info] finished in 0.48 seconds, pretty fast huh?
[35myogi[0m [37m[[0m[37minfo[0m[37m][0m  build complete
[35myogi[0m [37m[[0m[37minfo[0m[37m][0m  testing module now
[35myogi[0m [37m[[0m[37minfo[0m[37m][0m  prepping grover tests
[35myogi[0m [37m[[0m[37minfo[0m[37m][0m  adding tests route
[35myogi[0m [37m[[0m[37minfo[0m[37m][0m  turning on coverage support in grover
[35myogi[0m [37m[[0m[37minfo[0m[37m][0m  launching xdr server on port 5001
[35myogi[0m [37m[[0m[37minfo[0m[37m][0m  listening on: http://127.0.0.1:5000
Starting Grover on 1 files with PhantomJS@1.8.1
  Running 15 concurrent tests at a time.
  Using a 120 second timeout per test.
✖ [gallery-itsadatetimepicker]: Passed: 0 Failed: 1 Total: 1 (ignored 0) (0.006 seconds)
    test is empty
       No Tests Provided For This Module
Writing files in JSON format to: /src/gallery-itsadatetimepicker/logs/tests.json
[35myogi[0m [37m[[0m[31mbail[0m[37m][0m grover returned a failure
