[35myogi[0m [37m[[0m[37minfo[0m[37m][0m  using yogi@0.0.55 on node@0.8.15
[35myogi[0m [37m[[0m[37minfo[0m[37m][0m  using module: gallery-node-autogrow
[35myogi[0m [37m[[0m[37minfo[0m[37m][0m  prepping grover tests
[35myogi[0m [37m[[0m[37minfo[0m[37m][0m  adding tests route
[35myogi[0m [37m[[0m[37minfo[0m[37m][0m  listening on: http://127.0.0.1:5000
[35myogi[0m [37m[[0m[37minfo[0m[37m][0m  turning on coverage support in grover
Starting Grover on 1 files with PhantomJS@1.7.0
  Running 15 concurrent tests at a time.
  Using a 120 second timeout per test.
âœ” [gallery-node-autogrow]: Passed: 3 Failed: 0 Total: 3 (ignored 0) (0.037 seconds)
Writing files in JSON format to: /src/gallery-node-autogrow/logs/tests.json
â”â”â”â”â”â”â”â”â”â”â”³â”â”â”â”â”â”â”â”â”â”³â”â”â”â”â”â”â”â”â”³â”â”â”â”â”â”â”â”â”â”â”â”â”â”³â”â”â”â”â”â”â”â”â”“
â”ƒ[34m  path   [39mâ”ƒ[34m  lines  [39mâ”ƒ[34m     %  [39mâ”ƒ[34m  functions  [39mâ”ƒ[34m     %  [39mâ”ƒ
â”£â”â”â”â”â”â”â”â”â”â•‹â”â”â”â”â”â”â”â”â”â•‹â”â”â”â”â”â”â”â”â•‹â”â”â”â”â”â”â”â”â”â”â”â”â”â•‹â”â”â”â”â”â”â”â”â”«
â”ƒ  total  â”ƒ    0/0  â”ƒ  NaN%  â”ƒ        0/0  â”ƒ  NaN%  â”ƒ
â”—â”â”â”â”â”â”â”â”â”â”»â”â”â”â”â”â”â”â”â”â”»â”â”â”â”â”â”â”â”â”»â”â”â”â”â”â”â”â”â”â”â”â”â”â”»â”â”â”â”â”â”â”â”â”›
----------------------------------------------------------------
âœ” [Total]: Passed: 3 Failed: 0 Total: 3 (ignored 0) (0.037 seconds)
  [Grover Execution Timer] 26.435 seconds
[35myogi[0m [37m[[0m[37minfo[0m[37m][0m  [32mgrover tests complete[0m
