[35myogi[0m [37m[[0m[37minfo[0m[37m][0m  using yogi@0.1.9 on node@0.8.22
[35myogi[0m [37m[[0m[37minfo[0m[37m][0m  using module: gallery-scrollview-touch
[35myogi[0m [37m[[0m[37minfo[0m[37m][0m  running with shifter
shifter [info] racing to find the closest .shifter.json file
shifter [info] revving up
shifter [info] looking for build.json file
shifter [info] found build.json file, shifting
shifter [info] putting the hammer down, let's build this thing!
shifter [info] munging in loader meta data into build.json
shifter [info] putting the hammer down
shifter [info] shifting into gear for gallery-scrollview-touch
   #1: Missing semicolon.
       } // line 143, pos 6
shifter [queu] writing RAW file
shifter [queu] compressing gallery-scrollview-touch/gallery-scrollview-touch.js with UglifyJS
shifter [queu] writing -min file
shifter [info] shifting for coverage
shifter [queu] coverage file read, starting coverage for: gallery-scrollview-touch/gallery-scrollview-touch.js
shifter [info] istanbul providing coverage
shifter [queu] instrumenting with istanbul
shifter [queu] writing coverage file to gallery-scrollview-touch/gallery-scrollview-touch-coverage.js
shifter [info] done racing, the gears are toast
shifter [info] finished in 0.106 seconds, pretty fast huh?
[35myogi[0m [37m[[0m[37minfo[0m[37m][0m  build complete
[35myogi[0m [37m[[0m[37minfo[0m[37m][0m  testing module now
[35myogi[0m [37m[[0m[37minfo[0m[37m][0m  prepping grover tests
[35myogi[0m [37m[[0m[37minfo[0m[37m][0m  adding tests route
[35myogi[0m [37m[[0m[37minfo[0m[37m][0m  turning on coverage support in grover
[35myogi[0m [37m[[0m[37minfo[0m[37m][0m  launching xdr server on port 5001
[35myogi[0m [37m[[0m[37minfo[0m[37m][0m  listening on: http://127.0.0.1:5000
Starting Grover on 1 files with PhantomJS@1.7.0
  Running 15 concurrent tests at a time.
  Using a 120 second timeout per test.
✖ [Unit Tests]: Passed: 0 Failed: 4 Total: 4 (ignored 0) (0.053 seconds)
    should have specified width, and height unchanged, after rendering on X axis
       Unexpected error: 'undefined' is not a constructor (evaluating 'new Y.ScrollViewTouch(config)')
    should have specified height, and width unchanged, after rendering on Y axis
       Unexpected error: 'undefined' is not a constructor (evaluating 'new Y.ScrollViewTouch(config)')
    touchmove should move scroll position, for X axis
       Unexpected error: 'undefined' is not a constructor (evaluating 'new Y.ScrollViewTouch(config)')
    touchmove should move scroll position, for Y axis
       Unexpected error: 'undefined' is not a constructor (evaluating 'new Y.ScrollViewTouch(config)')
Writing files in JSON format to: /src/gallery-scrollview-touch/logs/tests.json
[35myogi[0m [37m[[0m[31mbail[0m[37m][0m grover returned a failure
